MCS ordering: 513 1781 1777 1773 1769 1765 1761 1757 1753 1749 1745 1741 1737 1733 1729 1725 1721 1717 1713 1709 1705 1701 1697 1693 1689 1685 1681 1677 1673 1669 1665 1661 1657 1653 1649 1645 1641 1637 1633 1629 1625 1621 1617 1613 1609 1605 1601 1597 1593 1589 1585 1581 1577 1573 1569 1565 1561 1557 1553 1549 1545 1541 1537 1533 1529 1525 1521 1517 1513 1509 1505 1501 1497 1493 1489 1485 1481 1477 1473 1469 1465 1461 1457 1453 1449 1445 1441 1437 1433 1429 1425 1421 1417 1413 1409 1405 1401 1397 1393 1389 1385 1381 1377 1373 1369 1365 1361 1357 1353 1349 1345 1341 1337 1333 1329 1325 1321 1317 1313 1309 1305 1301 1297 1293 1289 1285 1279 1273 800 1871 1870 1869 1868 1867 1866 1865 1864 1863 1862 1861 1860 1859 1858 1857 1856 1855 1854 1853 1852 1851 1850 1849 1848 1847 1846 1845 1844 1843 1842 1841 1840 1839 1838 1837 1836 1835 1834 1833 1832 1831 1830 1829 1828 1827 1826 1825 1824 1823 1822 1821 1820 1819 1818 1817 1816 1815 1814 1813 1812 1811 1810 1809 1808 1807 1806 1805 1804 1803 1802 1801 1800 1799 1798 1797 1796 1795 1794 1793 1792 1791 1790 1789 1788 1783 1784 1780 1782 1776 1778 1772 1774 1768 1770 1764 1766 1760 1762 1756 1758 1752 1754 1748 1750 1744 1746 1740 1742 1736 1738 1732 1734 1728 1730 1724 1726 1720 1722 1716 1718 1712 1714 1708 1710 1704 1706 1700 1702 1696 1698 1692 1694 1688 1690 1684 1686 1680 1682 1676 1678 1672 1674 1668 1670 1664 1666 1660 1662 1656 1658 1652 1654 1648 1650 1644 1646 1640 1642 1636 1638 1632 1634 1628 1630 1624 1626 1620 1622 1616 1618 1612 1614 1608 1610 1604 1606 1600 1602 1596 1598 1592 1594 1588 1590 1584 1586 1580 1582 1576 1578 1572 1574 1568 1570 1564 1566 1560 1562 1556 1558 1552 1554 1548 1550 1544 1546 1540 1542 1536 1538 1532 1534 1528 1530 1524 1526 1520 1522 1516 1518 1512 1514 1508 1510 1504 1506 1500 1502 1496 1498 1492 1494 1488 1490 1484 1486 1480 1482 1476 1478 1472 1474 1468 1470 1464 1466 1460 1462 1456 1458 1452 1454 1448 1450 1444 1446 1440 1442 1436 1438 1432 1434 1428 1430 1424 1426 1420 1422 1416 1418 1412 1414 1408 1410 1404 1406 1400 1402 1396 1398 1392 1394 1388 1390 1384 1386 1380 1382 1376 1378 1372 1374 1368 1370 1364 1366 1360 1362 1356 1358 1352 1354 1348 1350 1344 1346 1340 1342 1336 1338 1332 1334 1328 1330 1324 1326 1320 1322 1316 1318 1312 1314 1308 1310 1304 1306 1300 1302 1296 1298 1292 1294 1288 1290 1284 1286 1281 1282 509 507 505 503 501 499 497 495 493 489 487 485 483 481 477 475 473 471 469 467 465 463 461 457 455 453 431 429 425 423 421 419 417 433 413 411 409 407 405 403 401 399 397 393 391 389 387 385 435 381 379 377 375 373 371 369 367 365 361 359 229 357 227 225 353 437 221 349 219 347 217 345 215 343 213 341 211 339 209 337 207 335 205 333 321 317 315 313 311 309 85 307 83 305 81 303 301 77 297 73 201 295 71 69 67 65 193 445 131 289 133 285 61 189 283 59 187 281 57 185 279 55 183 277 53 181 275 51 1278 179 25 329 23 327 21 325 19 323 17 249 15 153 231 293 451 137 163 89 37 241 7 145 247 13 97 147 45 199 547 259 93 143 151 41 79 355 233 197 257 239 87 35 243 9 99 149 47 245 49 91 141 39 237 155 27 251 157 29 253 291 449 135 161 195 33 165 261 167 263 169 265 173 269 175 271 177 273 101 103 105 109 111 113 115 117 119 121 123 125 439 441 443 129 550 552 554 556 558 560 562 564 566 568 570 572 574 576 578 580 582 584 586 588 590 592 594 596 598 600 602 604 606 608 610 612 614 616 618 620 622 624 626 628 630 632 634 636 638 640 642 644 646 648 650 652 654 656 658 660 662 664 666 668 670 672 674 676 678 680 682 684 686 688 690 692 694 696 698 700 702 704 706 708 710 712 714 716 718 720 722 724 726 728 730 732 734 736 738 740 742 744 746 748 750 752 754 756 758 760 762 764 766 768 770 772 774 776 778 780 782 784 786 788 790 792 794 796 798 1787 1779 1775 1771 1767 1763 1759 1755 1751 1747 1743 1739 1735 1731 1727 1723 1719 1715 1711 1707 1703 1699 1695 1691 1687 1683 1679 1675 1671 1667 1663 1659 1655 1651 1647 1643 1639 1635 1631 1627 1623 1619 1615 1611 1607 1603 1599 1595 1591 1587 1583 1579 1575 1571 1567 1563 1559 1555 1551 1547 1543 1539 1535 1531 1527 1523 1519 1515 1511 1507 1503 1499 1495 1491 1487 1483 1479 1475 1471 1467 1463 1459 1455 1451 1447 1443 1439 1435 1431 1427 1423 1419 1415 1411 1407 1403 1399 1395 1391 1387 1383 1379 1375 1371 1367 1363 1359 1355 1351 1347 1343 1339 1335 1331 1327 1323 1319 1315 1311 1307 1303 1299 1295 1291 1287 1283 1280 512 511 491 479 459 427 415 395 383 363 223 351 203 331 319 299 75 287 447 63 191 139 95 43 6 4 235 5 11 159 31 255 171 267 107 127 548 549 551 553 555 557 559 561 563 565 567 569 571 573 575 577 579 581 583 585 587 589 591 593 595 597 599 601 603 605 607 609 611 613 615 617 619 621 623 625 627 629 631 633 635 637 639 641 1271 1270 1268 1266 1264 1262 1260 1258 1256 1254 1252 1251 1249 1247 1245 1243 1241 1240 1238 1236 1234 1232 1230 1228 1226 1224 1222 1221 1219 1217 1215 1213 1211 1210 1208 1206 1204 1202 1200 1198 1196 1194 1192 1191 1189 1187 1185 1183 1181 1180 1178 1176 1174 1172 1170 1168 1166 1164 1162 1161 1159 1157 1155 1153 1151 1150 1148 1146 1144 1142 1140 1138 1136 1134 1132 1131 1129 1127 1125 1123 1121 1120 1118 1116 1114 1112 1110 1108 1106 1104 1102 1101 1099 1097 1095 643 1093 1091 645 1090 1088 647 1086 1084 649 1082 1080 651 1078 1076 653 1074 1072 655 1071 1069 657 1067 1065 659 1063 1061 661 1060 1058 663 1056 1054 665 1052 1050 667 1048 1046 669 1044 1042 671 1041 1039 673 1037 1035 675 1033 1031 677 1030 1028 679 1026 1024 681 1022 1020 683 1018 1016 685 1014 1012 687 1011 1009 689 1007 1005 691 1003 1001 693 1000 998 695 996 994 697 992 990 699 988 986 701 984 982 703 981 979 705 977 975 707 973 971 709 970 968 711 966 964 713 962 960 715 958 956 717 954 952 719 951 949 721 947 945 723 943 941 725 940 938 727 936 934 729 932 930 731 928 926 733 924 922 735 921 919 737 917 915 739 913 911 741 910 908 743 906 904 745 902 900 747 898 896 749 894 892 751 891 889 753 887 885 755 883 881 757 880 878 759 876 874 761 872 870 763 868 866 765 864 862 767 861 859 769 857 855 771 853 851 773 850 848 775 846 844 777 842 840 779 838 836 781 834 832 783 831 829 785 827 825 787 823 821 789 820 818 791 816 814 793 812 810 795 808 806 797 804 802 801 1274 2271 530 2270 529 2269 528 2268 527 2267 526 2266 525 2265 524 523 522 2262 521 2261 520 2260 519 2259 518 2258 517 2257 516 2256 515 2255 514 2254 2253 510 2250 2249 2248 2247 2246 2245 2244 2243 2242 2241 2240 2239 2238 2237 2236 2235 2234 2233 490 2230 2229 2228 2227 2226 2225 2224 2223 2222 2221 478 2218 2217 2216 2215 2214 2213 2212 2211 2210 2209 2208 2207 2206 2205 2204 2203 2202 2201 458 2198 2197 2196 2195 2194 2172 2171 2170 2169 2173 426 2166 2165 2164 2163 2162 2161 2160 2159 2158 2157 2174 414 2154 2153 2152 2151 2150 2149 2148 2147 2146 2145 2144 2143 2142 2141 2140 2139 2138 2137 2175 394 2134 2133 2132 2131 2130 2129 2128 2127 2126 2125 2176 382 2122 2121 2120 2119 2118 2117 2116 2115 2114 2113 2112 2111 2110 2109 2108 2107 2106 2105 2177 531 2272 362 2102 2100 1971 2099 1970 2098 1969 2097 1968 1967 2095 1966 2094 1965 2093 2178 532 2273 222 350 1962 2090 1961 2089 1960 2088 1959 2087 1958 2086 1957 2085 1956 2084 1955 2083 1954 2082 1953 2081 1952 2080 1951 2079 1950 2078 1949 2077 1948 2076 1947 2075 1946 2074 1945 2073 2179 533 2274 202 330 2063 2062 2061 318 2058 2057 2056 2055 2054 2053 2052 2051 2050 2049 2048 2047 2046 2045 2044 2043 2042 2041 298 74 2038 2037 1942 2036 1941 446 541 2282 1873 2029 1934 2186 540 2281 1872 1933 2030 1935 542 286 62 2026 190 2025 1930 2024 1929 2023 1928 2022 1927 2021 1926 2020 1925 2019 1924 2018 1923 2017 1922 2016 1921 2101 2015 1920 2070 2069 2068 2067 2066 2065 2064 1990 1895 1989 1894 1972 1877 2034 1939 2192 2287 1878 1999 1904 234 1982 1887 1981 1886 1988 1893 1983 1888 2035 1940 2193 2288 138 2000 1905 1979 1884 1892 2096 1881 1974 2033 1938 2191 545 2286 1998 1903 94 1980 1885 42 1973 1984 1889 1985 1890 10 1986 1891 1987 1977 1882 1978 1883 1991 1896 1992 1897 1993 1898 1994 158 30 254 2032 1937 2190 544 2285 1876 1997 1902 1901 2031 1936 2189 543 1875 2001 1906 2002 1907 2003 1908 2004 1909 2005 1910 2006 170 266 1913 2009 1914 2010 1915 2011 1916 2012 1917 2013 1918 2014 1919 106 2185 539 2280 2180 534 2275 126 2181 535 2276 2182 536 2277 2184 538 2279 2183 537 2278 2289 2290 2291 2292 2293 2294 2297 2298 2299 2300 2301 2302 2303 2304 2305 2306 2307 2308 2309 2310 2311 2312 2313 2314 2317 2318 2319 2320 2321 2322 2323 2324 2325 2326 2329 2330 2331 2332 2333 2334 2335 2336 2337 2338 2339 2340 2341 2342 2343 2344 2345 2346 2349 2350 2351 2352 2353 2354 2355 2356 2357 2358 2361 2362 2363 2364 2365 2366 2367 2368 2369 2370 2371 2372 2373 2374 2375 2376 2377 2378 1786 1785 1277 1275 1276 1272 1269 1267 1265 1263 1261 1259 1257 1255 1253 1250 1248 1246 1244 1242 1239 1237 1235 1233 1231 1229 1227 1225 1223 1220 1218 1216 1214 1212 1209 1207 1205 1203 1201 1199 1197 1195 1193 1190 1188 1186 2264 2263 2252 2251 508 506 504 502 500 498 496 494 492 2232 2231 488 486 484 482 480 2220 2219 476 474 472 470 468 466 464 462 460 2200 2199 456 454 430 428 432 2168 2167 424 422 420 418 416 2156 2155 412 410 408 406 404 402 400 398 396 434 2136 2135 392 390 388 386 384 2124 2123 380 378 376 374 372 370 368 366 364 436 2104 2103 230 358 228 356 226 354 224 352 1964 2092 1963 2091 220 348 218 346 216 344 214 342 212 340 210 338 208 336 206 334 204 332 438 1944 2072 1943 2071 322 320 2060 2059 316 314 312 310 308 306 82 304 80 302 78 300 76 2040 2039 296 72 200 70 68 66 2187 132 288 64 2028 192 194 2188 2283 2027 1932 1931 284 60 188 282 58 186 280 56 184 278 54 182 276 52 180 360 274 50 24 328 22 326 20 324 18 84 16 154 248 14 86 136 34 198 546 258 1975 1880 96 146 44 240 152 242 8 294 452 1879 164 238 46 12 90 1976 140 38 88 36 292 450 162 144 232 98 148 244 150 48 246 236 92 142 40 26 250 156 28 252 1899 1995 1900 196 256 1996 160 290 448 2284 134 32 260 166 262 168 264 1911 2007 1912 2008 172 268 174 270 176 272 178 100 102 104 444 130 108 110 112 114 116 118 120 122 124 440 128 442 2295 2296 2315 2316 2327 2328 2347 2348 2359 2360 2379 2380 2381 2382 799 803 805 807 809 811 813 815 817 819 822 824 826 828 830 833 835 837 839 841 843 845 847 849 852 854 856 858 860 863 865 867 869 871 873 875 877 879 882 884 886 888 890 893 895 897 899 901 903 905 907 909 912 914 916 918 920 923 925 927 929 931 933 935 937 939 942 944 946 948 950 953 955 957 959 961 963 965 967 969 972 974 976 978 980 983 985 987 989 991 993 995 997 999 1002 1004 1006 1008 1010 1013 1015 1017 1019 1021 1023 1025 1027 1029 1032 1034 1036 1038 1040 1043 1045 1047 1049 1051 1053 1055 1057 1059 1062 1064 1066 1068 1070 1073 1075 1077 1079 1081 1083 1085 1087 1089 1092 1094 1096 1098 1100 1103 1105 1107 1109 1111 1113 1115 1117 1119 1122 1124 1126 1128 1130 1133 1135 1137 1139 1141 1143 1145 1147 1149 1152 1154 1156 1158 1160 1163 1165 1167 1169 1171 1173 1175 1177 1179 1182 1184 2638 2637 2636 2635 2634 2633 2632 2631 2630 2629 2628 2627 2626 2625 2624 2623 2622 2621 2620 2619 2618 2617 2616 2615 2614 2613 2612 2611 2610 2609 2608 2607 2606 2605 2604 2603 2602 2601 2600 2599 2598 2597 2596 2595 2594 2593 2592 2591 2590 2589 2588 2587 2586 2585 2584 2583 2582 2581 2580 2579 2578 2577 2576 2575 2574 2573 2572 2571 2570 2569 2568 2567 2566 2565 2564 2563 2562 2561 2560 2559 2558 2557 2556 2555 2554 2553 2552 2551 2550 2549 2548 2547 2546 2545 2544 2543 2542 2541 2540 2539 2538 2537 2536 2535 2534 2533 2532 2531 2530 2529 2528 2527 2526 2525 2524 2523 2522 2521 2520 2519 2518 2517 2516 2515 2514 2513 2512 2511 2510 2509 2508 2507 2506 2505 2504 2503 2502 2501 2500 2499 2498 2497 2496 2495 2494 2493 2492 2491 2490 2489 2488 2487 2486 2485 2484 2483 2482 2481 2480 2479 2478 2477 2476 2475 2474 2473 2472 2471 2470 2469 2468 2467 2466 2465 2464 2463 2462 2461 2460 2459 2458 2457 2456 2455 2454 2453 2452 2451 2450 2449 2448 2447 2446 2445 2444 2443 2442 2441 2440 2439 2438 2437 2436 2435 2434 2433 2432 2431 2430 2429 2428 2427 2426 2425 2424 2423 2422 2421 2420 2419 2418 2417 2416 2415 2414 2413 2412 2411 2410 2409 2408 2407 2406 2405 2404 2403 2402 2401 2400 2399 2398 2397 2396 2395 2394 2393 2392 2391 2390 2389 2388 2387 2386 2385 2383 1874 2384 3 2 2639 
RESOLVING Scope: 1874 2385 2386 2387 2388 2389 2390 2391 2392 2393 2394 2395 2396 2397 2398 2399 2400 2401 2402 2403 2404 2405 2406 2407 2408 2409 2410 2411 2412 2413 2414 2415 2416 2417 2418 2419 2420 2421 2422 2423 2424 2425 2426 2427 2428 2429 2430 2431 2432 2433 2434 2435 2436 2437 2438 2439 2440 2441 2442 2443 2444 2445 2446 2447 2448 2449 2450 2451 2452 2453 2454 2455 2456 2457 2458 2459 2460 2461 2462 2463 2464 2465 2466 2467 2468 2469 2470 2471 2472 2473 2474 2475 2476 2477 2478 2479 2480 2481 2482 2483 2484 2485 2486 2487 2488 2489 2490 2491 2492 2493 2494 2495 2496 2497 2498 2499 2500 2501 2502 2503 2504 2505 2506 2507 2508 2509 2510 2511 2512 2513 2514 2515 2516 2517 2518 2519 2520 2521 2522 2523 2524 2525 2526 2527 2528 2529 2530 2531 2532 2533 2534 2535 2536 2537 2538 2539 2540 2541 2542 2543 2544 2545 2546 2547 2548 2549 2550 2551 2552 2553 2554 2555 2556 2557 2558 2559 2560 2561 2562 2563 2564 2565 2566 2567 2568 2569 2570 2571 2572 2573 2574 2575 2576 2577 2578 2579 2580 2581 2582 2583 2584 2585 2586 2587 2588 2589 2590 2591 2592 2593 2594 2595 2596 2597 2598 2599 2600 2601 2602 2603 2604 2605 2606 2607 2608 2609 2610 2611 2612 2613 2614 2615 2616 2617 2618 2619 2620 2621 2622 2623 2624 2625 2626 2627 2628 2629 2630 2631 2632 2633 2634 2635 2636 2637 2638 2 3 4 5 6 7 8 9 10 11 12 13 14 15 16 17 18 19 20 21 22 23 24 25 26 27 28 29 30 31 32 33 34 35 36 37 38 39 40 41 42 43 44 45 46 47 48 49 50 51 52 53 54 55 56 57 58 59 60 61 62 63 64 65 66 67 68 69 70 71 72 73 74 75 76 77 78 79 80 81 82 83 84 85 86 87 88 89 90 91 92 93 94 95 96 97 98 99 100 101 102 103 104 105 106 107 108 109 110 111 112 113 114 115 116 117 118 119 120 121 122 123 124 125 126 127 128 129 130 131 132 133 134 135 136 137 138 139 140 141 142 143 144 145 146 147 148 149 150 151 152 153 154 155 156 157 158 159 160 161 162 163 164 165 166 167 168 169 170 171 172 173 174 175 176 177 178 179 180 181 182 183 184 185 186 187 188 189 190 191 192 193 194 195 196 197 198 199 200 201 202 203 204 205 206 207 208 209 210 211 212 213 214 215 216 217 218 219 220 221 222 223 224 225 226 227 228 229 230 231 232 233 234 235 236 237 238 239 240 241 242 243 244 245 246 247 248 249 250 251 252 253 254 255 256 257 258 259 260 261 262 263 264 265 266 267 268 269 270 271 272 273 274 275 276 277 278 279 280 281 282 283 284 285 286 287 288 289 290 291 292 293 294 295 296 297 298 299 300 301 302 303 304 305 306 307 308 309 310 311 312 313 314 315 316 317 318 319 320 321 322 323 324 325 326 327 328 329 330 331 332 333 334 335 336 337 338 339 340 341 342 343 344 345 346 347 348 349 350 351 352 353 354 355 356 357 358 359 360 361 362 363 364 365 366 367 368 369 370 371 372 373 374 375 376 377 378 379 380 381 382 383 384 385 386 387 388 389 390 391 392 393 394 395 396 397 398 399 400 401 402 403 404 405 406 407 408 409 410 411 412 413 414 415 416 417 418 419 420 421 422 423 424 425 426 427 428 429 430 431 432 433 434 435 436 437 438 439 440 441 442 443 444 445 446 447 448 449 450 451 452 453 454 455 456 457 458 459 460 461 462 463 464 465 466 467 468 469 470 471 472 473 474 475 476 477 478 479 480 481 482 483 484 485 486 487 488 489 490 491 492 493 494 495 496 497 498 499 500 501 502 503 504 505 506 507 508 509 510 511 512 513 514 515 516 517 518 519 520 521 522 523 524 525 526 527 528 529 530 531 532 533 534 535 536 537 538 539 540 541 542 543 544 545 546 547 548 549 550 551 552 553 554 555 556 557 558 559 560 561 562 563 564 565 566 567 568 569 570 571 572 573 574 575 576 577 578 579 580 581 582 583 584 585 586 587 588 589 590 591 592 593 594 595 596 597 598 599 600 601 602 603 604 605 606 607 608 609 610 611 612 613 614 615 616 617 618 619 620 621 622 623 624 625 626 627 628 629 630 631 632 633 634 635 636 637 638 639 640 641 642 643 644 645 646 647 648 649 650 651 652 653 654 655 656 657 658 659 660 661 662 663 664 665 666 667 668 669 670 671 672 673 674 675 676 677 678 679 680 681 682 683 684 685 686 687 688 689 690 691 692 693 694 695 696 697 698 699 700 701 702 703 704 705 706 707 708 709 710 711 712 713 714 715 716 717 718 719 720 721 722 723 724 725 726 727 728 729 730 731 732 733 734 735 736 737 738 739 740 741 742 743 744 745 746 747 748 749 750 751 752 753 754 755 756 757 758 759 760 761 762 763 764 765 766 767 768 769 770 771 772 773 774 775 776 777 778 779 780 781 782 783 784 785 786 787 788 789 790 791 792 793 794 795 796 797 798 799 800 801 802 803 804 805 806 807 808 809 810 811 812 813 814 815 816 817 818 819 820 821 822 823 824 825 826 827 828 829 830 831 832 833 834 835 836 837 838 839 840 841 842 843 844 845 846 847 848 849 850 851 852 853 854 855 856 857 858 859 860 861 862 863 864 865 866 867 868 869 870 871 872 873 874 875 876 877 878 879 880 881 882 883 884 885 886 887 888 889 890 891 892 893 894 895 896 897 898 899 900 901 902 903 904 905 906 907 908 909 910 911 912 913 914 915 916 917 918 919 920 921 922 923 924 925 926 927 928 929 930 931 932 933 934 935 936 937 938 939 940 941 942 943 944 945 946 947 948 949 950 951 952 953 954 955 956 957 958 959 960 961 962 963 964 965 966 967 968 969 970 971 972 973 974 975 976 977 978 979 980 981 982 983 984 985 986 987 988 989 990 991 992 993 994 995 996 997 998 999 1000 1001 1002 1003 1004 1005 1006 1007 1008 1009 1010 1011 1012 1013 1014 1015 1016 1017 1018 1019 1020 1021 1022 1023 1024 1025 1026 1027 1028 1029 1030 1031 1032 1033 1034 1035 1036 1037 1038 1039 1040 1041 1042 1043 1044 1045 1046 1047 1048 1049 1050 1051 1052 1053 1054 1055 1056 1057 1058 1059 1060 1061 1062 1063 1064 1065 1066 1067 1068 1069 1070 1071 1072 1073 1074 1075 1076 1077 1078 1079 1080 1081 1082 1083 1084 1085 1086 1087 1088 1089 1090 1091 1092 1093 1094 1095 1096 1097 1098 1099 1100 1101 1102 1103 1104 1105 1106 1107 1108 1109 1110 1111 1112 1113 1114 1115 1116 1117 1118 1119 1120 1121 1122 1123 1124 1125 1126 1127 1128 1129 1130 1131 1132 1133 1134 1135 1136 1137 1138 1139 1140 1141 1142 1143 1144 1145 1146 1147 1148 1149 1150 1151 1152 1153 1154 1155 1156 1157 1158 1159 1160 1161 1162 1163 1164 1165 1166 1167 1168 1169 1170 1171 1172 1173 1174 1175 1176 1177 1178 1179 1180 1181 1182 1183 1184 1185 1186 1187 1188 1189 1190 1191 1192 1193 1194 1195 1196 1197 1198 1199 1200 1201 1202 1203 1204 1205 1206 1207 1208 1209 1210 1211 1212 1213 1214 1215 1216 1217 1218 1219 1220 1221 1222 1223 1224 1225 1226 1227 1228 1229 1230 1231 1232 1233 1234 1235 1236 1237 1238 1239 1240 1241 1242 1243 1244 1245 1246 1247 1248 1249 1250 1251 1252 1253 1254 1255 1256 1257 1258 1259 1260 1261 1262 1263 1264 1265 1266 1267 1268 1269 1270 1271 1272 1273 1274 1275 1276 1277 1278 1279 1280 1281 1282 1283 1284 1285 1286 1287 1288 1289 1290 1291 1292 1293 1294 1295 1296 1297 1298 1299 1300 1301 1302 1303 1304 1305 1306 1307 1308 1309 1310 1311 1312 1313 1314 1315 1316 1317 1318 1319 1320 1321 1322 1323 1324 1325 1326 1327 1328 1329 1330 1331 1332 1333 1334 1335 1336 1337 1338 1339 1340 1341 1342 1343 1344 1345 1346 1347 1348 1349 1350 1351 1352 1353 1354 1355 1356 1357 1358 1359 1360 1361 1362 1363 1364 1365 1366 1367 1368 1369 1370 1371 1372 1373 1374 1375 1376 1377 1378 1379 1380 1381 1382 1383 1384 1385 1386 1387 1388 1389 1390 1391 1392 1393 1394 1395 1396 1397 1398 1399 1400 1401 1402 1403 1404 1405 1406 1407 1408 1409 1410 1411 1412 1413 1414 1415 1416 1417 1418 1419 1420 1421 1422 1423 1424 1425 1426 1427 1428 1429 1430 1431 1432 1433 1434 1435 1436 1437 1438 1439 1440 1441 1442 1443 1444 1445 1446 1447 1448 1449 1450 1451 1452 1453 1454 1455 1456 1457 1458 1459 1460 1461 1462 1463 1464 1465 1466 1467 1468 1469 1470 1471 1472 1473 1474 1475 1476 1477 1478 1479 1480 1481 1482 1483 1484 1485 1486 1487 1488 1489 1490 1491 1492 1493 1494 1495 1496 1497 1498 1499 1500 1501 1502 1503 1504 1505 1506 1507 1508 1509 1510 1511 1512 1513 1514 1515 1516 1517 1518 1519 1520 1521 1522 1523 1524 1525 1526 1527 1528 1529 1530 1531 1532 1533 1534 1535 1536 1537 1538 1539 1540 1541 1542 1543 1544 1545 1546 1547 1548 1549 1550 1551 1552 1553 1554 1555 1556 1557 1558 1559 1560 1561 1562 1563 1564 1565 1566 1567 1568 1569 1570 1571 1572 1573 1574 1575 1576 1577 1578 1579 1580 1581 1582 1583 1584 1585 1586 1587 1588 1589 1590 1591 1592 1593 1594 1595 1596 1597 1598 1599 1600 1601 1602 1603 1604 1605 1606 1607 1608 1609 1610 1611 1612 1613 1614 1615 1616 1617 1618 1619 1620 1621 1622 1623 1624 1625 1626 1627 1628 1629 1630 1631 1632 1633 1634 1635 1636 1637 1638 1639 1640 1641 1642 1643 1644 1645 1646 1647 1648 1649 1650 1651 1652 1653 1654 1655 1656 1657 1658 1659 1660 1661 1662 1663 1664 1665 1666 1667 1668 1669 1670 1671 1672 1673 1674 1675 1676 1677 1678 1679 1680 1681 1682 1683 1684 1685 1686 1687 1688 1689 1690 1691 1692 1693 1694 1695 1696 1697 1698 1699 1700 1701 1702 1703 1704 1705 1706 1707 1708 1709 1710 1711 1712 1713 1714 1715 1716 1717 1718 1719 1720 1721 1722 1723 1724 1725 1726 1727 1728 1729 1730 1731 1732 1733 1734 1735 1736 1737 1738 1739 1740 1741 1742 1743 1744 1745 1746 1747 1748 1749 1750 1751 1752 1753 1754 1755 1756 1757 1758 1759 1760 1761 1762 1763 1764 1765 1766 1767 1768 1769 1770 1771 1772 1773 1774 1775 1776 1777 1778 1779 1780 1781 1782 1783 1784 1785 1786 1787 1788 1789 1790 1791 1792 1793 1794 1795 1796 1797 1798 1799 1800 1801 1802 1803 1804 1805 1806 1807 1808 1809 1810 1811 1812 1813 1814 1815 1816 1817 1818 1819 1820 1821 1822 1823 1824 1825 1826 1827 1828 1829 1830 1831 1832 1833 1834 1835 1836 1837 1838 1839 1840 1841 1842 1843 1844 1845 1846 1847 1848 1849 1850 1851 1852 1853 1854 1855 1856 1857 1858 1859 1860 1861 1862 1863 1864 1865 1866 1867 1868 1869 1870 1871 2639 
Resolving for y=513
start of clauseDistribution function in cuddObj.c
Resolving for y=1781
start of clauseDistribution function in cuddObj.c
Resolving for y=1777
start of clauseDistribution function in cuddObj.c
Resolving for y=1773
start of clauseDistribution function in cuddObj.c
Resolving for y=1769
start of clauseDistribution function in cuddObj.c
Resolving for y=1765
start of clauseDistribution function in cuddObj.c
Resolving for y=1761
start of clauseDistribution function in cuddObj.c
Resolving for y=1757
start of clauseDistribution function in cuddObj.c
Resolving for y=1753
start of clauseDistribution function in cuddObj.c
Resolving for y=1749
start of clauseDistribution function in cuddObj.c
Resolving for y=1745
start of clauseDistribution function in cuddObj.c
Resolving for y=1741
start of clauseDistribution function in cuddObj.c
Resolving for y=1737
start of clauseDistribution function in cuddObj.c
Resolving for y=1733
start of clauseDistribution function in cuddObj.c
Resolving for y=1729
start of clauseDistribution function in cuddObj.c
Resolving for y=1725
start of clauseDistribution function in cuddObj.c
Resolving for y=1721
start of clauseDistribution function in cuddObj.c
Resolving for y=1717
start of clauseDistribution function in cuddObj.c
Resolving for y=1713
start of clauseDistribution function in cuddObj.c
Resolving for y=1709
start of clauseDistribution function in cuddObj.c
Resolving for y=1705
start of clauseDistribution function in cuddObj.c
Resolving for y=1701
start of clauseDistribution function in cuddObj.c
Resolving for y=1697
start of clauseDistribution function in cuddObj.c
Resolving for y=1693
start of clauseDistribution function in cuddObj.c
Resolving for y=1689
start of clauseDistribution function in cuddObj.c
Resolving for y=1685
start of clauseDistribution function in cuddObj.c
Resolving for y=1681
start of clauseDistribution function in cuddObj.c
Resolving for y=1677
start of clauseDistribution function in cuddObj.c
Resolving for y=1673
start of clauseDistribution function in cuddObj.c
Resolving for y=1669
start of clauseDistribution function in cuddObj.c
Resolving for y=1665
start of clauseDistribution function in cuddObj.c
Resolving for y=1661
start of clauseDistribution function in cuddObj.c
Resolving for y=1657
start of clauseDistribution function in cuddObj.c
Resolving for y=1653
start of clauseDistribution function in cuddObj.c
Resolving for y=1649
start of clauseDistribution function in cuddObj.c
Resolving for y=1645
start of clauseDistribution function in cuddObj.c
Resolving for y=1641
start of clauseDistribution function in cuddObj.c
Resolving for y=1637
start of clauseDistribution function in cuddObj.c
Resolving for y=1633
start of clauseDistribution function in cuddObj.c
Resolving for y=1629
start of clauseDistribution function in cuddObj.c
Resolving for y=1625
start of clauseDistribution function in cuddObj.c
Resolving for y=1621
start of clauseDistribution function in cuddObj.c
Resolving for y=1617
start of clauseDistribution function in cuddObj.c
Resolving for y=1613
start of clauseDistribution function in cuddObj.c
Resolving for y=1609
start of clauseDistribution function in cuddObj.c
Resolving for y=1605
start of clauseDistribution function in cuddObj.c
Resolving for y=1601
start of clauseDistribution function in cuddObj.c
Resolving for y=1597
start of clauseDistribution function in cuddObj.c
Resolving for y=1593
start of clauseDistribution function in cuddObj.c
Resolving for y=1589
start of clauseDistribution function in cuddObj.c
Resolving for y=1585
start of clauseDistribution function in cuddObj.c
Resolving for y=1581
start of clauseDistribution function in cuddObj.c
Resolving for y=1577
start of clauseDistribution function in cuddObj.c
Resolving for y=1573
start of clauseDistribution function in cuddObj.c
Resolving for y=1569
start of clauseDistribution function in cuddObj.c
Resolving for y=1565
start of clauseDistribution function in cuddObj.c
Resolving for y=1561
start of clauseDistribution function in cuddObj.c
Resolving for y=1557
start of clauseDistribution function in cuddObj.c
Resolving for y=1553
start of clauseDistribution function in cuddObj.c
Resolving for y=1549
start of clauseDistribution function in cuddObj.c
Resolving for y=1545
start of clauseDistribution function in cuddObj.c
Resolving for y=1541
start of clauseDistribution function in cuddObj.c
Resolving for y=1537
start of clauseDistribution function in cuddObj.c
Resolving for y=1533
start of clauseDistribution function in cuddObj.c
Resolving for y=1529
start of clauseDistribution function in cuddObj.c
Resolving for y=1525
start of clauseDistribution function in cuddObj.c
Resolving for y=1521
start of clauseDistribution function in cuddObj.c
Resolving for y=1517
start of clauseDistribution function in cuddObj.c
Resolving for y=1513
start of clauseDistribution function in cuddObj.c
Resolving for y=1509
start of clauseDistribution function in cuddObj.c
Resolving for y=1505
start of clauseDistribution function in cuddObj.c
Resolving for y=1501
start of clauseDistribution function in cuddObj.c
Resolving for y=1497
start of clauseDistribution function in cuddObj.c
Resolving for y=1493
start of clauseDistribution function in cuddObj.c
Resolving for y=1489
start of clauseDistribution function in cuddObj.c
Resolving for y=1485
start of clauseDistribution function in cuddObj.c
Resolving for y=1481
start of clauseDistribution function in cuddObj.c
Resolving for y=1477
start of clauseDistribution function in cuddObj.c
Resolving for y=1473
start of clauseDistribution function in cuddObj.c
Resolving for y=1469
start of clauseDistribution function in cuddObj.c
Resolving for y=1465
start of clauseDistribution function in cuddObj.c
Resolving for y=1461
start of clauseDistribution function in cuddObj.c
Resolving for y=1457
start of clauseDistribution function in cuddObj.c
Resolving for y=1453
start of clauseDistribution function in cuddObj.c
Resolving for y=1449
start of clauseDistribution function in cuddObj.c
Resolving for y=1445
start of clauseDistribution function in cuddObj.c
Resolving for y=1441
start of clauseDistribution function in cuddObj.c
Resolving for y=1437
start of clauseDistribution function in cuddObj.c
Resolving for y=1433
start of clauseDistribution function in cuddObj.c
Resolving for y=1429
start of clauseDistribution function in cuddObj.c
Resolving for y=1425
start of clauseDistribution function in cuddObj.c
Resolving for y=1421
start of clauseDistribution function in cuddObj.c
Resolving for y=1417
start of clauseDistribution function in cuddObj.c
Resolving for y=1413
start of clauseDistribution function in cuddObj.c
Resolving for y=1409
start of clauseDistribution function in cuddObj.c
Resolving for y=1405
start of clauseDistribution function in cuddObj.c
Resolving for y=1401
start of clauseDistribution function in cuddObj.c
Resolving for y=1397
start of clauseDistribution function in cuddObj.c
Resolving for y=1393
start of clauseDistribution function in cuddObj.c
Resolving for y=1389
start of clauseDistribution function in cuddObj.c
Resolving for y=1385
start of clauseDistribution function in cuddObj.c
Resolving for y=1381
start of clauseDistribution function in cuddObj.c
Resolving for y=1377
start of clauseDistribution function in cuddObj.c
Resolving for y=1373
start of clauseDistribution function in cuddObj.c
Resolving for y=1369
start of clauseDistribution function in cuddObj.c
Resolving for y=1365
start of clauseDistribution function in cuddObj.c
Resolving for y=1361
start of clauseDistribution function in cuddObj.c
Resolving for y=1357
start of clauseDistribution function in cuddObj.c
Resolving for y=1353
start of clauseDistribution function in cuddObj.c
Resolving for y=1349
start of clauseDistribution function in cuddObj.c
Resolving for y=1345
start of clauseDistribution function in cuddObj.c
Resolving for y=1341
start of clauseDistribution function in cuddObj.c
Resolving for y=1337
start of clauseDistribution function in cuddObj.c
Resolving for y=1333
start of clauseDistribution function in cuddObj.c
Resolving for y=1329
start of clauseDistribution function in cuddObj.c
Resolving for y=1325
start of clauseDistribution function in cuddObj.c
Resolving for y=1321
start of clauseDistribution function in cuddObj.c
Resolving for y=1317
start of clauseDistribution function in cuddObj.c
Resolving for y=1313
start of clauseDistribution function in cuddObj.c
Resolving for y=1309
start of clauseDistribution function in cuddObj.c
Resolving for y=1305
start of clauseDistribution function in cuddObj.c
Resolving for y=1301
start of clauseDistribution function in cuddObj.c
Resolving for y=1297
start of clauseDistribution function in cuddObj.c
Resolving for y=1293
start of clauseDistribution function in cuddObj.c
Resolving for y=1289
start of clauseDistribution function in cuddObj.c
Resolving for y=1285
start of clauseDistribution function in cuddObj.c
Resolving for y=1279
start of clauseDistribution function in cuddObj.c
Resolving for y=1273
start of clauseDistribution function in cuddObj.c
Resolving for y=800
start of clauseDistribution function in cuddObj.c
Resolving for y=1871
start of clauseDistribution function in cuddObj.c
Resolving for y=1870
start of clauseDistribution function in cuddObj.c
Resolving for y=1869
start of clauseDistribution function in cuddObj.c
Resolving for y=1868
start of clauseDistribution function in cuddObj.c
Resolving for y=1867
start of clauseDistribution function in cuddObj.c
Resolving for y=1866
start of clauseDistribution function in cuddObj.c
Resolving for y=1865
start of clauseDistribution function in cuddObj.c
Resolving for y=1864
start of clauseDistribution function in cuddObj.c
Resolving for y=1863
start of clauseDistribution function in cuddObj.c
