MCS ordering: 258 884 880 876 872 868 864 860 856 852 848 844 840 836 832 828 824 820 816 812 808 804 800 796 792 788 784 780 776 772 768 764 760 756 752 748 744 740 736 732 728 724 720 716 712 708 704 700 696 692 688 684 680 676 672 668 664 660 656 652 648 644 886 277 932 931 930 929 928 927 926 925 924 923 922 921 920 919 918 917 916 915 914 913 912 911 910 909 908 907 906 905 904 903 902 901 900 899 898 897 896 895 894 893 883 879 881 875 877 871 873 867 869 863 865 859 861 855 857 851 853 847 849 843 845 839 841 835 837 831 833 827 829 823 825 819 821 815 817 811 813 807 809 803 805 799 801 795 797 791 793 787 789 783 785 779 781 775 777 771 773 767 769 763 765 759 761 755 757 751 753 747 749 743 745 739 741 735 737 731 733 727 729 723 725 719 721 715 717 711 713 707 709 703 705 699 701 695 697 691 693 687 689 683 685 679 681 675 677 671 673 667 669 663 665 659 661 655 657 651 653 647 649 643 645 307 305 303 301 299 297 295 293 291 289 287 285 283 281 254 252 250 248 246 244 242 240 238 234 232 230 228 226 118 116 222 114 220 112 218 110 216 214 106 212 104 210 102 208 100 48 46 150 42 154 148 40 152 146 38 144 36 142 34 206 138 30 202 28 200 134 26 198 190 120 184 188 130 162 10 182 132 122 156 186 126 176 5 136 158 178 124 8 180 14 16 78 194 18 74 892 196 20 22 24 50 164 52 166 54 168 56 170 58 60 174 62 72 66 68 70 80 82 84 86 88 90 92 94 98 309 311 313 315 317 319 321 323 325 327 329 331 333 335 337 339 341 343 345 347 349 351 353 355 357 359 361 363 365 367 641 369 371 373 375 377 379 381 383 385 387 389 391 393 395 397 399 401 403 406 933 888 889 887 885 280 404 882 878 874 870 866 862 858 854 850 846 842 838 834 830 826 822 818 814 810 806 802 798 794 790 786 782 778 774 770 766 762 758 754 750 746 742 738 734 730 726 722 718 714 710 706 702 698 694 690 686 682 678 674 670 666 662 658 654 650 646 642 308 306 304 302 300 298 296 294 292 290 288 286 284 282 278 257 256 236 224 108 44 140 32 204 12 128 4 160 76 192 96 172 64 310 312 314 316 318 320 322 324 326 328 330 332 334 336 338 340 342 344 346 348 350 352 354 356 358 360 362 364 366 368 639 637 636 634 632 630 628 626 624 622 620 618 617 615 613 611 609 607 606 604 602 600 598 596 594 592 590 588 587 585 583 581 579 577 576 574 572 570 568 566 564 562 560 558 557 555 553 551 549 547 546 544 542 540 538 536 534 532 530 528 527 525 523 521 519 517 516 514 512 510 508 506 504 502 500 498 497 495 493 491 489 487 486 484 482 480 478 476 474 370 472 470 372 468 467 374 465 463 376 461 459 378 457 456 380 454 452 382 450 448 384 446 444 386 442 440 388 438 437 390 435 433 392 431 429 394 427 426 396 424 422 398 420 418 400 416 414 402 412 410 408 407 1131 1130 1129 1128 1127 1126 1125 1124 1123 1120 1119 1118 1117 1116 1115 1114 1113 1112 1111 1110 1109 1108 1107 1106 1105 1104 1103 1100 1099 1097 274 1096 273 1094 271 265 1088 1083 260 264 1087 1082 259 263 1086 1081 1080 1079 1078 255 1077 1076 1075 1074 1073 1072 1071 1084 261 266 1068 1067 1066 1065 1064 1063 1062 1061 1060 1059 1085 262 267 235 1056 1055 1054 1053 1052 1051 1050 1049 1048 940 1047 939 1046 223 938 1045 937 1044 1043 935 1042 934 1041 1040 1039 268 1091 107 1036 1035 1034 1033 1032 1031 1030 43 978 977 972 976 971 975 970 969 968 967 966 965 1029 964 1028 963 1027 139 31 203 960 1024 1023 958 1022 957 1021 1013 1008 948 943 1012 1007 952 11 1011 272 1095 956 951 953 1092 269 75 946 985 980 1010 955 950 127 945 984 979 1009 1004 954 949 944 999 1000 959 1098 981 6 1001 947 159 982 1002 983 1003 191 1014 1093 270 1015 1016 1017 1018 1019 1020 986 987 988 989 990 991 992 171 995 996 997 998 63 95 1132 1135 1136 1137 1138 1139 1140 1141 1142 1143 1144 1145 1146 1147 1148 1149 1150 1151 1152 1155 1156 1157 1158 1159 1160 1161 1162 1163 1164 1167 1168 1169 1170 1171 1172 1173 1174 1175 1176 1177 1178 1179 1180 1181 1182 1183 1184 891 890 640 638 635 633 631 629 627 625 623 621 619 616 614 612 610 608 605 603 601 599 597 595 593 591 589 586 584 582 580 578 575 573 571 569 567 565 563 561 559 556 554 552 550 548 545 543 541 539 537 535 533 531 529 526 524 522 520 518 515 513 511 509 507 505 503 501 499 496 494 492 490 488 485 483 1122 1121 1102 279 1101 276 253 251 249 1089 1070 247 1069 245 243 241 239 237 1090 1058 1057 233 231 229 227 941 225 117 115 221 113 219 111 217 109 1038 215 1037 213 105 211 103 209 101 207 49 47 45 155 973 149 41 153 147 39 151 974 145 37 143 35 141 33 205 962 1026 961 1025 137 29 201 135 27 199 13 185 125 189 129 1006 183 73 133 123 157 187 1005 161 9 181 131 121 119 942 177 275 81 7 179 15 193 17 195 69 19 197 21 23 25 163 51 165 53 167 55 169 57 993 994 59 173 61 175 65 67 71 77 79 83 85 87 89 91 93 97 99 1133 1134 1153 1154 1165 1166 1185 1186 1187 1188 405 409 411 413 415 417 419 421 423 425 428 430 432 434 436 439 441 443 445 447 449 451 453 455 458 460 462 464 466 469 471 473 475 477 479 481 1316 1315 1314 1313 1312 1311 1310 1309 1308 1307 1306 1305 1304 1303 1302 1301 1300 1299 1298 1297 1296 1295 1294 1293 1292 1291 1290 1289 1288 1287 1286 1285 1284 1283 1282 1281 1280 1279 1278 1277 1276 1275 1274 1273 1272 1271 1270 1269 1268 1267 1266 1265 1264 1263 1262 1261 1260 1259 1258 1257 1256 1255 1254 1253 1252 1251 1250 1249 1248 1247 1246 1245 1244 1243 1242 1241 1240 1239 1238 1237 1236 1235 1234 1233 1232 1231 1230 1229 1228 1227 1226 1225 1224 1223 1222 1221 1220 1219 1218 1217 1216 1215 1214 1213 1212 1211 1210 1209 1208 1207 1206 1205 1204 1203 1202 1201 1200 1199 1198 1197 1196 1195 1194 1193 1192 936 1190 1189 1191 3 2 1317 
RESOLVING Scope: 936 1191 1192 1193 1194 1195 1196 1197 1198 1199 1200 1201 1202 1203 1204 1205 1206 1207 1208 1209 1210 1211 1212 1213 1214 1215 1216 1217 1218 1219 1220 1221 1222 1223 1224 1225 1226 1227 1228 1229 1230 1231 1232 1233 1234 1235 1236 1237 1238 1239 1240 1241 1242 1243 1244 1245 1246 1247 1248 1249 1250 1251 1252 1253 1254 1255 1256 1257 1258 1259 1260 1261 1262 1263 1264 1265 1266 1267 1268 1269 1270 1271 1272 1273 1274 1275 1276 1277 1278 1279 1280 1281 1282 1283 1284 1285 1286 1287 1288 1289 1290 1291 1292 1293 1294 1295 1296 1297 1298 1299 1300 1301 1302 1303 1304 1305 1306 1307 1308 1309 1310 1311 1312 1313 1314 1315 1316 2 3 4 5 6 7 8 9 10 11 12 13 14 15 16 17 18 19 20 21 22 23 24 25 26 27 28 29 30 31 32 33 34 35 36 37 38 39 40 41 42 43 44 45 46 47 48 49 50 51 52 53 54 55 56 57 58 59 60 61 62 63 64 65 66 67 68 69 70 71 72 73 74 75 76 77 78 79 80 81 82 83 84 85 86 87 88 89 90 91 92 93 94 95 96 97 98 99 100 101 102 103 104 105 106 107 108 109 110 111 112 113 114 115 116 117 118 119 120 121 122 123 124 125 126 127 128 129 130 131 132 133 134 135 136 137 138 139 140 141 142 143 144 145 146 147 148 149 150 151 152 153 154 155 156 157 158 159 160 161 162 163 164 165 166 167 168 169 170 171 172 173 174 175 176 177 178 179 180 181 182 183 184 185 186 187 188 189 190 191 192 193 194 195 196 197 198 199 200 201 202 203 204 205 206 207 208 209 210 211 212 213 214 215 216 217 218 219 220 221 222 223 224 225 226 227 228 229 230 231 232 233 234 235 236 237 238 239 240 241 242 243 244 245 246 247 248 249 250 251 252 253 254 255 256 257 258 259 260 261 262 263 264 265 266 267 268 269 270 271 272 273 274 275 276 277 278 279 280 281 282 283 284 285 286 287 288 289 290 291 292 293 294 295 296 297 298 299 300 301 302 303 304 305 306 307 308 309 310 311 312 313 314 315 316 317 318 319 320 321 322 323 324 325 326 327 328 329 330 331 332 333 334 335 336 337 338 339 340 341 342 343 344 345 346 347 348 349 350 351 352 353 354 355 356 357 358 359 360 361 362 363 364 365 366 367 368 369 370 371 372 373 374 375 376 377 378 379 380 381 382 383 384 385 386 387 388 389 390 391 392 393 394 395 396 397 398 399 400 401 402 403 404 405 406 407 408 409 410 411 412 413 414 415 416 417 418 419 420 421 422 423 424 425 426 427 428 429 430 431 432 433 434 435 436 437 438 439 440 441 442 443 444 445 446 447 448 449 450 451 452 453 454 455 456 457 458 459 460 461 462 463 464 465 466 467 468 469 470 471 472 473 474 475 476 477 478 479 480 481 482 483 484 485 486 487 488 489 490 491 492 493 494 495 496 497 498 499 500 501 502 503 504 505 506 507 508 509 510 511 512 513 514 515 516 517 518 519 520 521 522 523 524 525 526 527 528 529 530 531 532 533 534 535 536 537 538 539 540 541 542 543 544 545 546 547 548 549 550 551 552 553 554 555 556 557 558 559 560 561 562 563 564 565 566 567 568 569 570 571 572 573 574 575 576 577 578 579 580 581 582 583 584 585 586 587 588 589 590 591 592 593 594 595 596 597 598 599 600 601 602 603 604 605 606 607 608 609 610 611 612 613 614 615 616 617 618 619 620 621 622 623 624 625 626 627 628 629 630 631 632 633 634 635 636 637 638 639 640 641 642 643 644 645 646 647 648 649 650 651 652 653 654 655 656 657 658 659 660 661 662 663 664 665 666 667 668 669 670 671 672 673 674 675 676 677 678 679 680 681 682 683 684 685 686 687 688 689 690 691 692 693 694 695 696 697 698 699 700 701 702 703 704 705 706 707 708 709 710 711 712 713 714 715 716 717 718 719 720 721 722 723 724 725 726 727 728 729 730 731 732 733 734 735 736 737 738 739 740 741 742 743 744 745 746 747 748 749 750 751 752 753 754 755 756 757 758 759 760 761 762 763 764 765 766 767 768 769 770 771 772 773 774 775 776 777 778 779 780 781 782 783 784 785 786 787 788 789 790 791 792 793 794 795 796 797 798 799 800 801 802 803 804 805 806 807 808 809 810 811 812 813 814 815 816 817 818 819 820 821 822 823 824 825 826 827 828 829 830 831 832 833 834 835 836 837 838 839 840 841 842 843 844 845 846 847 848 849 850 851 852 853 854 855 856 857 858 859 860 861 862 863 864 865 866 867 868 869 870 871 872 873 874 875 876 877 878 879 880 881 882 883 884 885 886 887 888 889 890 891 892 893 894 895 896 897 898 899 900 901 902 903 904 905 906 907 908 909 910 911 912 913 914 915 916 917 918 919 920 921 922 923 924 925 926 927 928 929 930 931 932 933 1317 
Resolving for y=258
start of clauseDistribution function in cuddObj.c
Resolving for y=884
start of clauseDistribution function in cuddObj.c
Resolving for y=880
start of clauseDistribution function in cuddObj.c
Resolving for y=876
start of clauseDistribution function in cuddObj.c
Resolving for y=872
start of clauseDistribution function in cuddObj.c
Resolving for y=868
start of clauseDistribution function in cuddObj.c
Resolving for y=864
start of clauseDistribution function in cuddObj.c
Resolving for y=860
start of clauseDistribution function in cuddObj.c
Resolving for y=856
start of clauseDistribution function in cuddObj.c
Resolving for y=852
start of clauseDistribution function in cuddObj.c
Resolving for y=848
start of clauseDistribution function in cuddObj.c
Resolving for y=844
start of clauseDistribution function in cuddObj.c
Resolving for y=840
start of clauseDistribution function in cuddObj.c
Resolving for y=836
start of clauseDistribution function in cuddObj.c
Resolving for y=832
start of clauseDistribution function in cuddObj.c
Resolving for y=828
start of clauseDistribution function in cuddObj.c
Resolving for y=824
start of clauseDistribution function in cuddObj.c
Resolving for y=820
start of clauseDistribution function in cuddObj.c
Resolving for y=816
start of clauseDistribution function in cuddObj.c
Resolving for y=812
start of clauseDistribution function in cuddObj.c
Resolving for y=808
start of clauseDistribution function in cuddObj.c
Resolving for y=804
start of clauseDistribution function in cuddObj.c
Resolving for y=800
start of clauseDistribution function in cuddObj.c
Resolving for y=796
start of clauseDistribution function in cuddObj.c
Resolving for y=792
start of clauseDistribution function in cuddObj.c
Resolving for y=788
start of clauseDistribution function in cuddObj.c
Resolving for y=784
start of clauseDistribution function in cuddObj.c
Resolving for y=780
start of clauseDistribution function in cuddObj.c
Resolving for y=776
start of clauseDistribution function in cuddObj.c
Resolving for y=772
start of clauseDistribution function in cuddObj.c
Resolving for y=768
start of clauseDistribution function in cuddObj.c
Resolving for y=764
start of clauseDistribution function in cuddObj.c
Resolving for y=760
start of clauseDistribution function in cuddObj.c
Resolving for y=756
start of clauseDistribution function in cuddObj.c
Resolving for y=752
start of clauseDistribution function in cuddObj.c
Resolving for y=748
start of clauseDistribution function in cuddObj.c
Resolving for y=744
start of clauseDistribution function in cuddObj.c
Resolving for y=740
start of clauseDistribution function in cuddObj.c
Resolving for y=736
start of clauseDistribution function in cuddObj.c
Resolving for y=732
start of clauseDistribution function in cuddObj.c
Resolving for y=728
start of clauseDistribution function in cuddObj.c
Resolving for y=724
start of clauseDistribution function in cuddObj.c
Resolving for y=720
start of clauseDistribution function in cuddObj.c
Resolving for y=716
start of clauseDistribution function in cuddObj.c
Resolving for y=712
start of clauseDistribution function in cuddObj.c
Resolving for y=708
start of clauseDistribution function in cuddObj.c
Resolving for y=704
start of clauseDistribution function in cuddObj.c
Resolving for y=700
start of clauseDistribution function in cuddObj.c
Resolving for y=696
start of clauseDistribution function in cuddObj.c
Resolving for y=692
start of clauseDistribution function in cuddObj.c
Resolving for y=688
start of clauseDistribution function in cuddObj.c
Resolving for y=684
start of clauseDistribution function in cuddObj.c
Resolving for y=680
start of clauseDistribution function in cuddObj.c
Resolving for y=676
start of clauseDistribution function in cuddObj.c
Resolving for y=672
start of clauseDistribution function in cuddObj.c
Resolving for y=668
start of clauseDistribution function in cuddObj.c
Resolving for y=664
start of clauseDistribution function in cuddObj.c
Resolving for y=660
start of clauseDistribution function in cuddObj.c
Resolving for y=656
start of clauseDistribution function in cuddObj.c
Resolving for y=652
start of clauseDistribution function in cuddObj.c
Resolving for y=648
start of clauseDistribution function in cuddObj.c
Resolving for y=644
start of clauseDistribution function in cuddObj.c
Resolving for y=886
start of clauseDistribution function in cuddObj.c
Resolving for y=277
start of clauseDistribution function in cuddObj.c
Resolving for y=932
start of clauseDistribution function in cuddObj.c
Resolving for y=931
start of clauseDistribution function in cuddObj.c
Resolving for y=930
start of clauseDistribution function in cuddObj.c
Resolving for y=929
start of clauseDistribution function in cuddObj.c
Resolving for y=928
start of clauseDistribution function in cuddObj.c
Resolving for y=927
start of clauseDistribution function in cuddObj.c
Resolving for y=926
start of clauseDistribution function in cuddObj.c
Resolving for y=925
start of clauseDistribution function in cuddObj.c
