MCS ordering: 279 277 280 278 276 267 270 272 274 269 268 271 273 275 256 249 23 224 34 265 264 263 262 261 260 257 253 252 247 246 244 243 242 239 237 236 234 232 229 227 222 66 43 21 266 258 251 294 250 231 214 201 198 194 190 186 63 59 55 51 12 80 9 5 15 18 217 84 88 92 96 99 112 118 122 126 130 133 146 152 156 160 164 167 180 293 292 291 289 288 226 200 65 35 31 28 221 22 79 25 98 132 166 259 240 219 215 202 197 204 196 193 206 192 189 208 188 185 210 68 67 69 62 71 61 58 57 54 53 50 49 73 36 33 75 39 30 42 8 11 14 27 7 10 45 144 83 24 16 13 212 110 17 19 20 77 178 82 108 86 106 87 90 104 91 94 102 95 100 116 142 117 120 140 121 124 138 125 128 136 129 134 147 150 176 151 154 174 155 158 172 159 162 170 163 168 181 184 255 254 248 245 241 238 235 233 230 228 225 223 220 218 216 213 211 209 207 205 203 199 195 191 187 70 64 60 56 46 44 41 40 38 37 32 29 52 149 78 183 81 4 47 6 115 48 74 76 26 72 85 89 93 97 101 103 105 107 109 111 113 114 119 123 127 131 135 137 139 141 143 145 148 153 157 161 165 169 171 173 175 177 179 182 290 287 286 285 284 283 281 282 3 2 1 295 
RESOLVING Scope: 267 268 269 270 271 272 273 274 275 276 277 278 279 280 1 2 3 4 5 6 7 8 9 10 11 12 13 14 15 16 17 18 19 20 21 22 23 24 25 26 27 28 29 30 31 32 33 34 35 36 37 38 39 40 41 42 43 44 45 46 47 48 49 50 51 52 53 54 55 56 57 58 59 60 61 62 63 64 65 66 67 68 69 70 71 72 73 74 75 76 77 78 79 80 81 82 83 84 85 86 87 88 89 90 91 92 93 94 95 96 97 98 99 100 101 102 103 104 105 106 107 108 109 110 111 112 113 114 115 116 117 118 119 120 121 122 123 124 125 126 127 128 129 130 131 132 133 134 135 136 137 138 139 140 141 142 143 144 145 146 147 148 149 150 151 152 153 154 155 156 157 158 159 160 161 162 163 164 165 166 167 168 169 170 171 172 173 174 175 176 177 178 179 180 181 182 183 184 185 186 187 188 189 190 191 192 193 194 195 196 197 198 199 200 201 202 203 204 205 206 207 208 209 210 211 212 213 214 215 216 217 218 219 220 221 222 223 224 225 226 227 228 229 230 231 232 233 234 235 236 237 238 239 240 241 242 243 244 245 246 247 248 249 250 251 252 253 254 255 256 257 258 259 260 261 262 263 264 265 266 295 
Resolving for y=279
start of clauseDistribution function in cuddObj.c
Resolving for y=277
start of clauseDistribution function in cuddObj.c
Resolving for y=280
start of clauseDistribution function in cuddObj.c
Resolving for y=278
start of clauseDistribution function in cuddObj.c
Resolving for y=276
start of clauseDistribution function in cuddObj.c
Resolving for y=267
start of clauseDistribution function in cuddObj.c
Resolving for y=270
start of clauseDistribution function in cuddObj.c
Resolving for y=272
start of clauseDistribution function in cuddObj.c
Resolving for y=274
start of clauseDistribution function in cuddObj.c
Resolving for y=269
start of clauseDistribution function in cuddObj.c
Resolving for y=268
start of clauseDistribution function in cuddObj.c
Resolving for y=271
start of clauseDistribution function in cuddObj.c
Resolving for y=273
start of clauseDistribution function in cuddObj.c
Resolving for y=275
start of clauseDistribution function in cuddObj.c
Resolving for y=256
start of clauseDistribution function in cuddObj.c
Resolving for y=249
start of clauseDistribution function in cuddObj.c
Resolving for y=23
start of clauseDistribution function in cuddObj.c
