MCS ordering: 372 373 371 370 369 368 359 362 363 364 360 361 358 365 366 367 26 343 339 319 308 306 40 356 354 352 350 349 344 341 340 342 334 332 329 326 322 324 313 311 303 301 52 24 79 348 347 338 331 328 383 318 316 293 278 275 271 267 263 259 253 238 235 231 227 223 219 213 198 195 191 187 183 179 64 60 12 173 9 18 21 296 5 15 68 72 76 95 99 103 107 111 115 118 133 139 143 147 151 155 158 357 355 353 351 345 387 386 325 385 384 321 315 310 305 277 237 197 41 37 31 28 300 34 94 25 78 117 157 346 389 382 298 294 279 274 281 273 270 283 269 266 285 265 262 287 261 258 289 257 254 239 234 241 233 230 243 229 226 245 225 222 247 221 218 249 217 214 199 194 201 193 190 203 189 186 205 185 182 207 181 178 88 66 63 90 59 92 291 58 251 67 159 42 161 45 36 48 33 163 51 30 54 27 14 13 211 11 16 10 209 23 165 101 62 174 97 7 8 39 17 171 19 131 167 20 22 169 70 86 71 74 84 75 82 80 81 129 98 127 102 105 125 106 109 123 110 113 121 114 119 137 138 141 142 145 146 149 150 153 154 177 337 336 335 333 330 327 323 320 317 314 312 309 307 304 302 299 297 295 292 290 288 286 284 282 280 276 272 268 264 260 255 252 250 248 246 244 242 240 236 232 228 224 220 215 212 210 208 206 204 202 200 196 192 188 184 180 65 61 56 55 53 50 49 47 46 44 43 160 38 162 35 32 164 29 168 57 256 4 6 176 172 136 216 96 170 166 69 73 77 83 85 87 89 91 93 100 104 108 112 116 120 122 124 126 128 130 132 134 135 140 144 148 152 156 175 388 381 380 379 378 377 376 374 375 3 2 1 390 
RESOLVING Scope: 358 359 360 361 362 363 364 365 366 367 368 369 370 371 372 373 1 2 3 4 5 6 7 8 9 10 11 12 13 14 15 16 17 18 19 20 21 22 23 24 25 26 27 28 29 30 31 32 33 34 35 36 37 38 39 40 41 42 43 44 45 46 47 48 49 50 51 52 53 54 55 56 57 58 59 60 61 62 63 64 65 66 67 68 69 70 71 72 73 74 75 76 77 78 79 80 81 82 83 84 85 86 87 88 89 90 91 92 93 94 95 96 97 98 99 100 101 102 103 104 105 106 107 108 109 110 111 112 113 114 115 116 117 118 119 120 121 122 123 124 125 126 127 128 129 130 131 132 133 134 135 136 137 138 139 140 141 142 143 144 145 146 147 148 149 150 151 152 153 154 155 156 157 158 159 160 161 162 163 164 165 166 167 168 169 170 171 172 173 174 175 176 177 178 179 180 181 182 183 184 185 186 187 188 189 190 191 192 193 194 195 196 197 198 199 200 201 202 203 204 205 206 207 208 209 210 211 212 213 214 215 216 217 218 219 220 221 222 223 224 225 226 227 228 229 230 231 232 233 234 235 236 237 238 239 240 241 242 243 244 245 246 247 248 249 250 251 252 253 254 255 256 257 258 259 260 261 262 263 264 265 266 267 268 269 270 271 272 273 274 275 276 277 278 279 280 281 282 283 284 285 286 287 288 289 290 291 292 293 294 295 296 297 298 299 300 301 302 303 304 305 306 307 308 309 310 311 312 313 314 315 316 317 318 319 320 321 322 323 324 325 326 327 328 329 330 331 332 333 334 335 336 337 338 339 340 341 342 343 344 345 346 347 348 349 350 351 352 353 354 355 356 357 390 
Resolving for y=372
start of clauseDistribution function in cuddObj.c
Resolving for y=373
start of clauseDistribution function in cuddObj.c
Resolving for y=371
start of clauseDistribution function in cuddObj.c
Resolving for y=370
start of clauseDistribution function in cuddObj.c
Resolving for y=369
start of clauseDistribution function in cuddObj.c
Resolving for y=368
start of clauseDistribution function in cuddObj.c
Resolving for y=359
start of clauseDistribution function in cuddObj.c
Resolving for y=362
start of clauseDistribution function in cuddObj.c
Resolving for y=363
start of clauseDistribution function in cuddObj.c
Resolving for y=364
start of clauseDistribution function in cuddObj.c
Resolving for y=360
start of clauseDistribution function in cuddObj.c
Resolving for y=361
start of clauseDistribution function in cuddObj.c
