MCS ordering: 683 280 691 667 663 647 643 580 576 5 275 298 334 352 358 373 386 404 440 458 464 474 720 719 718 711 704 697 689 686 680 677 676 673 670 666 660 657 656 653 650 646 640 637 585 582 579 573 570 199 197 195 191 187 185 183 179 177 175 173 171 169 167 165 163 159 157 155 153 151 147 145 143 141 139 137 135 133 131 123 127 121 119 115 113 111 109 107 105 103 101 99 95 45 49 43 47 41 39 37 31 35 29 27 25 23 9 13 7 11 81 73 71 15 75 79 17 19 69 51 67 55 57 59 63 77 83 87 89 91 93 201 203 205 207 209 211 213 215 217 219 221 223 225 227 229 231 233 235 237 239 241 243 245 247 249 253 284 287 291 294 301 304 307 311 314 318 321 324 327 331 338 341 345 348 355 361 364 367 368 370 376 379 383 390 393 397 400 407 410 413 417 420 424 427 430 433 437 444 447 451 454 461 467 470 473 476 479 721 717 712 710 705 703 698 696 685 636 633 630 626 623 619 616 612 609 605 602 598 595 591 588 587 569 567 564 560 557 553 550 546 543 539 536 533 530 526 523 519 516 513 510 506 503 283 357 375 463 481 482 485 489 492 496 499 752 751 750 749 748 747 746 745 744 743 742 741 740 739 738 737 736 735 734 733 732 731 730 729 728 727 726 725 724 723 722 716 715 714 713 709 708 707 706 702 701 700 699 629 622 615 608 601 594 563 556 549 542 535 529 522 515 509 193 189 1005 181 1004 161 149 125 129 117 97 33 21 53 61 65 85 251 255 290 297 303 310 317 323 330 337 344 351 382 389 396 403 409 416 423 429 436 443 450 457 488 495 502 259 260 188 1007 1006 261 180 1001 1000 997 996 995 994 993 992 991 990 989 988 987 986 985 262 984 160 983 982 981 980 979 978 977 976 975 974 973 263 972 148 971 970 969 968 967 966 965 964 963 962 961 960 959 958 957 956 955 954 948 953 264 947 124 952 946 128 951 945 950 944 949 265 943 942 939 116 938 266 935 934 933 932 931 930 927 926 925 924 923 922 921 920 919 96 918 917 868 867 866 871 870 869 863 862 861 860 859 857 856 855 32 854 853 858 852 851 850 849 779 848 778 777 846 776 775 790 837 810 766 762 786 828 806 789 831 836 761 785 827 4 805 788 830 835 764 784 826 804 787 829 834 807 763 783 825 803 756 822 765 899 904 823 272 891 757 782 824 802 760 894 192 838 811 841 819 759 893 898 791 767 792 839 902 84 907 793 840 794 814 770 795 842 815 771 796 20 843 816 772 797 817 773 758 273 892 798 818 774 847 820 821 799 874 52 875 271 890 895 878 879 880 881 882 60 883 884 270 889 885 886 64 887 888 269 267 268 900 901 903 905 906 910 911 912 913 914 915 916 250 258 254 257 256 754 755 276 695 694 693 692 690 688 687 684 682 681 679 678 675 674 672 671 669 668 665 664 662 661 659 658 655 654 652 651 649 648 645 644 642 641 639 638 635 634 632 631 628 627 625 624 621 620 618 617 614 613 611 610 607 606 604 603 600 599 597 596 593 592 590 589 586 584 583 581 578 577 575 574 572 571 568 566 565 562 561 559 558 555 554 552 551 548 547 545 544 541 540 538 537 534 532 531 528 527 525 524 521 520 518 517 514 512 511 508 507 505 504 501 198 196 194 190 186 184 182 1003 1002 178 176 999 998 174 172 170 168 166 164 162 158 156 154 152 150 146 144 142 140 138 136 134 132 130 122 126 120 941 118 940 937 114 936 112 110 108 929 106 928 104 102 100 98 94 50 873 44 872 48 865 42 864 46 40 38 36 34 30 28 26 845 22 844 832 14 10 833 8 809 12 808 6 780 800 76 781 801 68 896 18 274 70 16 812 768 813 769 74 897 24 876 72 54 877 56 58 66 62 78 80 82 908 86 909 88 90 92 200 202 204 206 208 210 212 214 216 218 220 222 224 226 228 230 232 234 236 238 240 242 244 246 248 252 278 277 279 281 282 285 286 288 289 292 293 295 296 299 300 302 305 306 308 309 312 313 315 316 319 320 322 325 326 328 329 332 333 335 336 339 340 342 343 346 347 349 350 353 354 356 359 360 362 363 365 366 369 371 372 374 377 378 380 381 384 385 387 388 391 392 394 395 398 399 401 402 405 406 408 411 412 414 415 418 419 421 422 425 426 428 431 432 434 435 438 439 441 442 445 446 448 449 452 453 455 456 459 460 462 465 466 468 469 471 472 475 477 478 480 483 484 486 487 490 491 493 494 497 498 500 1135 1134 1133 1132 1131 1130 1129 1128 1127 1126 1125 1124 1123 1122 1121 1120 1119 1118 1117 1116 1115 1114 1113 1112 1111 1110 1109 1108 1107 1106 1105 1104 1103 1102 1101 1100 1099 1098 1097 1096 1095 1094 1093 1092 1091 1090 1089 1088 1087 1086 1085 1084 1083 1082 1081 1080 1079 1078 1022 1021 1020 1019 1018 1017 1016 1014 1013 1012 1011 1010 1009 1008 1015 1023 1024 1025 1026 1027 1028 1029 1030 1031 1032 1033 1034 1035 1036 1037 1038 1039 1040 1041 1042 1043 1044 1045 1046 1047 1048 1049 1050 1051 1052 1053 1054 1055 1056 1057 1058 1059 1060 1061 1062 1063 1064 1065 1066 1067 1068 1069 1070 1071 1072 1073 1074 1075 1076 1077 753 3 2 1136 
RESOLVING Scope: 753 1010 1011 1012 1013 1014 1015 1016 1017 1018 1019 1020 1021 1022 1023 1024 1025 1026 1027 1028 1029 1030 1031 1032 1033 1034 1035 1036 1037 1038 1039 1040 1041 1042 1043 1044 1045 1046 1047 1048 1049 1050 1051 1052 1053 1054 1055 1056 1057 1058 1059 1060 1061 1062 1063 1064 1065 1066 1067 1068 1069 1070 1071 1072 1073 1074 1075 1076 1077 1078 1079 1080 1081 1082 1083 1084 1085 1086 1087 1088 1089 1090 1091 1092 1093 1094 1095 1096 1097 1098 1099 1100 1101 1102 1103 1104 1105 1106 1107 1108 1109 1110 1111 1112 1113 1114 1115 1116 1117 1118 1119 1120 1121 1122 1123 1124 1125 1126 1127 1128 1129 1130 1131 1132 1133 1134 1135 2 3 4 5 6 7 8 9 10 11 12 13 14 15 16 17 18 19 20 21 22 23 24 25 26 27 28 29 30 31 32 33 34 35 36 37 38 39 40 41 42 43 44 45 46 47 48 49 50 51 52 53 54 55 56 57 58 59 60 61 62 63 64 65 66 67 68 69 70 71 72 73 74 75 76 77 78 79 80 81 82 83 84 85 86 87 88 89 90 91 92 93 94 95 96 97 98 99 100 101 102 103 104 105 106 107 108 109 110 111 112 113 114 115 116 117 118 119 120 121 122 123 124 125 126 127 128 129 130 131 132 133 134 135 136 137 138 139 140 141 142 143 144 145 146 147 148 149 150 151 152 153 154 155 156 157 158 159 160 161 162 163 164 165 166 167 168 169 170 171 172 173 174 175 176 177 178 179 180 181 182 183 184 185 186 187 188 189 190 191 192 193 194 195 196 197 198 199 200 201 202 203 204 205 206 207 208 209 210 211 212 213 214 215 216 217 218 219 220 221 222 223 224 225 226 227 228 229 230 231 232 233 234 235 236 237 238 239 240 241 242 243 244 245 246 247 248 249 250 251 252 253 254 255 256 257 258 259 260 261 262 263 264 265 266 267 268 269 270 271 272 273 274 275 276 277 278 279 280 281 282 283 284 285 286 287 288 289 290 291 292 293 294 295 296 297 298 299 300 301 302 303 304 305 306 307 308 309 310 311 312 313 314 315 316 317 318 319 320 321 322 323 324 325 326 327 328 329 330 331 332 333 334 335 336 337 338 339 340 341 342 343 344 345 346 347 348 349 350 351 352 353 354 355 356 357 358 359 360 361 362 363 364 365 366 367 368 369 370 371 372 373 374 375 376 377 378 379 380 381 382 383 384 385 386 387 388 389 390 391 392 393 394 395 396 397 398 399 400 401 402 403 404 405 406 407 408 409 410 411 412 413 414 415 416 417 418 419 420 421 422 423 424 425 426 427 428 429 430 431 432 433 434 435 436 437 438 439 440 441 442 443 444 445 446 447 448 449 450 451 452 453 454 455 456 457 458 459 460 461 462 463 464 465 466 467 468 469 470 471 472 473 474 475 476 477 478 479 480 481 482 483 484 485 486 487 488 489 490 491 492 493 494 495 496 497 498 499 500 501 502 503 504 505 506 507 508 509 510 511 512 513 514 515 516 517 518 519 520 521 522 523 524 525 526 527 528 529 530 531 532 533 534 535 536 537 538 539 540 541 542 543 544 545 546 547 548 549 550 551 552 553 554 555 556 557 558 559 560 561 562 563 564 565 566 567 568 569 570 571 572 573 574 575 576 577 578 579 580 581 582 583 584 585 586 587 588 589 590 591 592 593 594 595 596 597 598 599 600 601 602 603 604 605 606 607 608 609 610 611 612 613 614 615 616 617 618 619 620 621 622 623 624 625 626 627 628 629 630 631 632 633 634 635 636 637 638 639 640 641 642 643 644 645 646 647 648 649 650 651 652 653 654 655 656 657 658 659 660 661 662 663 664 665 666 667 668 669 670 671 672 673 674 675 676 677 678 679 680 681 682 683 684 685 686 687 688 689 690 691 692 693 694 695 696 697 698 699 700 701 702 703 704 705 706 707 708 709 710 711 712 713 714 715 716 717 718 719 720 721 722 723 724 725 726 727 728 729 730 731 732 733 734 735 736 737 738 739 740 741 742 743 744 745 746 747 748 749 750 751 752 1136 
Resolving for y=683
start of clauseDistribution function in cuddObj.c
Resolving for y=280
start of clauseDistribution function in cuddObj.c
Resolving for y=691
start of clauseDistribution function in cuddObj.c
Resolving for y=667
start of clauseDistribution function in cuddObj.c
Resolving for y=663
start of clauseDistribution function in cuddObj.c
Resolving for y=647
start of clauseDistribution function in cuddObj.c
Resolving for y=643
start of clauseDistribution function in cuddObj.c
Resolving for y=580
start of clauseDistribution function in cuddObj.c
Resolving for y=576
start of clauseDistribution function in cuddObj.c
Resolving for y=5
start of clauseDistribution function in cuddObj.c
Resolving for y=275
start of clauseDistribution function in cuddObj.c
Resolving for y=298
start of clauseDistribution function in cuddObj.c
Resolving for y=334
start of clauseDistribution function in cuddObj.c
Resolving for y=352
start of clauseDistribution function in cuddObj.c
Resolving for y=358
start of clauseDistribution function in cuddObj.c
Resolving for y=373
start of clauseDistribution function in cuddObj.c
Resolving for y=386
start of clauseDistribution function in cuddObj.c
Resolving for y=404
start of clauseDistribution function in cuddObj.c
Resolving for y=440
start of clauseDistribution function in cuddObj.c
Resolving for y=458
start of clauseDistribution function in cuddObj.c
Resolving for y=464
start of clauseDistribution function in cuddObj.c
Resolving for y=474
start of clauseDistribution function in cuddObj.c
Resolving for y=720
start of clauseDistribution function in cuddObj.c
Resolving for y=719
start of clauseDistribution function in cuddObj.c
Resolving for y=718
start of clauseDistribution function in cuddObj.c
Resolving for y=711
start of clauseDistribution function in cuddObj.c
Resolving for y=704
start of clauseDistribution function in cuddObj.c
Resolving for y=697
start of clauseDistribution function in cuddObj.c
Resolving for y=689
start of clauseDistribution function in cuddObj.c
Resolving for y=686
start of clauseDistribution function in cuddObj.c
Resolving for y=680
start of clauseDistribution function in cuddObj.c
Resolving for y=677
start of clauseDistribution function in cuddObj.c
Resolving for y=676
start of clauseDistribution function in cuddObj.c
Resolving for y=673
start of clauseDistribution function in cuddObj.c
Resolving for y=670
start of clauseDistribution function in cuddObj.c
Resolving for y=666
start of clauseDistribution function in cuddObj.c
Resolving for y=660
start of clauseDistribution function in cuddObj.c
Resolving for y=657
start of clauseDistribution function in cuddObj.c
Resolving for y=656
start of clauseDistribution function in cuddObj.c
Resolving for y=653
start of clauseDistribution function in cuddObj.c
Resolving for y=650
start of clauseDistribution function in cuddObj.c
Resolving for y=646
start of clauseDistribution function in cuddObj.c
Resolving for y=640
start of clauseDistribution function in cuddObj.c
Resolving for y=637
start of clauseDistribution function in cuddObj.c
Resolving for y=585
start of clauseDistribution function in cuddObj.c
Resolving for y=582
start of clauseDistribution function in cuddObj.c
Resolving for y=579
start of clauseDistribution function in cuddObj.c
Resolving for y=573
start of clauseDistribution function in cuddObj.c
Resolving for y=570
start of clauseDistribution function in cuddObj.c
Resolving for y=199
start of clauseDistribution function in cuddObj.c
Resolving for y=197
start of clauseDistribution function in cuddObj.c
Resolving for y=195
start of clauseDistribution function in cuddObj.c
Resolving for y=191
start of clauseDistribution function in cuddObj.c
Resolving for y=187
start of clauseDistribution function in cuddObj.c
Resolving for y=185
start of clauseDistribution function in cuddObj.c
Resolving for y=183
start of clauseDistribution function in cuddObj.c
Resolving for y=179
start of clauseDistribution function in cuddObj.c
Resolving for y=177
start of clauseDistribution function in cuddObj.c
Resolving for y=175
start of clauseDistribution function in cuddObj.c
Resolving for y=173
start of clauseDistribution function in cuddObj.c
Resolving for y=171
start of clauseDistribution function in cuddObj.c
Resolving for y=169
start of clauseDistribution function in cuddObj.c
Resolving for y=167
start of clauseDistribution function in cuddObj.c
Resolving for y=165
start of clauseDistribution function in cuddObj.c
Resolving for y=163
start of clauseDistribution function in cuddObj.c
Resolving for y=159
start of clauseDistribution function in cuddObj.c
Resolving for y=157
start of clauseDistribution function in cuddObj.c
Resolving for y=155
start of clauseDistribution function in cuddObj.c
Resolving for y=153
start of clauseDistribution function in cuddObj.c
Resolving for y=151
start of clauseDistribution function in cuddObj.c
Resolving for y=147
start of clauseDistribution function in cuddObj.c
Resolving for y=145
start of clauseDistribution function in cuddObj.c
Resolving for y=143
start of clauseDistribution function in cuddObj.c
Resolving for y=141
start of clauseDistribution function in cuddObj.c
Resolving for y=139
start of clauseDistribution function in cuddObj.c
Resolving for y=137
start of clauseDistribution function in cuddObj.c
Resolving for y=135
start of clauseDistribution function in cuddObj.c
Resolving for y=133
start of clauseDistribution function in cuddObj.c
Resolving for y=131
start of clauseDistribution function in cuddObj.c
Resolving for y=123
start of clauseDistribution function in cuddObj.c
Resolving for y=127
start of clauseDistribution function in cuddObj.c
Resolving for y=121
start of clauseDistribution function in cuddObj.c
Resolving for y=119
start of clauseDistribution function in cuddObj.c
Resolving for y=115
start of clauseDistribution function in cuddObj.c
Resolving for y=113
start of clauseDistribution function in cuddObj.c
Resolving for y=111
start of clauseDistribution function in cuddObj.c
Resolving for y=109
start of clauseDistribution function in cuddObj.c
Resolving for y=107
start of clauseDistribution function in cuddObj.c
Resolving for y=105
start of clauseDistribution function in cuddObj.c
Resolving for y=103
start of clauseDistribution function in cuddObj.c
Resolving for y=101
start of clauseDistribution function in cuddObj.c
Resolving for y=99
start of clauseDistribution function in cuddObj.c
Resolving for y=95
start of clauseDistribution function in cuddObj.c
Resolving for y=45
start of clauseDistribution function in cuddObj.c
Resolving for y=49
start of clauseDistribution function in cuddObj.c
Resolving for y=43
start of clauseDistribution function in cuddObj.c
Resolving for y=47
start of clauseDistribution function in cuddObj.c
Resolving for y=41
start of clauseDistribution function in cuddObj.c
Resolving for y=39
start of clauseDistribution function in cuddObj.c
Resolving for y=37
start of clauseDistribution function in cuddObj.c
Resolving for y=31
start of clauseDistribution function in cuddObj.c
Resolving for y=35
start of clauseDistribution function in cuddObj.c
Resolving for y=29
start of clauseDistribution function in cuddObj.c
Resolving for y=27
start of clauseDistribution function in cuddObj.c
Resolving for y=25
start of clauseDistribution function in cuddObj.c
Resolving for y=23
start of clauseDistribution function in cuddObj.c
Resolving for y=9
start of clauseDistribution function in cuddObj.c
Resolving for y=13
start of clauseDistribution function in cuddObj.c
Resolving for y=7
start of clauseDistribution function in cuddObj.c
Resolving for y=11
start of clauseDistribution function in cuddObj.c
Resolving for y=81
start of clauseDistribution function in cuddObj.c
Resolving for y=73
start of clauseDistribution function in cuddObj.c
Resolving for y=71
start of clauseDistribution function in cuddObj.c
Resolving for y=15
start of clauseDistribution function in cuddObj.c
Resolving for y=75
start of clauseDistribution function in cuddObj.c
Resolving for y=79
start of clauseDistribution function in cuddObj.c
Resolving for y=17
start of clauseDistribution function in cuddObj.c
Resolving for y=19
start of clauseDistribution function in cuddObj.c
Resolving for y=69
start of clauseDistribution function in cuddObj.c
Resolving for y=51
start of clauseDistribution function in cuddObj.c
Resolving for y=67
start of clauseDistribution function in cuddObj.c
Resolving for y=55
start of clauseDistribution function in cuddObj.c
Resolving for y=57
start of clauseDistribution function in cuddObj.c
Resolving for y=59
start of clauseDistribution function in cuddObj.c
Resolving for y=63
start of clauseDistribution function in cuddObj.c
Resolving for y=77
start of clauseDistribution function in cuddObj.c
Resolving for y=83
start of clauseDistribution function in cuddObj.c
Resolving for y=87
start of clauseDistribution function in cuddObj.c
Resolving for y=89
start of clauseDistribution function in cuddObj.c
Resolving for y=91
start of clauseDistribution function in cuddObj.c
Resolving for y=93
start of clauseDistribution function in cuddObj.c
Resolving for y=201
start of clauseDistribution function in cuddObj.c
Resolving for y=203
start of clauseDistribution function in cuddObj.c
Resolving for y=205
start of clauseDistribution function in cuddObj.c
Resolving for y=207
start of clauseDistribution function in cuddObj.c
Resolving for y=209
start of clauseDistribution function in cuddObj.c
Resolving for y=211
start of clauseDistribution function in cuddObj.c
Resolving for y=213
start of clauseDistribution function in cuddObj.c
Resolving for y=215
start of clauseDistribution function in cuddObj.c
Resolving for y=217
start of clauseDistribution function in cuddObj.c
Resolving for y=219
start of clauseDistribution function in cuddObj.c
Resolving for y=221
start of clauseDistribution function in cuddObj.c
Resolving for y=223
start of clauseDistribution function in cuddObj.c
Resolving for y=225
start of clauseDistribution function in cuddObj.c
Resolving for y=227
start of clauseDistribution function in cuddObj.c
Resolving for y=229
start of clauseDistribution function in cuddObj.c
Resolving for y=231
start of clauseDistribution function in cuddObj.c
Resolving for y=233
start of clauseDistribution function in cuddObj.c
Resolving for y=235
start of clauseDistribution function in cuddObj.c
Resolving for y=237
start of clauseDistribution function in cuddObj.c
Resolving for y=239
start of clauseDistribution function in cuddObj.c
Resolving for y=241
start of clauseDistribution function in cuddObj.c
Resolving for y=243
start of clauseDistribution function in cuddObj.c
Resolving for y=245
start of clauseDistribution function in cuddObj.c
Resolving for y=247
start of clauseDistribution function in cuddObj.c
Resolving for y=249
start of clauseDistribution function in cuddObj.c
Resolving for y=253
start of clauseDistribution function in cuddObj.c
Resolving for y=284
start of clauseDistribution function in cuddObj.c
Resolving for y=287
start of clauseDistribution function in cuddObj.c
Resolving for y=291
start of clauseDistribution function in cuddObj.c
Resolving for y=294
start of clauseDistribution function in cuddObj.c
Resolving for y=301
start of clauseDistribution function in cuddObj.c
Resolving for y=304
start of clauseDistribution function in cuddObj.c
Resolving for y=307
start of clauseDistribution function in cuddObj.c
Resolving for y=311
start of clauseDistribution function in cuddObj.c
Resolving for y=314
start of clauseDistribution function in cuddObj.c
Resolving for y=318
start of clauseDistribution function in cuddObj.c
Resolving for y=321
start of clauseDistribution function in cuddObj.c
Resolving for y=324
start of clauseDistribution function in cuddObj.c
Resolving for y=327
start of clauseDistribution function in cuddObj.c
Resolving for y=331
start of clauseDistribution function in cuddObj.c
Resolving for y=338
start of clauseDistribution function in cuddObj.c
Resolving for y=341
start of clauseDistribution function in cuddObj.c
Resolving for y=345
start of clauseDistribution function in cuddObj.c
Resolving for y=348
start of clauseDistribution function in cuddObj.c
Resolving for y=355
start of clauseDistribution function in cuddObj.c
Resolving for y=361
start of clauseDistribution function in cuddObj.c
Resolving for y=364
start of clauseDistribution function in cuddObj.c
Resolving for y=367
start of clauseDistribution function in cuddObj.c
Resolving for y=368
start of clauseDistribution function in cuddObj.c
Resolving for y=370
start of clauseDistribution function in cuddObj.c
Resolving for y=376
start of clauseDistribution function in cuddObj.c
Resolving for y=379
start of clauseDistribution function in cuddObj.c
Resolving for y=383
start of clauseDistribution function in cuddObj.c
Resolving for y=390
start of clauseDistribution function in cuddObj.c
Resolving for y=393
start of clauseDistribution function in cuddObj.c
Resolving for y=397
start of clauseDistribution function in cuddObj.c
Resolving for y=400
start of clauseDistribution function in cuddObj.c
Resolving for y=407
start of clauseDistribution function in cuddObj.c
Resolving for y=410
start of clauseDistribution function in cuddObj.c
Resolving for y=413
start of clauseDistribution function in cuddObj.c
Resolving for y=417
start of clauseDistribution function in cuddObj.c
Resolving for y=420
start of clauseDistribution function in cuddObj.c
Resolving for y=424
start of clauseDistribution function in cuddObj.c
Resolving for y=427
start of clauseDistribution function in cuddObj.c
Resolving for y=430
start of clauseDistribution function in cuddObj.c
Resolving for y=433
start of clauseDistribution function in cuddObj.c
Resolving for y=437
start of clauseDistribution function in cuddObj.c
Resolving for y=444
start of clauseDistribution function in cuddObj.c
Resolving for y=447
start of clauseDistribution function in cuddObj.c
Resolving for y=451
start of clauseDistribution function in cuddObj.c
Resolving for y=454
start of clauseDistribution function in cuddObj.c
Resolving for y=461
start of clauseDistribution function in cuddObj.c
Resolving for y=467
start of clauseDistribution function in cuddObj.c
Resolving for y=470
start of clauseDistribution function in cuddObj.c
Resolving for y=473
start of clauseDistribution function in cuddObj.c
Resolving for y=476
start of clauseDistribution function in cuddObj.c
Resolving for y=479
start of clauseDistribution function in cuddObj.c
Resolving for y=721
start of clauseDistribution function in cuddObj.c
Resolving for y=717
start of clauseDistribution function in cuddObj.c
Resolving for y=712
start of clauseDistribution function in cuddObj.c
Resolving for y=710
start of clauseDistribution function in cuddObj.c
Resolving for y=705
start of clauseDistribution function in cuddObj.c
Resolving for y=703
start of clauseDistribution function in cuddObj.c
Resolving for y=698
start of clauseDistribution function in cuddObj.c
Resolving for y=696
start of clauseDistribution function in cuddObj.c
Resolving for y=685
start of clauseDistribution function in cuddObj.c
Resolving for y=636
start of clauseDistribution function in cuddObj.c
