MCS ordering: 1963 1867 1967 1871 1971 1959 1875 1863 1975 1879 1979 1955 1883 1859 1983 1887 1987 1951 1891 1855 1991 1895 1995 1947 1899 1851 1999 1903 2003 1907 1847 2007 1911 2011 1939 1915 1843 2015 1919 2019 1935 1923 1839 2023 1927 2027 1931 1835 2031 2035 1831 2039 1943 2043 1827 2047 2051 1823 2055 2059 1819 2063 2067 1815 2071 2075 1811 2079 2083 1807 2087 2091 1803 2095 2099 1799 2103 2107 2111 2115 2119 2175 2179 2183 2187 2191 2231 2227 2235 2239 2207 2199 2247 2203 2195 2211 2143 2243 2287 2283 2223 2159 2167 2155 2215 2163 2219 2139 2135 2259 2151 2251 2291 2295 2255 2147 2271 2127 2267 2263 2171 2279 2123 2131 2275 1795 2299 1793 2301 2001 1997 2005 1993 2009 1989 2013 1893 1985 2017 1889 1981 2021 1885 1977 2025 1881 1973 2029 1877 1969 2033 1873 1965 2037 1869 1961 2041 1865 1957 2045 1861 1953 2049 1857 1949 2053 1853 1945 2057 1849 1941 2061 1845 1937 2065 1841 1933 2069 1837 1929 2073 1833 1925 2077 1829 1921 2081 1825 1917 2085 1821 1913 2089 1817 1909 2093 1813 1905 2097 1809 1901 2101 1805 1897 2105 1801 2109 1797 2113 2117 2193 2189 2197 2201 2209 2169 2165 2205 2161 2237 2157 2233 2253 2177 2173 2217 2249 2241 2245 2213 2221 2181 2229 2185 2225 2153 2149 2145 2141 2137 2133 2129 2125 2121 2257 2261 2265 2269 2273 2277 2281 2285 2289 2293 2297 2000 263 2004 1996 267 2008 1992 271 2012 1988 275 2016 1984 279 2020 1980 283 2024 1976 287 2028 1972 291 2032 1968 295 2036 1964 1868 1872 299 2040 1960 1876 1864 1880 303 2044 1956 1884 1860 1888 307 2048 1952 1892 1856 1896 311 2052 1948 1900 1852 1904 315 2056 1944 1908 261 1912 319 2060 265 1940 1916 1844 269 1920 323 2064 273 1936 1924 1840 277 1928 327 2068 281 1932 1836 285 331 2072 289 1832 293 335 2076 297 1828 301 339 2080 305 1824 309 343 2084 313 1820 317 347 2088 321 1816 325 351 2092 329 1812 333 355 2096 337 1808 341 359 2100 345 1804 349 363 2104 353 1800 357 367 2108 361 1796 365 371 2112 369 373 375 2116 377 379 2120 2176 435 2180 439 2184 443 2192 451 459 2200 455 2196 463 2204 467 2208 471 2212 461 457 475 2216 465 453 2232 491 479 2220 469 449 2228 487 2236 495 447 2188 2240 499 483 2224 473 445 427 2168 503 2244 2248 507 423 2164 431 2172 421 2288 497 2128 387 2256 2148 407 415 2156 511 2252 425 1848 417 2284 493 413 2280 489 437 2144 403 2260 2296 505 429 2136 395 419 2160 2140 399 501 2292 481 2272 2268 441 2264 2124 383 477 2132 391 433 2276 485 509 2152 411 409 405 401 397 393 389 385 381 816 1022 2555 814 1020 2553 812 1018 2551 810 1016 2549 808 1014 2547 806 1012 2545 804 1010 2543 802 1008 2541 800 1006 2539 798 1004 2537 796 1002 2535 794 1000 2533 792 998 2531 790 996 2529 788 994 2527 786 992 2525 784 990 2523 782 988 2521 780 986 2519 778 984 2517 776 982 2515 774 980 2513 772 978 2511 976 2509 2307 974 2507 2309 972 2505 2311 970 2503 2313 968 2501 2315 966 2499 2317 964 2497 2319 962 2495 2321 960 2493 2323 958 2491 2325 956 2489 2327 954 2487 2329 952 2485 2331 950 2483 2333 948 2481 2335 946 2479 2337 944 2477 2339 942 2475 2341 940 2473 2343 938 2471 2345 936 2469 2347 934 2467 2349 932 2465 2351 930 2463 2353 928 2461 2355 926 2459 2357 924 2457 2359 922 2455 2361 920 2453 2363 918 2451 2365 916 2449 2367 914 2447 2369 912 2445 2371 910 2443 2373 908 2441 2375 906 2439 2377 904 2437 2379 902 2435 2381 900 2433 2383 898 2431 2385 896 2429 2387 894 2427 2389 892 2425 2391 890 2423 2393 888 2421 2395 886 2419 2397 884 2417 2399 882 2415 2401 880 2413 2403 878 2411 2405 876 2409 2407 874 872 870 868 866 864 862 860 858 856 854 852 850 848 846 844 842 840 838 836 834 832 830 828 826 824 822 820 818 771 1791 2300 2558 2557 1789 1787 1785 1784 1782 1781 1779 1778 1776 1775 1773 1772 1770 1769 1767 1766 1764 1763 1761 1760 1758 1757 1755 1754 1752 1751 1749 1748 1746 1745 1743 1742 1740 1739 1737 1736 1734 1733 1731 1730 1728 1727 1725 1724 1722 1721 1719 1718 1716 1715 1713 1712 1710 1709 1707 1706 1704 1703 1701 1700 1698 1697 1695 1694 1692 1691 1689 1688 1686 1685 1683 1682 1680 1679 1677 1676 1674 1673 1671 1670 1668 1667 1665 1664 1662 1661 1659 1658 1656 1655 1653 1652 1650 1649 1647 1646 1644 1643 1641 1640 1638 1637 1635 1634 1632 1631 1629 1628 1626 1625 1623 1622 1620 1619 1617 1616 1614 1613 1611 1610 1608 1607 1605 1604 1602 1601 1599 1598 1596 1595 1593 1592 1590 1589 1587 1586 1584 1583 1581 1580 1578 1577 1575 1574 1572 1571 1569 1568 1566 1565 1563 1562 1560 1559 1557 1556 1554 1553 1551 1550 1548 1547 1545 1544 1542 1541 1539 1538 1536 1535 1533 1532 1530 1529 1527 1526 1524 1523 1521 1520 1518 1517 1515 1514 1512 1511 1509 1508 1506 1505 1503 1502 1500 1499 1497 1496 1494 1493 1491 1490 1488 1487 1485 1484 1482 1481 1479 1478 1476 1475 1473 1472 1470 1469 1467 1466 1464 1463 1461 1460 1458 1457 1455 1454 1452 1451 1449 1448 1446 1445 1443 1442 1440 1439 1437 1436 1434 1433 1431 1430 1428 1427 1425 1424 1422 1421 1419 1418 1416 1415 1413 1412 1410 1409 1406 1404 1403 1402 1400 1399 1397 1396 1394 1393 1391 1390 1388 1387 1385 1384 1382 1381 1379 1378 1376 1375 1373 1372 1370 1369 1367 1366 1364 1363 1361 1360 1358 1357 1355 1354 1352 1351 1349 1348 1346 1345 1343 1342 1340 1339 1337 1336 1334 1333 1331 1330 1328 1327 1325 1324 1322 1321 1319 1318 1316 1315 1313 1312 1310 1309 1307 1306 1304 1303 1301 1300 1298 1297 1295 1294 1292 1291 1289 1288 1286 1285 1283 1282 1280 1279 1277 1276 1274 1273 1271 1270 1268 1267 1265 1264 1262 1261 1259 1258 1256 1255 1253 1252 1250 1249 1247 1246 1244 1243 1241 1240 1238 1237 1235 1234 1232 1231 1229 1228 1226 1225 1223 1222 1220 1219 1217 1216 1214 1213 1211 1210 1208 1207 1205 1204 1202 1201 1199 1198 1196 1195 1193 1192 1190 1189 1187 1186 1184 1183 1181 1180 1178 1177 1175 1174 1172 1171 1169 1168 1166 1165 1163 1162 1160 1159 1157 1156 1154 1153 1151 1150 1148 1147 1145 1144 1142 1141 1139 1138 1136 1135 1133 1132 1130 1129 1127 1126 1124 1123 1121 1120 1118 1117 1115 1114 1112 1111 1109 1108 1106 1105 1103 1102 1100 1099 1097 1096 1094 1093 1091 1090 1088 1087 1085 1084 1082 1081 1079 1078 1076 1075 1073 1072 1070 1069 1067 1066 1064 1063 1061 1060 1058 1057 1055 1054 1052 1051 1049 1048 1046 1045 1043 1042 1040 1039 1037 1036 1034 1033 1031 1030 1028 1027 259 255 251 153 247 149 243 145 239 141 235 137 231 133 227 129 223 127 221 131 125 225 219 135 123 229 217 139 121 233 215 143 119 237 213 147 117 241 211 151 115 245 209 155 113 249 207 159 111 253 205 163 109 257 203 167 201 171 105 199 175 103 197 179 101 195 183 99 193 187 97 191 95 189 93 91 185 89 87 181 85 83 177 81 79 173 77 75 169 73 71 165 69 67 161 65 63 157 61 59 57 55 53 51 49 45 41 43 39 47 37 17 19 15 1407 13 11 546 7 542 515 9 27 6 5 23 107 1025 25 518 558 29 550 554 21 530 526 522 33 31 538 35 534 517 520 524 528 532 536 540 544 548 552 556 2302 560 562 2304 564 2305 768 566 766 568 764 570 762 572 760 574 758 576 756 578 754 580 752 582 750 584 748 586 746 588 744 590 742 592 740 594 738 596 736 598 734 600 732 602 730 604 728 606 726 608 724 610 722 612 720 614 718 616 716 618 714 620 712 622 710 624 708 626 706 628 704 630 702 632 700 634 698 636 696 638 694 640 692 642 690 644 688 646 686 648 684 650 682 652 680 654 678 656 676 658 674 660 672 662 670 664 668 666 769 1794 1790 1788 1786 1783 1780 1777 1774 1771 1768 1765 1762 1759 1756 1753 1750 1747 1744 1741 1738 1735 1732 1729 1726 1723 1720 1717 1714 1711 1708 1705 1702 1699 1696 1693 1690 1687 1684 1681 1678 1675 1672 1669 1666 1663 1660 1657 1654 1651 1648 1645 1642 1639 1636 1633 1630 1627 1624 1621 1618 1615 1612 1609 1606 1603 1600 1597 1594 1591 1588 1585 1582 1579 1576 1573 1570 1567 1564 1561 1558 1555 1552 1549 1546 1543 1540 1537 1534 1531 1528 1525 1522 1519 1516 1513 1510 1507 1504 1501 1498 1495 1492 1489 1486 1483 1480 1477 1474 1471 1468 1465 1462 1459 1456 1453 1450 1447 1444 1441 1438 1435 1432 1429 1426 1423 1420 1417 1414 1411 1408 1405 1401 1398 1395 1392 1389 1386 1383 1380 1377 1374 1371 1368 1365 1362 1359 1356 1353 1350 1347 1344 1341 1338 1335 1332 1329 1326 1323 1320 1317 1314 1311 1308 1305 1302 1299 1296 1293 1290 1287 1284 1281 1278 1275 1272 1269 1266 1263 1260 1257 1254 1251 1248 1245 1242 1239 1236 1233 1230 1227 1224 1221 1218 1215 1212 1209 1206 1203 1200 1197 1194 1191 1188 1185 1182 1179 1176 1173 1170 1167 1164 1161 1158 1155 1152 1149 1146 1143 1140 1137 1134 1131 1128 1125 1122 1119 1116 1113 1110 1107 1104 1101 1098 1095 1092 1089 1086 1083 1080 1077 1074 1071 1068 1065 1062 1059 1056 1053 1050 1047 1044 1041 1038 1035 1032 1029 1026 2556 2554 2552 2550 2548 2546 2544 2542 2540 2538 2536 2534 2532 2530 2528 2526 2524 2522 2520 2518 2516 2514 2512 2510 2508 2506 2504 2502 2500 2498 2496 2494 2492 2490 2488 2486 2484 2482 2480 2478 2476 2474 2472 2470 2468 2466 2464 2462 2460 2458 2456 260 256 264 252 268 1894 248 272 152 1890 244 276 148 1886 240 280 144 1882 236 284 140 1878 232 288 136 1874 228 292 132 1870 224 296 128 222 126 1962 226 1866 220 1966 130 300 124 230 218 1970 134 122 1958 234 1862 216 1974 138 304 120 238 214 1978 142 118 1954 242 1858 212 1982 146 308 116 246 210 1986 150 114 1950 250 1854 208 1990 154 312 112 254 206 1994 158 110 1946 258 1850 204 1998 162 316 108 262 2002 166 106 1942 266 1846 200 2006 170 320 104 270 198 2010 174 102 1938 274 1842 196 2014 178 324 100 278 194 2018 182 98 1934 282 1838 192 2022 186 328 96 286 190 2026 94 1930 290 1834 188 2030 332 92 294 2034 90 1926 298 1830 184 2038 202 336 88 302 2042 86 1922 306 1826 180 2046 340 84 310 2050 82 1918 314 1822 176 2054 344 80 318 2058 78 1914 322 1818 172 2062 348 76 326 2066 74 1910 330 1814 168 2070 352 72 334 2074 70 1906 338 1810 164 2078 356 68 342 2082 66 1902 346 1806 160 2086 360 64 350 2090 62 1898 354 1802 156 2094 364 60 358 2098 58 362 1798 2102 368 56 366 2106 54 370 2110 372 52 2114 374 50 376 2118 378 434 438 442 446 450 46 42 2202 48 2198 2206 44 2194 452 2210 40 2190 490 448 456 486 38 494 460 2214 36 2186 498 466 18 458 468 16 506 428 424 462 14 464 454 470 22 12 2162 547 402 2238 502 420 496 416 492 482 418 512 436 426 414 474 26 2166 432 422 478 30 8 2158 543 398 2234 4 2154 539 394 2230 476 28 2178 508 519 555 410 2246 20 2170 510 500 10 504 559 24 514 472 406 2242 551 480 386 2222 531 527 32 2182 523 440 430 488 2218 382 34 2174 535 390 2226 444 484 513 2254 2250 412 2150 408 2146 404 2142 400 2138 396 2134 392 2130 388 2126 384 2122 380 2258 516 2262 521 2266 525 2270 529 2274 533 2278 537 2282 541 2286 545 2290 549 2294 553 2298 557 561 817 1024 1023 1021 1019 1017 1015 1013 1011 1009 1007 1005 1003 1001 999 997 995 993 991 989 987 985 983 981 979 563 770 977 565 2306 975 567 2308 973 569 2310 971 571 2312 969 573 2314 967 575 2316 965 577 2318 963 579 2320 961 581 2322 959 583 2324 957 585 2326 955 587 2328 953 589 2330 951 591 2332 949 593 2334 947 595 2336 945 597 2338 943 599 2340 941 601 2342 939 603 2344 937 605 2346 935 607 2348 933 609 2350 931 611 2352 929 613 2354 927 615 2356 925 617 2358 923 619 2360 921 621 2362 919 623 2364 917 625 2366 915 627 2368 913 629 2370 911 631 2372 909 633 2374 907 635 2376 905 637 2378 903 639 2380 901 641 2382 899 643 2384 897 645 2386 895 647 2388 893 649 2390 891 651 2392 889 653 2394 887 655 2396 885 657 2398 883 659 2400 881 661 2402 879 663 2404 877 665 2406 875 667 2408 873 669 2410 871 671 2412 869 673 2414 867 675 2416 865 677 2418 863 679 2420 861 681 2422 859 683 2424 857 685 2426 855 687 2428 853 689 2430 851 691 2432 849 693 2434 847 695 2436 845 697 2438 843 699 2440 841 701 2442 839 703 2444 837 705 2446 835 707 2448 833 709 2450 831 711 2452 829 713 2454 827 715 825 717 823 719 821 721 819 723 725 815 727 813 729 811 731 809 733 807 735 805 737 803 739 801 741 799 743 797 745 795 747 793 749 791 751 789 753 787 755 785 757 783 759 781 761 779 763 777 765 775 767 773 1792 2303 3 2 2559 
RESOLVING Scope: 1791 1793 1795 1797 1799 1801 1803 1805 1807 1809 1811 1813 1815 1817 1819 1821 1823 1825 1827 1829 1831 1833 1835 1837 1839 1841 1843 1845 1847 1849 1851 1853 1855 1857 1859 1861 1863 1865 1867 1869 1871 1873 1875 1877 1879 1881 1883 1885 1887 1889 1891 1893 1895 1897 1899 1901 1903 1905 1907 1909 1911 1913 1915 1917 1919 1921 1923 1925 1927 1929 1931 1933 1935 1937 1939 1941 1943 1945 1947 1949 1951 1953 1955 1957 1959 1961 1963 1965 1967 1969 1971 1973 1975 1977 1979 1981 1983 1985 1987 1989 1991 1993 1995 1997 1999 2001 2003 2005 2007 2009 2011 2013 2015 2017 2019 2021 2023 2025 2027 2029 2031 2033 2035 2037 2039 2041 2043 2045 2047 2049 2051 2053 2055 2057 2059 2061 2063 2065 2067 2069 2071 2073 2075 2077 2079 2081 2083 2085 2087 2089 2091 2093 2095 2097 2099 2101 2103 2105 2107 2109 2111 2113 2115 2117 2119 2121 2123 2125 2127 2129 2131 2133 2135 2137 2139 2141 2143 2145 2147 2149 2151 2153 2155 2157 2159 2161 2163 2165 2167 2169 2171 2173 2175 2177 2179 2181 2183 2185 2187 2189 2191 2193 2195 2197 2199 2201 2203 2205 2207 2209 2211 2213 2215 2217 2219 2221 2223 2225 2227 2229 2231 2233 2235 2237 2239 2241 2243 2245 2247 2249 2251 2253 2255 2257 2259 2261 2263 2265 2267 2269 2271 2273 2275 2277 2279 2281 2283 2285 2287 2289 2291 2293 2295 2297 2299 2301 2 3 4 5 6 7 8 9 10 11 12 13 14 15 16 17 18 19 20 21 22 23 24 25 26 27 28 29 30 31 32 33 34 35 36 37 38 39 40 41 42 43 44 45 46 47 48 49 50 51 52 53 54 55 56 57 58 59 60 61 62 63 64 65 66 67 68 69 70 71 72 73 74 75 76 77 78 79 80 81 82 83 84 85 86 87 88 89 90 91 92 93 94 95 96 97 98 99 100 101 102 103 104 105 106 107 108 109 110 111 112 113 114 115 116 117 118 119 120 121 122 123 124 125 126 127 128 129 130 131 132 133 134 135 136 137 138 139 140 141 142 143 144 145 146 147 148 149 150 151 152 153 154 155 156 157 158 159 160 161 162 163 164 165 166 167 168 169 170 171 172 173 174 175 176 177 178 179 180 181 182 183 184 185 186 187 188 189 190 191 192 193 194 195 196 197 198 199 200 201 202 203 204 205 206 207 208 209 210 211 212 213 214 215 216 217 218 219 220 221 222 223 224 225 226 227 228 229 230 231 232 233 234 235 236 237 238 239 240 241 242 243 244 245 246 247 248 249 250 251 252 253 254 255 256 257 258 259 260 261 262 263 264 265 266 267 268 269 270 271 272 273 274 275 276 277 278 279 280 281 282 283 284 285 286 287 288 289 290 291 292 293 294 295 296 297 298 299 300 301 302 303 304 305 306 307 308 309 310 311 312 313 314 315 316 317 318 319 320 321 322 323 324 325 326 327 328 329 330 331 332 333 334 335 336 337 338 339 340 341 342 343 344 345 346 347 348 349 350 351 352 353 354 355 356 357 358 359 360 361 362 363 364 365 366 367 368 369 370 371 372 373 374 375 376 377 378 379 380 381 382 383 384 385 386 387 388 389 390 391 392 393 394 395 396 397 398 399 400 401 402 403 404 405 406 407 408 409 410 411 412 413 414 415 416 417 418 419 420 421 422 423 424 425 426 427 428 429 430 431 432 433 434 435 436 437 438 439 440 441 442 443 444 445 446 447 448 449 450 451 452 453 454 455 456 457 458 459 460 461 462 463 464 465 466 467 468 469 470 471 472 473 474 475 476 477 478 479 480 481 482 483 484 485 486 487 488 489 490 491 492 493 494 495 496 497 498 499 500 501 502 503 504 505 506 507 508 509 510 511 512 513 514 515 516 517 518 519 520 521 522 523 524 525 526 527 528 529 530 531 532 533 534 535 536 537 538 539 540 541 542 543 544 545 546 547 548 549 550 551 552 553 554 555 556 557 558 559 560 561 562 563 564 565 566 567 568 569 570 571 572 573 574 575 576 577 578 579 580 581 582 583 584 585 586 587 588 589 590 591 592 593 594 595 596 597 598 599 600 601 602 603 604 605 606 607 608 609 610 611 612 613 614 615 616 617 618 619 620 621 622 623 624 625 626 627 628 629 630 631 632 633 634 635 636 637 638 639 640 641 642 643 644 645 646 647 648 649 650 651 652 653 654 655 656 657 658 659 660 661 662 663 664 665 666 667 668 669 670 671 672 673 674 675 676 677 678 679 680 681 682 683 684 685 686 687 688 689 690 691 692 693 694 695 696 697 698 699 700 701 702 703 704 705 706 707 708 709 710 711 712 713 714 715 716 717 718 719 720 721 722 723 724 725 726 727 728 729 730 731 732 733 734 735 736 737 738 739 740 741 742 743 744 745 746 747 748 749 750 751 752 753 754 755 756 757 758 759 760 761 762 763 764 765 766 767 768 769 770 771 772 773 774 775 776 777 778 779 780 781 782 783 784 785 786 787 788 789 790 791 792 793 794 795 796 797 798 799 800 801 802 803 804 805 806 807 808 809 810 811 812 813 814 815 816 817 818 819 820 821 822 823 824 825 826 827 828 829 830 831 832 833 834 835 836 837 838 839 840 841 842 843 844 845 846 847 848 849 850 851 852 853 854 855 856 857 858 859 860 861 862 863 864 865 866 867 868 869 870 871 872 873 874 875 876 877 878 879 880 881 882 883 884 885 886 887 888 889 890 891 892 893 894 895 896 897 898 899 900 901 902 903 904 905 906 907 908 909 910 911 912 913 914 915 916 917 918 919 920 921 922 923 924 925 926 927 928 929 930 931 932 933 934 935 936 937 938 939 940 941 942 943 944 945 946 947 948 949 950 951 952 953 954 955 956 957 958 959 960 961 962 963 964 965 966 967 968 969 970 971 972 973 974 975 976 977 978 979 980 981 982 983 984 985 986 987 988 989 990 991 992 993 994 995 996 997 998 999 1000 1001 1002 1003 1004 1005 1006 1007 1008 1009 1010 1011 1012 1013 1014 1015 1016 1017 1018 1019 1020 1021 1022 1023 1024 1025 1026 1027 1028 1029 1030 1031 1032 1033 1034 1035 1036 1037 1038 1039 1040 1041 1042 1043 1044 1045 1046 1047 1048 1049 1050 1051 1052 1053 1054 1055 1056 1057 1058 1059 1060 1061 1062 1063 1064 1065 1066 1067 1068 1069 1070 1071 1072 1073 1074 1075 1076 1077 1078 1079 1080 1081 1082 1083 1084 1085 1086 1087 1088 1089 1090 1091 1092 1093 1094 1095 1096 1097 1098 1099 1100 1101 1102 1103 1104 1105 1106 1107 1108 1109 1110 1111 1112 1113 1114 1115 1116 1117 1118 1119 1120 1121 1122 1123 1124 1125 1126 1127 1128 1129 1130 1131 1132 1133 1134 1135 1136 1137 1138 1139 1140 1141 1142 1143 1144 1145 1146 1147 1148 1149 1150 1151 1152 1153 1154 1155 1156 1157 1158 1159 1160 1161 1162 1163 1164 1165 1166 1167 1168 1169 1170 1171 1172 1173 1174 1175 1176 1177 1178 1179 1180 1181 1182 1183 1184 1185 1186 1187 1188 1189 1190 1191 1192 1193 1194 1195 1196 1197 1198 1199 1200 1201 1202 1203 1204 1205 1206 1207 1208 1209 1210 1211 1212 1213 1214 1215 1216 1217 1218 1219 1220 1221 1222 1223 1224 1225 1226 1227 1228 1229 1230 1231 1232 1233 1234 1235 1236 1237 1238 1239 1240 1241 1242 1243 1244 1245 1246 1247 1248 1249 1250 1251 1252 1253 1254 1255 1256 1257 1258 1259 1260 1261 1262 1263 1264 1265 1266 1267 1268 1269 1270 1271 1272 1273 1274 1275 1276 1277 1278 1279 1280 1281 1282 1283 1284 1285 1286 1287 1288 1289 1290 1291 1292 1293 1294 1295 1296 1297 1298 1299 1300 1301 1302 1303 1304 1305 1306 1307 1308 1309 1310 1311 1312 1313 1314 1315 1316 1317 1318 1319 1320 1321 1322 1323 1324 1325 1326 1327 1328 1329 1330 1331 1332 1333 1334 1335 1336 1337 1338 1339 1340 1341 1342 1343 1344 1345 1346 1347 1348 1349 1350 1351 1352 1353 1354 1355 1356 1357 1358 1359 1360 1361 1362 1363 1364 1365 1366 1367 1368 1369 1370 1371 1372 1373 1374 1375 1376 1377 1378 1379 1380 1381 1382 1383 1384 1385 1386 1387 1388 1389 1390 1391 1392 1393 1394 1395 1396 1397 1398 1399 1400 1401 1402 1403 1404 1405 1406 1407 1408 1409 1410 1411 1412 1413 1414 1415 1416 1417 1418 1419 1420 1421 1422 1423 1424 1425 1426 1427 1428 1429 1430 1431 1432 1433 1434 1435 1436 1437 1438 1439 1440 1441 1442 1443 1444 1445 1446 1447 1448 1449 1450 1451 1452 1453 1454 1455 1456 1457 1458 1459 1460 1461 1462 1463 1464 1465 1466 1467 1468 1469 1470 1471 1472 1473 1474 1475 1476 1477 1478 1479 1480 1481 1482 1483 1484 1485 1486 1487 1488 1489 1490 1491 1492 1493 1494 1495 1496 1497 1498 1499 1500 1501 1502 1503 1504 1505 1506 1507 1508 1509 1510 1511 1512 1513 1514 1515 1516 1517 1518 1519 1520 1521 1522 1523 1524 1525 1526 1527 1528 1529 1530 1531 1532 1533 1534 1535 1536 1537 1538 1539 1540 1541 1542 1543 1544 1545 1546 1547 1548 1549 1550 1551 1552 1553 1554 1555 1556 1557 1558 1559 1560 1561 1562 1563 1564 1565 1566 1567 1568 1569 1570 1571 1572 1573 1574 1575 1576 1577 1578 1579 1580 1581 1582 1583 1584 1585 1586 1587 1588 1589 1590 1591 1592 1593 1594 1595 1596 1597 1598 1599 1600 1601 1602 1603 1604 1605 1606 1607 1608 1609 1610 1611 1612 1613 1614 1615 1616 1617 1618 1619 1620 1621 1622 1623 1624 1625 1626 1627 1628 1629 1630 1631 1632 1633 1634 1635 1636 1637 1638 1639 1640 1641 1642 1643 1644 1645 1646 1647 1648 1649 1650 1651 1652 1653 1654 1655 1656 1657 1658 1659 1660 1661 1662 1663 1664 1665 1666 1667 1668 1669 1670 1671 1672 1673 1674 1675 1676 1677 1678 1679 1680 1681 1682 1683 1684 1685 1686 1687 1688 1689 1690 1691 1692 1693 1694 1695 1696 1697 1698 1699 1700 1701 1702 1703 1704 1705 1706 1707 1708 1709 1710 1711 1712 1713 1714 1715 1716 1717 1718 1719 1720 1721 1722 1723 1724 1725 1726 1727 1728 1729 1730 1731 1732 1733 1734 1735 1736 1737 1738 1739 1740 1741 1742 1743 1744 1745 1746 1747 1748 1749 1750 1751 1752 1753 1754 1755 1756 1757 1758 1759 1760 1761 1762 1763 1764 1765 1766 1767 1768 1769 1770 1771 1772 1773 1774 1775 1776 1777 1778 1779 1780 1781 1782 1783 1784 1785 1786 1787 1788 1789 1790 2559 
Resolving for y=1963
start of clauseDistribution function in cuddObj.c
Resolving for y=1867
start of clauseDistribution function in cuddObj.c
Resolving for y=1967
start of clauseDistribution function in cuddObj.c
Resolving for y=1871
start of clauseDistribution function in cuddObj.c
Resolving for y=1971
start of clauseDistribution function in cuddObj.c
Resolving for y=1959
start of clauseDistribution function in cuddObj.c
Resolving for y=1875
start of clauseDistribution function in cuddObj.c
Resolving for y=1863
start of clauseDistribution function in cuddObj.c
Resolving for y=1975
start of clauseDistribution function in cuddObj.c
Resolving for y=1879
start of clauseDistribution function in cuddObj.c
Resolving for y=1979
start of clauseDistribution function in cuddObj.c
Resolving for y=1955
start of clauseDistribution function in cuddObj.c
Resolving for y=1883
start of clauseDistribution function in cuddObj.c
Resolving for y=1859
start of clauseDistribution function in cuddObj.c
Resolving for y=1983
start of clauseDistribution function in cuddObj.c
Resolving for y=1887
start of clauseDistribution function in cuddObj.c
Resolving for y=1987
start of clauseDistribution function in cuddObj.c
Resolving for y=1951
start of clauseDistribution function in cuddObj.c
Resolving for y=1891
start of clauseDistribution function in cuddObj.c
Resolving for y=1855
start of clauseDistribution function in cuddObj.c
Resolving for y=1991
start of clauseDistribution function in cuddObj.c
Resolving for y=1895
start of clauseDistribution function in cuddObj.c
Resolving for y=1995
start of clauseDistribution function in cuddObj.c
Resolving for y=1947
start of clauseDistribution function in cuddObj.c
Resolving for y=1899
start of clauseDistribution function in cuddObj.c
Resolving for y=1851
start of clauseDistribution function in cuddObj.c
Resolving for y=1999
start of clauseDistribution function in cuddObj.c
Resolving for y=1903
start of clauseDistribution function in cuddObj.c
Resolving for y=2003
start of clauseDistribution function in cuddObj.c
Resolving for y=1907
start of clauseDistribution function in cuddObj.c
Resolving for y=1847
start of clauseDistribution function in cuddObj.c
Resolving for y=2007
start of clauseDistribution function in cuddObj.c
Resolving for y=1911
start of clauseDistribution function in cuddObj.c
Resolving for y=2011
start of clauseDistribution function in cuddObj.c
Resolving for y=1939
start of clauseDistribution function in cuddObj.c
Resolving for y=1915
start of clauseDistribution function in cuddObj.c
Resolving for y=1843
start of clauseDistribution function in cuddObj.c
Resolving for y=2015
start of clauseDistribution function in cuddObj.c
Resolving for y=1919
start of clauseDistribution function in cuddObj.c
Resolving for y=2019
start of clauseDistribution function in cuddObj.c
Resolving for y=1935
start of clauseDistribution function in cuddObj.c
Resolving for y=1923
start of clauseDistribution function in cuddObj.c
Resolving for y=1839
start of clauseDistribution function in cuddObj.c
Resolving for y=2023
start of clauseDistribution function in cuddObj.c
Resolving for y=1927
start of clauseDistribution function in cuddObj.c
Resolving for y=2027
start of clauseDistribution function in cuddObj.c
Resolving for y=1931
start of clauseDistribution function in cuddObj.c
Resolving for y=1835
start of clauseDistribution function in cuddObj.c
Resolving for y=2031
start of clauseDistribution function in cuddObj.c
Resolving for y=2035
start of clauseDistribution function in cuddObj.c
Resolving for y=1831
start of clauseDistribution function in cuddObj.c
Resolving for y=2039
start of clauseDistribution function in cuddObj.c
Resolving for y=1943
start of clauseDistribution function in cuddObj.c
Resolving for y=2043
start of clauseDistribution function in cuddObj.c
Resolving for y=1827
start of clauseDistribution function in cuddObj.c
Resolving for y=2047
start of clauseDistribution function in cuddObj.c
Resolving for y=2051
start of clauseDistribution function in cuddObj.c
Resolving for y=1823
start of clauseDistribution function in cuddObj.c
Resolving for y=2055
start of clauseDistribution function in cuddObj.c
Resolving for y=2059
start of clauseDistribution function in cuddObj.c
Resolving for y=1819
start of clauseDistribution function in cuddObj.c
Resolving for y=2063
start of clauseDistribution function in cuddObj.c
Resolving for y=2067
start of clauseDistribution function in cuddObj.c
Resolving for y=1815
start of clauseDistribution function in cuddObj.c
Resolving for y=2071
start of clauseDistribution function in cuddObj.c
Resolving for y=2075
start of clauseDistribution function in cuddObj.c
Resolving for y=1811
start of clauseDistribution function in cuddObj.c
Resolving for y=2079
start of clauseDistribution function in cuddObj.c
Resolving for y=2083
start of clauseDistribution function in cuddObj.c
Resolving for y=1807
start of clauseDistribution function in cuddObj.c
Resolving for y=2087
start of clauseDistribution function in cuddObj.c
Resolving for y=2091
start of clauseDistribution function in cuddObj.c
Resolving for y=1803
start of clauseDistribution function in cuddObj.c
Resolving for y=2095
start of clauseDistribution function in cuddObj.c
Resolving for y=2099
start of clauseDistribution function in cuddObj.c
Resolving for y=1799
start of clauseDistribution function in cuddObj.c
Resolving for y=2103
start of clauseDistribution function in cuddObj.c
Resolving for y=2107
start of clauseDistribution function in cuddObj.c
Resolving for y=2111
start of clauseDistribution function in cuddObj.c
Resolving for y=2115
start of clauseDistribution function in cuddObj.c
Resolving for y=2119
start of clauseDistribution function in cuddObj.c
Resolving for y=2175
start of clauseDistribution function in cuddObj.c
Resolving for y=2179
start of clauseDistribution function in cuddObj.c
Resolving for y=2183
start of clauseDistribution function in cuddObj.c
Resolving for y=2187
start of clauseDistribution function in cuddObj.c
Resolving for y=2191
start of clauseDistribution function in cuddObj.c
Resolving for y=2231
start of clauseDistribution function in cuddObj.c
Resolving for y=2227
start of clauseDistribution function in cuddObj.c
Resolving for y=2235
start of clauseDistribution function in cuddObj.c
Resolving for y=2239
start of clauseDistribution function in cuddObj.c
Resolving for y=2207
start of clauseDistribution function in cuddObj.c
Resolving for y=2199
start of clauseDistribution function in cuddObj.c
Resolving for y=2247
start of clauseDistribution function in cuddObj.c
Resolving for y=2203
start of clauseDistribution function in cuddObj.c
Resolving for y=2195
start of clauseDistribution function in cuddObj.c
Resolving for y=2211
start of clauseDistribution function in cuddObj.c
Resolving for y=2143
start of clauseDistribution function in cuddObj.c
Resolving for y=2243
start of clauseDistribution function in cuddObj.c
Resolving for y=2287
start of clauseDistribution function in cuddObj.c
Resolving for y=2283
start of clauseDistribution function in cuddObj.c
Resolving for y=2223
start of clauseDistribution function in cuddObj.c
Resolving for y=2159
start of clauseDistribution function in cuddObj.c
Resolving for y=2167
start of clauseDistribution function in cuddObj.c
Resolving for y=2155
start of clauseDistribution function in cuddObj.c
Resolving for y=2215
start of clauseDistribution function in cuddObj.c
Resolving for y=2163
start of clauseDistribution function in cuddObj.c
Resolving for y=2219
start of clauseDistribution function in cuddObj.c
Resolving for y=2139
start of clauseDistribution function in cuddObj.c
Resolving for y=2135
start of clauseDistribution function in cuddObj.c
Resolving for y=2259
start of clauseDistribution function in cuddObj.c
Resolving for y=2151
start of clauseDistribution function in cuddObj.c
Resolving for y=2251
start of clauseDistribution function in cuddObj.c
Resolving for y=2291
start of clauseDistribution function in cuddObj.c
Resolving for y=2295
start of clauseDistribution function in cuddObj.c
Resolving for y=2255
start of clauseDistribution function in cuddObj.c
Resolving for y=2147
start of clauseDistribution function in cuddObj.c
Resolving for y=2271
start of clauseDistribution function in cuddObj.c
Resolving for y=2127
start of clauseDistribution function in cuddObj.c
Resolving for y=2267
start of clauseDistribution function in cuddObj.c
Resolving for y=2263
start of clauseDistribution function in cuddObj.c
Resolving for y=2171
start of clauseDistribution function in cuddObj.c
Resolving for y=2279
start of clauseDistribution function in cuddObj.c
Resolving for y=2123
start of clauseDistribution function in cuddObj.c
Resolving for y=2131
start of clauseDistribution function in cuddObj.c
Resolving for y=2275
start of clauseDistribution function in cuddObj.c
Resolving for y=1795
start of clauseDistribution function in cuddObj.c
Resolving for y=2299
start of clauseDistribution function in cuddObj.c
Resolving for y=1793
start of clauseDistribution function in cuddObj.c
Resolving for y=2301
start of clauseDistribution function in cuddObj.c
Resolving for y=2001
start of clauseDistribution function in cuddObj.c
Resolving for y=1997
start of clauseDistribution function in cuddObj.c
Resolving for y=2005
start of clauseDistribution function in cuddObj.c
Resolving for y=1993
start of clauseDistribution function in cuddObj.c
Resolving for y=2009
start of clauseDistribution function in cuddObj.c
Resolving for y=1989
start of clauseDistribution function in cuddObj.c
Resolving for y=2013
start of clauseDistribution function in cuddObj.c
Resolving for y=1893
start of clauseDistribution function in cuddObj.c
Resolving for y=1985
start of clauseDistribution function in cuddObj.c
Resolving for y=2017
start of clauseDistribution function in cuddObj.c
Resolving for y=1889
start of clauseDistribution function in cuddObj.c
Resolving for y=1981
start of clauseDistribution function in cuddObj.c
Resolving for y=2021
start of clauseDistribution function in cuddObj.c
Resolving for y=1885
start of clauseDistribution function in cuddObj.c
Resolving for y=1977
start of clauseDistribution function in cuddObj.c
Resolving for y=2025
start of clauseDistribution function in cuddObj.c
Resolving for y=1881
start of clauseDistribution function in cuddObj.c
Resolving for y=1973
start of clauseDistribution function in cuddObj.c
Resolving for y=2029
start of clauseDistribution function in cuddObj.c
Resolving for y=1877
start of clauseDistribution function in cuddObj.c
Resolving for y=1969
start of clauseDistribution function in cuddObj.c
Resolving for y=2033
start of clauseDistribution function in cuddObj.c
Resolving for y=1873
start of clauseDistribution function in cuddObj.c
Resolving for y=1965
start of clauseDistribution function in cuddObj.c
Resolving for y=2037
start of clauseDistribution function in cuddObj.c
Resolving for y=1869
start of clauseDistribution function in cuddObj.c
Resolving for y=1961
start of clauseDistribution function in cuddObj.c
Resolving for y=2041
start of clauseDistribution function in cuddObj.c
Resolving for y=1865
start of clauseDistribution function in cuddObj.c
Resolving for y=1957
start of clauseDistribution function in cuddObj.c
Resolving for y=2045
start of clauseDistribution function in cuddObj.c
Resolving for y=1861
start of clauseDistribution function in cuddObj.c
Resolving for y=1953
start of clauseDistribution function in cuddObj.c
Resolving for y=2049
start of clauseDistribution function in cuddObj.c
Resolving for y=1857
start of clauseDistribution function in cuddObj.c
Resolving for y=1949
start of clauseDistribution function in cuddObj.c
Resolving for y=2053
start of clauseDistribution function in cuddObj.c
Resolving for y=1853
start of clauseDistribution function in cuddObj.c
Resolving for y=1945
start of clauseDistribution function in cuddObj.c
Resolving for y=2057
start of clauseDistribution function in cuddObj.c
Resolving for y=1849
start of clauseDistribution function in cuddObj.c
Resolving for y=1941
start of clauseDistribution function in cuddObj.c
Resolving for y=2061
start of clauseDistribution function in cuddObj.c
Resolving for y=1845
start of clauseDistribution function in cuddObj.c
Resolving for y=1937
start of clauseDistribution function in cuddObj.c
Resolving for y=2065
start of clauseDistribution function in cuddObj.c
Resolving for y=1841
start of clauseDistribution function in cuddObj.c
Resolving for y=1933
start of clauseDistribution function in cuddObj.c
Resolving for y=2069
start of clauseDistribution function in cuddObj.c
Resolving for y=1837
start of clauseDistribution function in cuddObj.c
Resolving for y=1929
start of clauseDistribution function in cuddObj.c
Resolving for y=2073
start of clauseDistribution function in cuddObj.c
Resolving for y=1833
start of clauseDistribution function in cuddObj.c
Resolving for y=1925
start of clauseDistribution function in cuddObj.c
Resolving for y=2077
start of clauseDistribution function in cuddObj.c
Resolving for y=1829
start of clauseDistribution function in cuddObj.c
Resolving for y=1921
start of clauseDistribution function in cuddObj.c
Resolving for y=2081
start of clauseDistribution function in cuddObj.c
Resolving for y=1825
start of clauseDistribution function in cuddObj.c
Resolving for y=1917
start of clauseDistribution function in cuddObj.c
Resolving for y=2085
start of clauseDistribution function in cuddObj.c
Resolving for y=1821
start of clauseDistribution function in cuddObj.c
Resolving for y=1913
start of clauseDistribution function in cuddObj.c
Resolving for y=2089
start of clauseDistribution function in cuddObj.c
Resolving for y=1817
start of clauseDistribution function in cuddObj.c
Resolving for y=1909
start of clauseDistribution function in cuddObj.c
Resolving for y=2093
start of clauseDistribution function in cuddObj.c
Resolving for y=1813
start of clauseDistribution function in cuddObj.c
Resolving for y=1905
start of clauseDistribution function in cuddObj.c
Resolving for y=2097
start of clauseDistribution function in cuddObj.c
Resolving for y=1809
start of clauseDistribution function in cuddObj.c
Resolving for y=1901
start of clauseDistribution function in cuddObj.c
Resolving for y=2101
start of clauseDistribution function in cuddObj.c
Resolving for y=1805
start of clauseDistribution function in cuddObj.c
Resolving for y=1897
start of clauseDistribution function in cuddObj.c
Resolving for y=2105
start of clauseDistribution function in cuddObj.c
Resolving for y=1801
start of clauseDistribution function in cuddObj.c
Resolving for y=2109
start of clauseDistribution function in cuddObj.c
Resolving for y=1797
start of clauseDistribution function in cuddObj.c
Resolving for y=2113
start of clauseDistribution function in cuddObj.c
Resolving for y=2117
start of clauseDistribution function in cuddObj.c
Resolving for y=2193
start of clauseDistribution function in cuddObj.c
Resolving for y=2189
start of clauseDistribution function in cuddObj.c
Resolving for y=2197
start of clauseDistribution function in cuddObj.c
Resolving for y=2201
start of clauseDistribution function in cuddObj.c
Resolving for y=2209
start of clauseDistribution function in cuddObj.c
Resolving for y=2169
start of clauseDistribution function in cuddObj.c
Resolving for y=2165
start of clauseDistribution function in cuddObj.c
Resolving for y=2205
start of clauseDistribution function in cuddObj.c
Resolving for y=2161
start of clauseDistribution function in cuddObj.c
Resolving for y=2237
start of clauseDistribution function in cuddObj.c
Resolving for y=2157
start of clauseDistribution function in cuddObj.c
Resolving for y=2233
start of clauseDistribution function in cuddObj.c
Resolving for y=2253
start of clauseDistribution function in cuddObj.c
Resolving for y=2177
start of clauseDistribution function in cuddObj.c
Resolving for y=2173
start of clauseDistribution function in cuddObj.c
Resolving for y=2217
start of clauseDistribution function in cuddObj.c
Resolving for y=2249
start of clauseDistribution function in cuddObj.c
Resolving for y=2241
start of clauseDistribution function in cuddObj.c
Resolving for y=2245
start of clauseDistribution function in cuddObj.c
Resolving for y=2213
start of clauseDistribution function in cuddObj.c
Resolving for y=2221
start of clauseDistribution function in cuddObj.c
Resolving for y=2181
start of clauseDistribution function in cuddObj.c
Resolving for y=2229
start of clauseDistribution function in cuddObj.c
Resolving for y=2185
start of clauseDistribution function in cuddObj.c
Resolving for y=2225
start of clauseDistribution function in cuddObj.c
Resolving for y=2153
start of clauseDistribution function in cuddObj.c
Resolving for y=2149
start of clauseDistribution function in cuddObj.c
Resolving for y=2145
start of clauseDistribution function in cuddObj.c
Resolving for y=2141
start of clauseDistribution function in cuddObj.c
Resolving for y=2137
start of clauseDistribution function in cuddObj.c
Resolving for y=2133
start of clauseDistribution function in cuddObj.c
Resolving for y=2129
start of clauseDistribution function in cuddObj.c
Resolving for y=2125
start of clauseDistribution function in cuddObj.c
Resolving for y=2121
start of clauseDistribution function in cuddObj.c
Resolving for y=2257
start of clauseDistribution function in cuddObj.c
Resolving for y=2261
start of clauseDistribution function in cuddObj.c
Resolving for y=2265
start of clauseDistribution function in cuddObj.c
Resolving for y=2269
start of clauseDistribution function in cuddObj.c
Resolving for y=2273
start of clauseDistribution function in cuddObj.c
Resolving for y=2277
start of clauseDistribution function in cuddObj.c
Resolving for y=2281
start of clauseDistribution function in cuddObj.c
Resolving for y=2285
start of clauseDistribution function in cuddObj.c
Resolving for y=2289
start of clauseDistribution function in cuddObj.c
Resolving for y=2293
start of clauseDistribution function in cuddObj.c
Resolving for y=2297
start of clauseDistribution function in cuddObj.c
Resolving for y=263
start of clauseDistribution function in cuddObj.c
Resolving for y=267
start of clauseDistribution function in cuddObj.c
Resolving for y=271
start of clauseDistribution function in cuddObj.c
Resolving for y=275
start of clauseDistribution function in cuddObj.c
Resolving for y=279
start of clauseDistribution function in cuddObj.c
Resolving for y=283
start of clauseDistribution function in cuddObj.c
Resolving for y=287
start of clauseDistribution function in cuddObj.c
Resolving for y=291
start of clauseDistribution function in cuddObj.c
Resolving for y=295
start of clauseDistribution function in cuddObj.c
Resolving for y=299
start of clauseDistribution function in cuddObj.c
Resolving for y=303
start of clauseDistribution function in cuddObj.c
Resolving for y=307
start of clauseDistribution function in cuddObj.c
Resolving for y=311
start of clauseDistribution function in cuddObj.c
Resolving for y=315
start of clauseDistribution function in cuddObj.c
Resolving for y=261
start of clauseDistribution function in cuddObj.c
Resolving for y=319
start of clauseDistribution function in cuddObj.c
Resolving for y=265
start of clauseDistribution function in cuddObj.c
Resolving for y=269
start of clauseDistribution function in cuddObj.c
Resolving for y=323
start of clauseDistribution function in cuddObj.c
Resolving for y=273
start of clauseDistribution function in cuddObj.c
Resolving for y=277
start of clauseDistribution function in cuddObj.c
Resolving for y=327
start of clauseDistribution function in cuddObj.c
Resolving for y=281
start of clauseDistribution function in cuddObj.c
Resolving for y=285
start of clauseDistribution function in cuddObj.c
Resolving for y=331
start of clauseDistribution function in cuddObj.c
Resolving for y=289
start of clauseDistribution function in cuddObj.c
Resolving for y=293
start of clauseDistribution function in cuddObj.c
Resolving for y=335
start of clauseDistribution function in cuddObj.c
Resolving for y=297
start of clauseDistribution function in cuddObj.c
Resolving for y=301
start of clauseDistribution function in cuddObj.c
Resolving for y=339
start of clauseDistribution function in cuddObj.c
Resolving for y=305
start of clauseDistribution function in cuddObj.c
Resolving for y=309
start of clauseDistribution function in cuddObj.c
Resolving for y=343
start of clauseDistribution function in cuddObj.c
Resolving for y=313
start of clauseDistribution function in cuddObj.c
Resolving for y=317
start of clauseDistribution function in cuddObj.c
Resolving for y=347
start of clauseDistribution function in cuddObj.c
Resolving for y=321
start of clauseDistribution function in cuddObj.c
Resolving for y=325
start of clauseDistribution function in cuddObj.c
Resolving for y=351
start of clauseDistribution function in cuddObj.c
Resolving for y=329
start of clauseDistribution function in cuddObj.c
Resolving for y=333
start of clauseDistribution function in cuddObj.c
Resolving for y=355
start of clauseDistribution function in cuddObj.c
Resolving for y=337
start of clauseDistribution function in cuddObj.c
Resolving for y=341
start of clauseDistribution function in cuddObj.c
Resolving for y=359
start of clauseDistribution function in cuddObj.c
Resolving for y=345
start of clauseDistribution function in cuddObj.c
Resolving for y=349
start of clauseDistribution function in cuddObj.c
Resolving for y=363
start of clauseDistribution function in cuddObj.c
Resolving for y=353
start of clauseDistribution function in cuddObj.c
Resolving for y=357
start of clauseDistribution function in cuddObj.c
Resolving for y=367
start of clauseDistribution function in cuddObj.c
Resolving for y=361
start of clauseDistribution function in cuddObj.c
Resolving for y=365
start of clauseDistribution function in cuddObj.c
Resolving for y=371
start of clauseDistribution function in cuddObj.c
Resolving for y=369
start of clauseDistribution function in cuddObj.c
Resolving for y=373
start of clauseDistribution function in cuddObj.c
Resolving for y=375
start of clauseDistribution function in cuddObj.c
Resolving for y=377
start of clauseDistribution function in cuddObj.c
Resolving for y=379
start of clauseDistribution function in cuddObj.c
Resolving for y=435
start of clauseDistribution function in cuddObj.c
Resolving for y=439
start of clauseDistribution function in cuddObj.c
Resolving for y=443
start of clauseDistribution function in cuddObj.c
Resolving for y=451
start of clauseDistribution function in cuddObj.c
Resolving for y=459
start of clauseDistribution function in cuddObj.c
Resolving for y=455
start of clauseDistribution function in cuddObj.c
Resolving for y=463
start of clauseDistribution function in cuddObj.c
Resolving for y=467
start of clauseDistribution function in cuddObj.c
Resolving for y=471
start of clauseDistribution function in cuddObj.c
Resolving for y=461
start of clauseDistribution function in cuddObj.c
Resolving for y=457
start of clauseDistribution function in cuddObj.c
Resolving for y=475
start of clauseDistribution function in cuddObj.c
Resolving for y=465
start of clauseDistribution function in cuddObj.c
Resolving for y=453
start of clauseDistribution function in cuddObj.c
Resolving for y=491
start of clauseDistribution function in cuddObj.c
Resolving for y=479
start of clauseDistribution function in cuddObj.c
Resolving for y=469
start of clauseDistribution function in cuddObj.c
Resolving for y=449
start of clauseDistribution function in cuddObj.c
Resolving for y=487
start of clauseDistribution function in cuddObj.c
Resolving for y=495
start of clauseDistribution function in cuddObj.c
Resolving for y=447
start of clauseDistribution function in cuddObj.c
Resolving for y=499
start of clauseDistribution function in cuddObj.c
Resolving for y=483
start of clauseDistribution function in cuddObj.c
Resolving for y=473
start of clauseDistribution function in cuddObj.c
Resolving for y=445
start of clauseDistribution function in cuddObj.c
Resolving for y=427
start of clauseDistribution function in cuddObj.c
Resolving for y=503
start of clauseDistribution function in cuddObj.c
Resolving for y=507
start of clauseDistribution function in cuddObj.c
Resolving for y=423
start of clauseDistribution function in cuddObj.c
Resolving for y=431
start of clauseDistribution function in cuddObj.c
Resolving for y=421
start of clauseDistribution function in cuddObj.c
Resolving for y=497
start of clauseDistribution function in cuddObj.c
Resolving for y=387
start of clauseDistribution function in cuddObj.c
Resolving for y=407
start of clauseDistribution function in cuddObj.c
Resolving for y=415
start of clauseDistribution function in cuddObj.c
Resolving for y=511
start of clauseDistribution function in cuddObj.c
Resolving for y=425
start of clauseDistribution function in cuddObj.c
Resolving for y=417
start of clauseDistribution function in cuddObj.c
Resolving for y=493
start of clauseDistribution function in cuddObj.c
Resolving for y=413
start of clauseDistribution function in cuddObj.c
Resolving for y=489
start of clauseDistribution function in cuddObj.c
Resolving for y=437
start of clauseDistribution function in cuddObj.c
Resolving for y=403
start of clauseDistribution function in cuddObj.c
Resolving for y=505
start of clauseDistribution function in cuddObj.c
Resolving for y=429
start of clauseDistribution function in cuddObj.c
Resolving for y=395
start of clauseDistribution function in cuddObj.c
Resolving for y=419
start of clauseDistribution function in cuddObj.c
Resolving for y=399
start of clauseDistribution function in cuddObj.c
Resolving for y=501
start of clauseDistribution function in cuddObj.c
Resolving for y=481
start of clauseDistribution function in cuddObj.c
Resolving for y=441
start of clauseDistribution function in cuddObj.c
Resolving for y=383
start of clauseDistribution function in cuddObj.c
Resolving for y=477
start of clauseDistribution function in cuddObj.c
Resolving for y=391
start of clauseDistribution function in cuddObj.c
Resolving for y=433
start of clauseDistribution function in cuddObj.c
Resolving for y=485
start of clauseDistribution function in cuddObj.c
Resolving for y=509
start of clauseDistribution function in cuddObj.c
Resolving for y=411
start of clauseDistribution function in cuddObj.c
Resolving for y=409
start of clauseDistribution function in cuddObj.c
Resolving for y=405
start of clauseDistribution function in cuddObj.c
Resolving for y=401
start of clauseDistribution function in cuddObj.c
Resolving for y=397
start of clauseDistribution function in cuddObj.c
Resolving for y=393
start of clauseDistribution function in cuddObj.c
Resolving for y=389
start of clauseDistribution function in cuddObj.c
Resolving for y=385
start of clauseDistribution function in cuddObj.c
Resolving for y=381
start of clauseDistribution function in cuddObj.c
Resolving for y=816
start of clauseDistribution function in cuddObj.c
Resolving for y=1022
start of clauseDistribution function in cuddObj.c
Resolving for y=814
start of clauseDistribution function in cuddObj.c
Resolving for y=1020
start of clauseDistribution function in cuddObj.c
Resolving for y=812
start of clauseDistribution function in cuddObj.c
Resolving for y=1018
start of clauseDistribution function in cuddObj.c
Resolving for y=810
start of clauseDistribution function in cuddObj.c
Resolving for y=1016
start of clauseDistribution function in cuddObj.c
Resolving for y=808
start of clauseDistribution function in cuddObj.c
Resolving for y=1014
start of clauseDistribution function in cuddObj.c
Resolving for y=806
start of clauseDistribution function in cuddObj.c
Resolving for y=1012
start of clauseDistribution function in cuddObj.c
Resolving for y=804
start of clauseDistribution function in cuddObj.c
Resolving for y=1010
start of clauseDistribution function in cuddObj.c
Resolving for y=802
start of clauseDistribution function in cuddObj.c
Resolving for y=1008
start of clauseDistribution function in cuddObj.c
Resolving for y=800
start of clauseDistribution function in cuddObj.c
Resolving for y=1006
start of clauseDistribution function in cuddObj.c
Resolving for y=798
start of clauseDistribution function in cuddObj.c
Resolving for y=1004
start of clauseDistribution function in cuddObj.c
Resolving for y=796
start of clauseDistribution function in cuddObj.c
Resolving for y=1002
start of clauseDistribution function in cuddObj.c
Resolving for y=794
start of clauseDistribution function in cuddObj.c
Resolving for y=1000
start of clauseDistribution function in cuddObj.c
Resolving for y=792
start of clauseDistribution function in cuddObj.c
Resolving for y=998
start of clauseDistribution function in cuddObj.c
Resolving for y=790
start of clauseDistribution function in cuddObj.c
Resolving for y=996
start of clauseDistribution function in cuddObj.c
Resolving for y=788
start of clauseDistribution function in cuddObj.c
Resolving for y=994
start of clauseDistribution function in cuddObj.c
Resolving for y=786
start of clauseDistribution function in cuddObj.c
Resolving for y=992
start of clauseDistribution function in cuddObj.c
Resolving for y=784
start of clauseDistribution function in cuddObj.c
Resolving for y=990
start of clauseDistribution function in cuddObj.c
Resolving for y=782
start of clauseDistribution function in cuddObj.c
Resolving for y=988
start of clauseDistribution function in cuddObj.c
Resolving for y=780
start of clauseDistribution function in cuddObj.c
Resolving for y=986
start of clauseDistribution function in cuddObj.c
Resolving for y=778
start of clauseDistribution function in cuddObj.c
Resolving for y=984
start of clauseDistribution function in cuddObj.c
Resolving for y=776
start of clauseDistribution function in cuddObj.c
Resolving for y=982
start of clauseDistribution function in cuddObj.c
Resolving for y=774
start of clauseDistribution function in cuddObj.c
Resolving for y=980
start of clauseDistribution function in cuddObj.c
Resolving for y=772
start of clauseDistribution function in cuddObj.c
Resolving for y=978
start of clauseDistribution function in cuddObj.c
Resolving for y=976
start of clauseDistribution function in cuddObj.c
Resolving for y=974
start of clauseDistribution function in cuddObj.c
Resolving for y=972
start of clauseDistribution function in cuddObj.c
Resolving for y=970
start of clauseDistribution function in cuddObj.c
Resolving for y=968
start of clauseDistribution function in cuddObj.c
Resolving for y=966
start of clauseDistribution function in cuddObj.c
Resolving for y=964
start of clauseDistribution function in cuddObj.c
Resolving for y=962
start of clauseDistribution function in cuddObj.c
Resolving for y=960
start of clauseDistribution function in cuddObj.c
Resolving for y=958
start of clauseDistribution function in cuddObj.c
Resolving for y=956
start of clauseDistribution function in cuddObj.c
Resolving for y=954
start of clauseDistribution function in cuddObj.c
Resolving for y=952
start of clauseDistribution function in cuddObj.c
Resolving for y=950
start of clauseDistribution function in cuddObj.c
Resolving for y=948
start of clauseDistribution function in cuddObj.c
Resolving for y=946
start of clauseDistribution function in cuddObj.c
Resolving for y=944
start of clauseDistribution function in cuddObj.c
Resolving for y=942
start of clauseDistribution function in cuddObj.c
Resolving for y=940
start of clauseDistribution function in cuddObj.c
Resolving for y=938
start of clauseDistribution function in cuddObj.c
Resolving for y=936
start of clauseDistribution function in cuddObj.c
Resolving for y=934
start of clauseDistribution function in cuddObj.c
Resolving for y=932
start of clauseDistribution function in cuddObj.c
Resolving for y=930
start of clauseDistribution function in cuddObj.c
Resolving for y=928
start of clauseDistribution function in cuddObj.c
Resolving for y=926
start of clauseDistribution function in cuddObj.c
Resolving for y=924
start of clauseDistribution function in cuddObj.c
Resolving for y=922
start of clauseDistribution function in cuddObj.c
Resolving for y=920
start of clauseDistribution function in cuddObj.c
Resolving for y=918
start of clauseDistribution function in cuddObj.c
Resolving for y=916
start of clauseDistribution function in cuddObj.c
Resolving for y=914
start of clauseDistribution function in cuddObj.c
Resolving for y=912
start of clauseDistribution function in cuddObj.c
Resolving for y=910
start of clauseDistribution function in cuddObj.c
Resolving for y=908
start of clauseDistribution function in cuddObj.c
Resolving for y=906
start of clauseDistribution function in cuddObj.c
