MCS ordering: 564 1388 566 569 573 1530 1394 1391 1385 1382 1379 1376 1372 1369 1366 1363 1359 1356 1352 1349 1345 1342 1338 1335 1332 1329 1325 1322 1318 1315 1312 1309 1305 1302 1298 1295 1291 1288 1284 1281 1278 1275 1272 1269 1265 1262 1259 1256 1252 1249 1245 1242 1238 1235 1231 1228 1225 1222 1218 1215 1211 1208 1205 1202 1198 1195 1191 1188 1184 1181 1177 1174 1171 1168 1165 1162 1158 1155 1152 1149 1145 1142 1138 1135 1131 1128 1124 1121 1118 1115 1111 1108 1104 1101 1098 1095 1091 1088 1084 1081 397 393 391 389 387 385 383 381 379 377 373 369 367 365 361 359 357 355 353 351 349 347 345 341 339 337 335 333 329 327 325 323 321 319 317 315 313 309 305 303 301 297 295 293 291 289 287 285 283 281 277 181 275 273 177 271 175 269 173 265 169 263 167 261 165 259 163 257 161 255 159 253 157 251 155 249 153 245 149 147 241 145 239 143 237 141 233 137 231 135 229 133 227 131 225 129 223 127 221 125 219 123 217 121 213 117 211 209 113 207 111 205 109 201 105 97 95 93 91 89 85 83 81 79 77 73 71 69 67 65 63 61 59 57 53 45 15 7 5 563 555 9 49 13 17 19 560 21 25 27 29 41 31 33 47 35 37 39 99 101 103 185 187 189 191 193 195 197 199 399 401 403 405 409 411 413 415 417 419 421 423 425 429 431 433 437 441 443 445 447 449 451 453 455 457 461 463 465 467 469 473 475 477 479 481 483 485 487 489 493 495 497 501 505 507 509 576 580 583 586 589 593 596 600 603 607 610 614 617 620 623 627 630 633 636 639 642 646 649 653 656 660 663 667 670 673 676 680 683 687 690 693 696 700 703 707 710 714 717 721 724 727 730 734 737 740 743 746 749 753 756 760 763 767 770 774 777 780 783 787 790 794 797 800 803 807 810 814 817 821 824 828 831 834 837 841 844 847 850 853 856 860 863 867 870 874 877 881 884 887 890 894 897 901 904 907 910 914 917 921 924 928 931 935 938 941 944 948 951 954 957 960 963 967 970 974 977 981 984 988 991 994 997 1001 1004 1008 1011 1014 1017 1021 1024 1028 1031 1035 1038 1042 1045 1048 1051 1055 1058 1061 1064 1067 1070 1074 1077 1529 1406 1403 1400 1398 1397 1387 512 572 1528 1527 1526 1525 1524 1523 1522 1521 1520 1519 1518 1517 1516 1515 1514 1513 1512 1511 1510 1509 1508 1507 1506 1505 1504 1503 1502 1501 1500 1499 1498 1497 1496 1495 1494 1493 1492 1491 1490 1489 1488 1487 1486 1485 1484 1483 1482 1481 1480 1479 1478 1477 1476 1475 1474 1473 1472 1471 1470 1469 1468 1467 1466 1465 1464 1463 1462 1461 1460 1459 1458 1457 1456 1455 1454 1453 1452 1451 1450 1449 1448 1447 1446 1445 1444 1443 1442 1441 1440 1439 1438 1437 1436 1435 1434 1433 1432 1431 1430 1429 1428 1427 1426 1425 1424 1423 1422 1421 1420 1419 1418 1417 1416 1415 1414 1413 1412 1411 1410 1409 1408 1407 1381 1375 1368 1362 1355 1348 1341 1334 1328 1321 1314 1308 1301 1294 1287 1280 1274 1268 1261 1255 1248 1241 1234 1227 1221 1214 1207 1201 1194 1187 1180 1173 1167 1161 1154 1148 1141 1134 1127 1120 1114 1107 1100 1094 1087 395 375 371 363 343 331 311 307 299 279 183 179 267 171 247 151 243 235 139 215 119 115 203 107 87 75 55 51 43 11 23 407 427 435 439 459 471 491 499 503 511 579 585 592 599 606 613 619 626 632 638 645 652 659 666 672 679 686 692 699 706 713 720 726 733 739 745 752 759 766 773 779 786 793 799 806 813 820 827 833 840 846 852 859 866 873 880 886 893 900 906 913 920 927 934 940 947 953 959 966 973 980 987 993 1000 1007 1013 1020 1027 1034 1041 1047 1054 1060 1066 1073 1080 1405 523 394 524 374 525 370 526 362 527 342 528 330 529 310 530 306 531 298 2034 2033 2032 2031 2030 2029 2026 2025 2022 2021 532 2020 1924 278 2019 1923 182 2018 1922 2017 1921 178 2014 1918 2013 1917 2012 1916 2011 1915 2010 1914 2009 533 1913 2008 1912 266 2007 1911 170 2006 1910 2005 1909 2004 1908 2003 1907 2002 1906 2001 1905 2000 1904 1999 1903 1998 1902 1997 1901 1994 1898 1993 1897 1992 1991 1990 1894 1989 534 1893 1988 1892 246 1987 1891 150 1986 1890 1985 535 1889 242 1982 1886 1981 1885 1980 1884 1979 1883 1978 1882 1977 536 1881 1976 1880 234 1975 1879 138 1974 1878 1973 1877 1972 1876 1971 1875 1970 1874 1969 1873 1968 1872 1967 1871 1966 1870 1965 1869 1962 1866 1961 1865 1864 1863 1958 1862 1957 537 1861 1956 1860 214 1955 1859 118 1954 1858 1953 1857 114 1950 1854 1949 1853 1948 1852 1947 1851 1946 1850 1945 538 1849 1944 1848 202 1943 1847 106 1942 1846 1941 1744 1839 1743 1838 1742 1837 1741 1834 1738 1833 1737 1736 1735 1830 1734 1829 1733 1828 1732 86 1827 1731 1826 1730 1825 1729 1822 1726 1821 1725 1820 1724 1819 1723 1818 1722 1817 1721 1816 1720 74 1815 1719 1814 1718 1813 1717 1812 1716 1811 1595 1715 1810 1594 1714 1809 1593 1713 1808 1592 1712 1807 1591 1711 1806 1590 1710 1805 1589 1709 1588 1587 1802 1586 1706 1801 1585 1705 1800 1584 1799 1583 1798 1582 1702 1797 1581 1701 1796 1699 1794 1578 1698 1793 1577 1697 50 1617 1616 1614 1574 1613 1573 1572 550 1787 1545 1571 549 1786 1544 1610 1570 548 1785 1543 1609 1569 1608 1607 1661 1756 1606 1660 1755 1566 1654 1749 1560 1653 1748 1700 54 1795 1635 1559 1598 1652 1747 1642 1615 1538 1597 1651 1746 1641 1557 547 1784 1542 1533 1558 1541 1549 1596 1650 4 1745 1556 1550 1603 1657 1752 1647 1563 1534 1601 1655 1750 1645 1561 1602 1656 10 1751 1646 1562 1540 553 1790 1537 1604 1658 1753 1648 1564 1605 1659 1754 1649 1565 552 1789 1539 1551 1618 1757 1662 1552 1619 1758 1553 1620 1554 1621 1665 1555 1622 1761 1666 1623 1762 1667 1624 22 1763 1668 1764 1669 1765 1670 1766 1671 1672 1673 1769 1674 1770 1686 1781 1687 1782 1677 1688 42 1783 1773 1678 1689 1774 1679 1546 551 1788 1690 1775 1680 1691 1776 1681 1692 1777 1682 1693 1778 1683 1694 1779 1684 1780 1685 1840 1625 1841 1626 1842 1627 1843 1628 1844 1629 1845 1630 546 1633 1634 1636 1637 1638 545 544 539 540 541 542 543 1925 1926 1927 1928 1929 1930 1933 1934 1935 1936 1937 1938 1939 1940 406 522 426 521 434 520 438 519 458 518 470 517 490 516 498 515 502 514 510 513 1531 1532 556 1404 1402 1401 1399 1396 1395 1393 1392 1390 1389 1386 1384 1383 1380 1378 1377 1374 1373 1371 1370 1367 1365 1364 1361 1360 1358 1357 1354 1353 1351 1350 1347 1346 1344 1343 1340 1339 1337 1336 1333 1331 1330 1327 1326 1324 1323 1320 1319 1317 1316 1313 1311 1310 1307 1306 1304 1303 1300 1299 1297 1296 1293 1292 1290 1289 1286 1285 1283 1282 1279 1277 1276 1273 1271 1270 1267 1266 1264 1263 1260 1258 1257 1254 1253 1251 1250 1247 1246 1244 1243 1240 1239 1237 1236 1233 1232 1230 1229 1226 1224 1223 1220 1219 1217 1216 1213 1212 1210 1209 1206 1204 1203 1200 1199 1197 1196 1193 1192 1190 1189 1186 1185 1183 1182 1179 1178 1176 1175 1172 1170 1169 1166 1164 1163 1160 1159 1157 1156 1153 1151 1150 1147 1146 1144 1143 1140 1139 1137 1136 1133 1132 1130 1129 1126 1125 1123 1122 1119 1117 1116 1113 1112 1110 1109 1106 1105 1103 1102 1099 1097 1096 1093 1092 1090 1089 1086 1085 1083 1082 1079 1078 1076 1075 396 392 390 388 386 384 382 380 378 376 372 368 366 364 360 358 356 354 352 350 348 346 344 340 338 336 334 332 328 326 324 322 320 318 316 314 312 308 304 302 300 2038 296 2037 2036 294 2035 292 290 288 2028 286 2027 284 2024 282 2023 280 276 180 2016 1920 274 2015 1919 272 176 270 174 268 172 264 168 262 166 260 164 258 162 256 160 1996 1900 254 1995 1899 158 252 156 1896 250 1895 154 248 152 244 148 1984 1888 1983 1887 146 240 144 238 142 236 140 232 136 230 134 228 132 226 130 224 128 1964 1868 222 1963 1867 126 220 124 1960 218 1959 122 216 120 212 116 1952 1856 210 1951 1855 208 112 206 110 204 108 200 98 96 1836 1740 94 1835 1739 92 1832 90 1831 88 84 1824 1728 82 1823 1727 80 78 76 72 70 68 66 64 1804 1708 62 1803 1707 60 1704 58 1703 56 1580 1579 52 1792 1576 1696 1791 1612 46 1611 44 1568 1567 14 1600 8 1644 1599 1643 398 6 1575 554 1640 1535 1536 1548 12 1547 48 16 1663 18 1759 1664 1760 20 24 26 1767 1768 28 1675 40 30 1771 1676 1772 32 34 36 38 1695 100 102 104 1631 1632 1639 184 186 188 190 1931 1932 192 194 196 198 400 402 404 408 410 412 414 416 418 420 422 424 428 430 432 436 440 442 444 446 448 450 452 454 456 460 462 464 466 468 472 474 476 478 480 482 484 486 488 492 494 496 500 504 506 508 558 557 559 561 562 565 567 568 570 571 574 575 577 578 581 582 584 587 588 590 591 594 595 597 598 601 602 604 605 608 609 611 612 615 616 618 621 622 624 625 628 629 631 634 635 637 640 641 643 644 647 648 650 651 654 655 657 658 661 662 664 665 668 669 671 674 675 677 678 681 682 684 685 688 689 691 694 695 697 698 701 702 704 705 708 709 711 712 715 716 718 719 722 723 725 728 729 731 732 735 736 738 741 742 744 747 748 750 751 754 755 757 758 761 762 764 765 768 769 771 772 775 776 778 781 782 784 785 788 789 791 792 795 796 798 801 802 804 805 808 809 811 812 815 816 818 819 822 823 825 826 829 830 832 835 836 838 839 842 843 845 848 849 851 854 855 857 858 861 862 864 865 868 869 871 872 875 876 878 879 882 883 885 888 889 891 892 895 896 898 899 902 903 905 908 909 911 912 915 916 918 919 922 923 925 926 929 930 932 933 936 937 939 942 943 945 946 949 950 952 955 956 958 961 962 964 965 968 969 971 972 975 976 978 979 982 983 985 986 989 990 992 995 996 998 999 1002 1003 1005 1006 1009 1010 1012 1015 1016 1018 1019 1022 1023 1025 1026 1029 1030 1032 1033 1036 1037 1039 1040 1043 1044 1046 1049 1050 1052 1053 1056 1057 1059 1062 1063 1065 1068 1069 1071 1072 2040 2039 2298 2297 2296 2295 2294 2293 2292 2291 2290 2289 2288 2287 2286 2285 2284 2283 2282 2281 2280 2279 2278 2277 2276 2275 2274 2273 2272 2271 2270 2269 2268 2267 2266 2265 2264 2263 2262 2261 2260 2259 2258 2257 2256 2255 2254 2253 2252 2251 2250 2249 2248 2247 2246 2245 2244 2243 2242 2241 2240 2239 2238 2237 2236 2235 2234 2233 2232 2231 2230 2229 2228 2227 2226 2225 2224 2223 2222 2221 2220 2219 2218 2217 2216 2215 2214 2213 2212 2211 2210 2209 2208 2207 2206 2205 2204 2203 2202 2201 2200 2199 2138 2137 2136 2135 2134 2133 2132 2131 2130 2129 2128 2127 2126 2125 2124 2123 2122 2121 2120 2119 2118 2117 2116 2115 2114 2113 2112 2111 2110 2109 2108 2107 2106 2105 2104 2103 2102 2101 2100 2099 2098 2097 2096 2095 2094 2093 2092 2091 2090 2089 2088 2087 2086 2085 2084 2083 2082 2081 2080 2079 2078 2077 2076 2075 2074 2073 2072 2071 2070 2069 2068 2067 2066 2065 2064 2063 2062 2061 2060 2059 2058 2057 2056 2055 2054 2053 2052 2051 2050 2049 2048 2047 2046 2045 2044 2043 2042 2041 2139 2140 2141 2142 2143 2144 2145 2146 2147 2148 2149 2150 2151 2152 2153 2154 2155 2156 2157 2158 2159 2160 2161 2162 2163 2164 2165 2166 2167 2168 2169 2170 2171 2172 2173 2174 2175 2176 2177 2178 2179 2180 2181 2182 2183 2184 2185 2186 2187 2188 2189 2190 2191 2192 2193 2194 2195 2196 2197 2198 3 2 1 2299 
RESOLVING Scope: 1531 1533 1535 1537 1539 1541 1543 1545 1547 1549 1551 1553 1555 1557 1559 1561 1563 1565 1567 1569 1571 1573 1575 1577 1579 1581 1583 1585 1587 1589 1591 1593 1595 1597 1599 1601 1603 1605 1607 1609 1611 1613 1615 1617 1619 1621 1623 1625 1627 1629 1631 1633 1635 1637 1639 1641 1643 1645 1647 1649 1651 1653 1655 1657 1659 1661 1663 1665 1667 1669 1671 1673 1675 1677 1679 1681 1683 1685 1687 1689 1691 1693 1695 1697 1699 1701 1703 1705 1707 1709 1711 1713 1715 1717 1719 1721 1723 1725 1727 1729 1731 1733 1735 1737 1739 1741 1743 1745 1747 1749 1751 1753 1755 1757 1759 1761 1763 1765 1767 1769 1771 1773 1775 1777 1779 1781 1783 1785 1787 1789 1791 1793 1795 1797 1799 1801 1803 1805 1807 1809 1811 1813 1815 1817 1819 1821 1823 1825 1827 1829 1831 1833 1835 1837 1839 1841 1843 1845 1847 1849 1851 1853 1855 1857 1859 1861 1863 1865 1867 1869 1871 1873 1875 1877 1879 1881 1883 1885 1887 1889 1891 1893 1895 1897 1899 1901 1903 1905 1907 1909 1911 1913 1915 1917 1919 1921 1923 1925 1927 1929 1931 1933 1935 1937 1939 1941 1943 1945 1947 1949 1951 1953 1955 1957 1959 1961 1963 1965 1967 1969 1971 1973 1975 1977 1979 1981 1983 1985 1987 1989 1991 1993 1995 1997 1999 2001 2003 2005 2007 2009 2011 2013 2015 2017 2019 2021 2023 2025 2027 2029 2031 2033 2035 2037 2039 2041 1 2 3 4 5 6 7 8 9 10 11 12 13 14 15 16 17 18 19 20 21 22 23 24 25 26 27 28 29 30 31 32 33 34 35 36 37 38 39 40 41 42 43 44 45 46 47 48 49 50 51 52 53 54 55 56 57 58 59 60 61 62 63 64 65 66 67 68 69 70 71 72 73 74 75 76 77 78 79 80 81 82 83 84 85 86 87 88 89 90 91 92 93 94 95 96 97 98 99 100 101 102 103 104 105 106 107 108 109 110 111 112 113 114 115 116 117 118 119 120 121 122 123 124 125 126 127 128 129 130 131 132 133 134 135 136 137 138 139 140 141 142 143 144 145 146 147 148 149 150 151 152 153 154 155 156 157 158 159 160 161 162 163 164 165 166 167 168 169 170 171 172 173 174 175 176 177 178 179 180 181 182 183 184 185 186 187 188 189 190 191 192 193 194 195 196 197 198 199 200 201 202 203 204 205 206 207 208 209 210 211 212 213 214 215 216 217 218 219 220 221 222 223 224 225 226 227 228 229 230 231 232 233 234 235 236 237 238 239 240 241 242 243 244 245 246 247 248 249 250 251 252 253 254 255 256 257 258 259 260 261 262 263 264 265 266 267 268 269 270 271 272 273 274 275 276 277 278 279 280 281 282 283 284 285 286 287 288 289 290 291 292 293 294 295 296 297 298 299 300 301 302 303 304 305 306 307 308 309 310 311 312 313 314 315 316 317 318 319 320 321 322 323 324 325 326 327 328 329 330 331 332 333 334 335 336 337 338 339 340 341 342 343 344 345 346 347 348 349 350 351 352 353 354 355 356 357 358 359 360 361 362 363 364 365 366 367 368 369 370 371 372 373 374 375 376 377 378 379 380 381 382 383 384 385 386 387 388 389 390 391 392 393 394 395 396 397 398 399 400 401 402 403 404 405 406 407 408 409 410 411 412 413 414 415 416 417 418 419 420 421 422 423 424 425 426 427 428 429 430 431 432 433 434 435 436 437 438 439 440 441 442 443 444 445 446 447 448 449 450 451 452 453 454 455 456 457 458 459 460 461 462 463 464 465 466 467 468 469 470 471 472 473 474 475 476 477 478 479 480 481 482 483 484 485 486 487 488 489 490 491 492 493 494 495 496 497 498 499 500 501 502 503 504 505 506 507 508 509 510 511 512 513 514 515 516 517 518 519 520 521 522 523 524 525 526 527 528 529 530 531 532 533 534 535 536 537 538 539 540 541 542 543 544 545 546 547 548 549 550 551 552 553 554 555 556 557 558 559 560 561 562 563 564 565 566 567 568 569 570 571 572 573 574 575 576 577 578 579 580 581 582 583 584 585 586 587 588 589 590 591 592 593 594 595 596 597 598 599 600 601 602 603 604 605 606 607 608 609 610 611 612 613 614 615 616 617 618 619 620 621 622 623 624 625 626 627 628 629 630 631 632 633 634 635 636 637 638 639 640 641 642 643 644 645 646 647 648 649 650 651 652 653 654 655 656 657 658 659 660 661 662 663 664 665 666 667 668 669 670 671 672 673 674 675 676 677 678 679 680 681 682 683 684 685 686 687 688 689 690 691 692 693 694 695 696 697 698 699 700 701 702 703 704 705 706 707 708 709 710 711 712 713 714 715 716 717 718 719 720 721 722 723 724 725 726 727 728 729 730 731 732 733 734 735 736 737 738 739 740 741 742 743 744 745 746 747 748 749 750 751 752 753 754 755 756 757 758 759 760 761 762 763 764 765 766 767 768 769 770 771 772 773 774 775 776 777 778 779 780 781 782 783 784 785 786 787 788 789 790 791 792 793 794 795 796 797 798 799 800 801 802 803 804 805 806 807 808 809 810 811 812 813 814 815 816 817 818 819 820 821 822 823 824 825 826 827 828 829 830 831 832 833 834 835 836 837 838 839 840 841 842 843 844 845 846 847 848 849 850 851 852 853 854 855 856 857 858 859 860 861 862 863 864 865 866 867 868 869 870 871 872 873 874 875 876 877 878 879 880 881 882 883 884 885 886 887 888 889 890 891 892 893 894 895 896 897 898 899 900 901 902 903 904 905 906 907 908 909 910 911 912 913 914 915 916 917 918 919 920 921 922 923 924 925 926 927 928 929 930 931 932 933 934 935 936 937 938 939 940 941 942 943 944 945 946 947 948 949 950 951 952 953 954 955 956 957 958 959 960 961 962 963 964 965 966 967 968 969 970 971 972 973 974 975 976 977 978 979 980 981 982 983 984 985 986 987 988 989 990 991 992 993 994 995 996 997 998 999 1000 1001 1002 1003 1004 1005 1006 1007 1008 1009 1010 1011 1012 1013 1014 1015 1016 1017 1018 1019 1020 1021 1022 1023 1024 1025 1026 1027 1028 1029 1030 1031 1032 1033 1034 1035 1036 1037 1038 1039 1040 1041 1042 1043 1044 1045 1046 1047 1048 1049 1050 1051 1052 1053 1054 1055 1056 1057 1058 1059 1060 1061 1062 1063 1064 1065 1066 1067 1068 1069 1070 1071 1072 1073 1074 1075 1076 1077 1078 1079 1080 1081 1082 1083 1084 1085 1086 1087 1088 1089 1090 1091 1092 1093 1094 1095 1096 1097 1098 1099 1100 1101 1102 1103 1104 1105 1106 1107 1108 1109 1110 1111 1112 1113 1114 1115 1116 1117 1118 1119 1120 1121 1122 1123 1124 1125 1126 1127 1128 1129 1130 1131 1132 1133 1134 1135 1136 1137 1138 1139 1140 1141 1142 1143 1144 1145 1146 1147 1148 1149 1150 1151 1152 1153 1154 1155 1156 1157 1158 1159 1160 1161 1162 1163 1164 1165 1166 1167 1168 1169 1170 1171 1172 1173 1174 1175 1176 1177 1178 1179 1180 1181 1182 1183 1184 1185 1186 1187 1188 1189 1190 1191 1192 1193 1194 1195 1196 1197 1198 1199 1200 1201 1202 1203 1204 1205 1206 1207 1208 1209 1210 1211 1212 1213 1214 1215 1216 1217 1218 1219 1220 1221 1222 1223 1224 1225 1226 1227 1228 1229 1230 1231 1232 1233 1234 1235 1236 1237 1238 1239 1240 1241 1242 1243 1244 1245 1246 1247 1248 1249 1250 1251 1252 1253 1254 1255 1256 1257 1258 1259 1260 1261 1262 1263 1264 1265 1266 1267 1268 1269 1270 1271 1272 1273 1274 1275 1276 1277 1278 1279 1280 1281 1282 1283 1284 1285 1286 1287 1288 1289 1290 1291 1292 1293 1294 1295 1296 1297 1298 1299 1300 1301 1302 1303 1304 1305 1306 1307 1308 1309 1310 1311 1312 1313 1314 1315 1316 1317 1318 1319 1320 1321 1322 1323 1324 1325 1326 1327 1328 1329 1330 1331 1332 1333 1334 1335 1336 1337 1338 1339 1340 1341 1342 1343 1344 1345 1346 1347 1348 1349 1350 1351 1352 1353 1354 1355 1356 1357 1358 1359 1360 1361 1362 1363 1364 1365 1366 1367 1368 1369 1370 1371 1372 1373 1374 1375 1376 1377 1378 1379 1380 1381 1382 1383 1384 1385 1386 1387 1388 1389 1390 1391 1392 1393 1394 1395 1396 1397 1398 1399 1400 1401 1402 1403 1404 1405 1406 1407 1408 1409 1410 1411 1412 1413 1414 1415 1416 1417 1418 1419 1420 1421 1422 1423 1424 1425 1426 1427 1428 1429 1430 1431 1432 1433 1434 1435 1436 1437 1438 1439 1440 1441 1442 1443 1444 1445 1446 1447 1448 1449 1450 1451 1452 1453 1454 1455 1456 1457 1458 1459 1460 1461 1462 1463 1464 1465 1466 1467 1468 1469 1470 1471 1472 1473 1474 1475 1476 1477 1478 1479 1480 1481 1482 1483 1484 1485 1486 1487 1488 1489 1490 1491 1492 1493 1494 1495 1496 1497 1498 1499 1500 1501 1502 1503 1504 1505 1506 1507 1508 1509 1510 1511 1512 1513 1514 1515 1516 1517 1518 1519 1520 1521 1522 1523 1524 1525 1526 1527 1528 1529 1530 2299 
Resolving for y=564
start of clauseDistribution function in cuddObj.c
Resolving for y=1388
start of clauseDistribution function in cuddObj.c
Resolving for y=566
start of clauseDistribution function in cuddObj.c
Resolving for y=569
start of clauseDistribution function in cuddObj.c
Resolving for y=573
start of clauseDistribution function in cuddObj.c
Resolving for y=1530
start of clauseDistribution function in cuddObj.c
Resolving for y=1394
start of clauseDistribution function in cuddObj.c
Resolving for y=1391
start of clauseDistribution function in cuddObj.c
Resolving for y=1385
start of clauseDistribution function in cuddObj.c
Resolving for y=1382
start of clauseDistribution function in cuddObj.c
Resolving for y=1379
start of clauseDistribution function in cuddObj.c
Resolving for y=1376
start of clauseDistribution function in cuddObj.c
Resolving for y=1372
start of clauseDistribution function in cuddObj.c
Resolving for y=1369
start of clauseDistribution function in cuddObj.c
Resolving for y=1366
start of clauseDistribution function in cuddObj.c
Resolving for y=1363
start of clauseDistribution function in cuddObj.c
Resolving for y=1359
start of clauseDistribution function in cuddObj.c
Resolving for y=1356
start of clauseDistribution function in cuddObj.c
Resolving for y=1352
start of clauseDistribution function in cuddObj.c
Resolving for y=1349
start of clauseDistribution function in cuddObj.c
Resolving for y=1345
start of clauseDistribution function in cuddObj.c
Resolving for y=1342
start of clauseDistribution function in cuddObj.c
Resolving for y=1338
start of clauseDistribution function in cuddObj.c
Resolving for y=1335
start of clauseDistribution function in cuddObj.c
Resolving for y=1332
start of clauseDistribution function in cuddObj.c
Resolving for y=1329
start of clauseDistribution function in cuddObj.c
Resolving for y=1325
start of clauseDistribution function in cuddObj.c
Resolving for y=1322
start of clauseDistribution function in cuddObj.c
Resolving for y=1318
start of clauseDistribution function in cuddObj.c
Resolving for y=1315
start of clauseDistribution function in cuddObj.c
Resolving for y=1312
start of clauseDistribution function in cuddObj.c
Resolving for y=1309
start of clauseDistribution function in cuddObj.c
Resolving for y=1305
start of clauseDistribution function in cuddObj.c
Resolving for y=1302
start of clauseDistribution function in cuddObj.c
Resolving for y=1298
start of clauseDistribution function in cuddObj.c
Resolving for y=1295
start of clauseDistribution function in cuddObj.c
Resolving for y=1291
start of clauseDistribution function in cuddObj.c
Resolving for y=1288
start of clauseDistribution function in cuddObj.c
Resolving for y=1284
start of clauseDistribution function in cuddObj.c
Resolving for y=1281
start of clauseDistribution function in cuddObj.c
Resolving for y=1278
start of clauseDistribution function in cuddObj.c
Resolving for y=1275
start of clauseDistribution function in cuddObj.c
Resolving for y=1272
start of clauseDistribution function in cuddObj.c
Resolving for y=1269
start of clauseDistribution function in cuddObj.c
Resolving for y=1265
start of clauseDistribution function in cuddObj.c
Resolving for y=1262
start of clauseDistribution function in cuddObj.c
Resolving for y=1259
start of clauseDistribution function in cuddObj.c
Resolving for y=1256
start of clauseDistribution function in cuddObj.c
Resolving for y=1252
start of clauseDistribution function in cuddObj.c
Resolving for y=1249
start of clauseDistribution function in cuddObj.c
Resolving for y=1245
start of clauseDistribution function in cuddObj.c
Resolving for y=1242
start of clauseDistribution function in cuddObj.c
Resolving for y=1238
start of clauseDistribution function in cuddObj.c
Resolving for y=1235
start of clauseDistribution function in cuddObj.c
Resolving for y=1231
start of clauseDistribution function in cuddObj.c
Resolving for y=1228
start of clauseDistribution function in cuddObj.c
Resolving for y=1225
start of clauseDistribution function in cuddObj.c
Resolving for y=1222
start of clauseDistribution function in cuddObj.c
Resolving for y=1218
start of clauseDistribution function in cuddObj.c
Resolving for y=1215
start of clauseDistribution function in cuddObj.c
Resolving for y=1211
start of clauseDistribution function in cuddObj.c
Resolving for y=1208
start of clauseDistribution function in cuddObj.c
Resolving for y=1205
start of clauseDistribution function in cuddObj.c
Resolving for y=1202
start of clauseDistribution function in cuddObj.c
Resolving for y=1198
start of clauseDistribution function in cuddObj.c
Resolving for y=1195
start of clauseDistribution function in cuddObj.c
Resolving for y=1191
start of clauseDistribution function in cuddObj.c
Resolving for y=1188
start of clauseDistribution function in cuddObj.c
Resolving for y=1184
start of clauseDistribution function in cuddObj.c
Resolving for y=1181
start of clauseDistribution function in cuddObj.c
Resolving for y=1177
start of clauseDistribution function in cuddObj.c
Resolving for y=1174
start of clauseDistribution function in cuddObj.c
Resolving for y=1171
start of clauseDistribution function in cuddObj.c
Resolving for y=1168
start of clauseDistribution function in cuddObj.c
Resolving for y=1165
start of clauseDistribution function in cuddObj.c
Resolving for y=1162
start of clauseDistribution function in cuddObj.c
Resolving for y=1158
start of clauseDistribution function in cuddObj.c
Resolving for y=1155
start of clauseDistribution function in cuddObj.c
Resolving for y=1152
start of clauseDistribution function in cuddObj.c
Resolving for y=1149
start of clauseDistribution function in cuddObj.c
Resolving for y=1145
start of clauseDistribution function in cuddObj.c
Resolving for y=1142
start of clauseDistribution function in cuddObj.c
Resolving for y=1138
start of clauseDistribution function in cuddObj.c
Resolving for y=1135
start of clauseDistribution function in cuddObj.c
Resolving for y=1131
start of clauseDistribution function in cuddObj.c
Resolving for y=1128
start of clauseDistribution function in cuddObj.c
Resolving for y=1124
start of clauseDistribution function in cuddObj.c
Resolving for y=1121
start of clauseDistribution function in cuddObj.c
Resolving for y=1118
start of clauseDistribution function in cuddObj.c
Resolving for y=1115
start of clauseDistribution function in cuddObj.c
Resolving for y=1111
start of clauseDistribution function in cuddObj.c
Resolving for y=1108
start of clauseDistribution function in cuddObj.c
Resolving for y=1104
start of clauseDistribution function in cuddObj.c
Resolving for y=1101
start of clauseDistribution function in cuddObj.c
Resolving for y=1098
start of clauseDistribution function in cuddObj.c
Resolving for y=1095
start of clauseDistribution function in cuddObj.c
Resolving for y=1091
start of clauseDistribution function in cuddObj.c
Resolving for y=1088
start of clauseDistribution function in cuddObj.c
Resolving for y=1084
start of clauseDistribution function in cuddObj.c
Resolving for y=1081
start of clauseDistribution function in cuddObj.c
Resolving for y=397
start of clauseDistribution function in cuddObj.c
Resolving for y=393
start of clauseDistribution function in cuddObj.c
Resolving for y=391
start of clauseDistribution function in cuddObj.c
Resolving for y=389
start of clauseDistribution function in cuddObj.c
Resolving for y=387
start of clauseDistribution function in cuddObj.c
Resolving for y=385
start of clauseDistribution function in cuddObj.c
Resolving for y=383
start of clauseDistribution function in cuddObj.c
Resolving for y=381
start of clauseDistribution function in cuddObj.c
Resolving for y=379
start of clauseDistribution function in cuddObj.c
Resolving for y=377
start of clauseDistribution function in cuddObj.c
Resolving for y=373
start of clauseDistribution function in cuddObj.c
Resolving for y=369
start of clauseDistribution function in cuddObj.c
Resolving for y=367
start of clauseDistribution function in cuddObj.c
Resolving for y=365
start of clauseDistribution function in cuddObj.c
Resolving for y=361
start of clauseDistribution function in cuddObj.c
Resolving for y=359
start of clauseDistribution function in cuddObj.c
Resolving for y=357
start of clauseDistribution function in cuddObj.c
Resolving for y=355
start of clauseDistribution function in cuddObj.c
Resolving for y=353
start of clauseDistribution function in cuddObj.c
Resolving for y=351
start of clauseDistribution function in cuddObj.c
Resolving for y=349
start of clauseDistribution function in cuddObj.c
Resolving for y=347
start of clauseDistribution function in cuddObj.c
Resolving for y=345
start of clauseDistribution function in cuddObj.c
Resolving for y=341
start of clauseDistribution function in cuddObj.c
Resolving for y=339
start of clauseDistribution function in cuddObj.c
Resolving for y=337
start of clauseDistribution function in cuddObj.c
Resolving for y=335
start of clauseDistribution function in cuddObj.c
Resolving for y=333
start of clauseDistribution function in cuddObj.c
Resolving for y=329
start of clauseDistribution function in cuddObj.c
Resolving for y=327
start of clauseDistribution function in cuddObj.c
Resolving for y=325
start of clauseDistribution function in cuddObj.c
Resolving for y=323
start of clauseDistribution function in cuddObj.c
Resolving for y=321
start of clauseDistribution function in cuddObj.c
Resolving for y=319
start of clauseDistribution function in cuddObj.c
Resolving for y=317
start of clauseDistribution function in cuddObj.c
Resolving for y=315
start of clauseDistribution function in cuddObj.c
Resolving for y=313
start of clauseDistribution function in cuddObj.c
Resolving for y=309
start of clauseDistribution function in cuddObj.c
Resolving for y=305
start of clauseDistribution function in cuddObj.c
Resolving for y=303
start of clauseDistribution function in cuddObj.c
Resolving for y=301
start of clauseDistribution function in cuddObj.c
Resolving for y=297
start of clauseDistribution function in cuddObj.c
Resolving for y=295
start of clauseDistribution function in cuddObj.c
Resolving for y=293
start of clauseDistribution function in cuddObj.c
Resolving for y=291
start of clauseDistribution function in cuddObj.c
Resolving for y=289
start of clauseDistribution function in cuddObj.c
Resolving for y=287
start of clauseDistribution function in cuddObj.c
Resolving for y=285
start of clauseDistribution function in cuddObj.c
Resolving for y=283
start of clauseDistribution function in cuddObj.c
Resolving for y=281
start of clauseDistribution function in cuddObj.c
Resolving for y=277
start of clauseDistribution function in cuddObj.c
Resolving for y=181
start of clauseDistribution function in cuddObj.c
Resolving for y=275
start of clauseDistribution function in cuddObj.c
Resolving for y=273
start of clauseDistribution function in cuddObj.c
Resolving for y=177
start of clauseDistribution function in cuddObj.c
Resolving for y=271
start of clauseDistribution function in cuddObj.c
Resolving for y=175
start of clauseDistribution function in cuddObj.c
Resolving for y=269
start of clauseDistribution function in cuddObj.c
Resolving for y=173
start of clauseDistribution function in cuddObj.c
Resolving for y=265
start of clauseDistribution function in cuddObj.c
Resolving for y=169
start of clauseDistribution function in cuddObj.c
Resolving for y=263
start of clauseDistribution function in cuddObj.c
Resolving for y=167
start of clauseDistribution function in cuddObj.c
Resolving for y=261
start of clauseDistribution function in cuddObj.c
Resolving for y=165
start of clauseDistribution function in cuddObj.c
Resolving for y=259
start of clauseDistribution function in cuddObj.c
Resolving for y=163
start of clauseDistribution function in cuddObj.c
Resolving for y=257
start of clauseDistribution function in cuddObj.c
Resolving for y=161
start of clauseDistribution function in cuddObj.c
Resolving for y=255
start of clauseDistribution function in cuddObj.c
Resolving for y=159
start of clauseDistribution function in cuddObj.c
Resolving for y=253
start of clauseDistribution function in cuddObj.c
Resolving for y=157
start of clauseDistribution function in cuddObj.c
Resolving for y=251
start of clauseDistribution function in cuddObj.c
Resolving for y=155
start of clauseDistribution function in cuddObj.c
Resolving for y=249
start of clauseDistribution function in cuddObj.c
Resolving for y=153
start of clauseDistribution function in cuddObj.c
Resolving for y=245
start of clauseDistribution function in cuddObj.c
Resolving for y=149
start of clauseDistribution function in cuddObj.c
Resolving for y=147
start of clauseDistribution function in cuddObj.c
Resolving for y=241
start of clauseDistribution function in cuddObj.c
Resolving for y=145
start of clauseDistribution function in cuddObj.c
Resolving for y=239
start of clauseDistribution function in cuddObj.c
Resolving for y=143
start of clauseDistribution function in cuddObj.c
Resolving for y=237
start of clauseDistribution function in cuddObj.c
Resolving for y=141
start of clauseDistribution function in cuddObj.c
Resolving for y=233
start of clauseDistribution function in cuddObj.c
Resolving for y=137
start of clauseDistribution function in cuddObj.c
Resolving for y=231
start of clauseDistribution function in cuddObj.c
Resolving for y=135
start of clauseDistribution function in cuddObj.c
Resolving for y=229
start of clauseDistribution function in cuddObj.c
Resolving for y=133
start of clauseDistribution function in cuddObj.c
Resolving for y=227
start of clauseDistribution function in cuddObj.c
Resolving for y=131
start of clauseDistribution function in cuddObj.c
Resolving for y=225
start of clauseDistribution function in cuddObj.c
Resolving for y=129
start of clauseDistribution function in cuddObj.c
Resolving for y=223
start of clauseDistribution function in cuddObj.c
Resolving for y=127
start of clauseDistribution function in cuddObj.c
Resolving for y=221
start of clauseDistribution function in cuddObj.c
Resolving for y=125
start of clauseDistribution function in cuddObj.c
Resolving for y=219
start of clauseDistribution function in cuddObj.c
Resolving for y=123
start of clauseDistribution function in cuddObj.c
Resolving for y=217
start of clauseDistribution function in cuddObj.c
Resolving for y=121
start of clauseDistribution function in cuddObj.c
Resolving for y=213
start of clauseDistribution function in cuddObj.c
Resolving for y=117
start of clauseDistribution function in cuddObj.c
Resolving for y=211
start of clauseDistribution function in cuddObj.c
Resolving for y=209
start of clauseDistribution function in cuddObj.c
Resolving for y=113
start of clauseDistribution function in cuddObj.c
Resolving for y=207
start of clauseDistribution function in cuddObj.c
Resolving for y=111
start of clauseDistribution function in cuddObj.c
Resolving for y=205
start of clauseDistribution function in cuddObj.c
Resolving for y=109
start of clauseDistribution function in cuddObj.c
Resolving for y=201
start of clauseDistribution function in cuddObj.c
Resolving for y=105
start of clauseDistribution function in cuddObj.c
Resolving for y=97
start of clauseDistribution function in cuddObj.c
Resolving for y=95
start of clauseDistribution function in cuddObj.c
Resolving for y=93
start of clauseDistribution function in cuddObj.c
Resolving for y=91
start of clauseDistribution function in cuddObj.c
Resolving for y=89
start of clauseDistribution function in cuddObj.c
Resolving for y=85
start of clauseDistribution function in cuddObj.c
Resolving for y=83
start of clauseDistribution function in cuddObj.c
Resolving for y=81
start of clauseDistribution function in cuddObj.c
Resolving for y=79
start of clauseDistribution function in cuddObj.c
Resolving for y=77
start of clauseDistribution function in cuddObj.c
Resolving for y=73
start of clauseDistribution function in cuddObj.c
Resolving for y=71
start of clauseDistribution function in cuddObj.c
Resolving for y=69
start of clauseDistribution function in cuddObj.c
Resolving for y=67
start of clauseDistribution function in cuddObj.c
Resolving for y=65
start of clauseDistribution function in cuddObj.c
Resolving for y=63
start of clauseDistribution function in cuddObj.c
Resolving for y=61
start of clauseDistribution function in cuddObj.c
Resolving for y=59
start of clauseDistribution function in cuddObj.c
Resolving for y=57
start of clauseDistribution function in cuddObj.c
Resolving for y=53
start of clauseDistribution function in cuddObj.c
Resolving for y=45
start of clauseDistribution function in cuddObj.c
Resolving for y=15
start of clauseDistribution function in cuddObj.c
Resolving for y=7
start of clauseDistribution function in cuddObj.c
Resolving for y=5
start of clauseDistribution function in cuddObj.c
Resolving for y=563
start of clauseDistribution function in cuddObj.c
Resolving for y=555
start of clauseDistribution function in cuddObj.c
Resolving for y=9
start of clauseDistribution function in cuddObj.c
Resolving for y=49
start of clauseDistribution function in cuddObj.c
Resolving for y=13
start of clauseDistribution function in cuddObj.c
Resolving for y=17
start of clauseDistribution function in cuddObj.c
Resolving for y=19
start of clauseDistribution function in cuddObj.c
Resolving for y=560
start of clauseDistribution function in cuddObj.c
Resolving for y=21
start of clauseDistribution function in cuddObj.c
Resolving for y=25
start of clauseDistribution function in cuddObj.c
Resolving for y=27
start of clauseDistribution function in cuddObj.c
Resolving for y=29
start of clauseDistribution function in cuddObj.c
Resolving for y=41
start of clauseDistribution function in cuddObj.c
Resolving for y=31
start of clauseDistribution function in cuddObj.c
Resolving for y=33
start of clauseDistribution function in cuddObj.c
Resolving for y=47
start of clauseDistribution function in cuddObj.c
Resolving for y=35
start of clauseDistribution function in cuddObj.c
Resolving for y=37
start of clauseDistribution function in cuddObj.c
Resolving for y=39
start of clauseDistribution function in cuddObj.c
Resolving for y=99
start of clauseDistribution function in cuddObj.c
Resolving for y=101
start of clauseDistribution function in cuddObj.c
Resolving for y=103
start of clauseDistribution function in cuddObj.c
Resolving for y=185
start of clauseDistribution function in cuddObj.c
Resolving for y=187
start of clauseDistribution function in cuddObj.c
Resolving for y=189
start of clauseDistribution function in cuddObj.c
Resolving for y=191
start of clauseDistribution function in cuddObj.c
Resolving for y=193
start of clauseDistribution function in cuddObj.c
Resolving for y=195
start of clauseDistribution function in cuddObj.c
Resolving for y=197
start of clauseDistribution function in cuddObj.c
Resolving for y=199
start of clauseDistribution function in cuddObj.c
Resolving for y=399
start of clauseDistribution function in cuddObj.c
Resolving for y=401
start of clauseDistribution function in cuddObj.c
Resolving for y=403
start of clauseDistribution function in cuddObj.c
Resolving for y=405
start of clauseDistribution function in cuddObj.c
Resolving for y=409
start of clauseDistribution function in cuddObj.c
Resolving for y=411
start of clauseDistribution function in cuddObj.c
Resolving for y=413
start of clauseDistribution function in cuddObj.c
Resolving for y=415
start of clauseDistribution function in cuddObj.c
Resolving for y=417
start of clauseDistribution function in cuddObj.c
Resolving for y=419
start of clauseDistribution function in cuddObj.c
Resolving for y=421
start of clauseDistribution function in cuddObj.c
Resolving for y=423
start of clauseDistribution function in cuddObj.c
Resolving for y=425
start of clauseDistribution function in cuddObj.c
Resolving for y=429
start of clauseDistribution function in cuddObj.c
Resolving for y=431
start of clauseDistribution function in cuddObj.c
Resolving for y=433
start of clauseDistribution function in cuddObj.c
Resolving for y=437
start of clauseDistribution function in cuddObj.c
Resolving for y=441
start of clauseDistribution function in cuddObj.c
Resolving for y=443
start of clauseDistribution function in cuddObj.c
Resolving for y=445
start of clauseDistribution function in cuddObj.c
Resolving for y=447
start of clauseDistribution function in cuddObj.c
Resolving for y=449
start of clauseDistribution function in cuddObj.c
Resolving for y=451
start of clauseDistribution function in cuddObj.c
Resolving for y=453
start of clauseDistribution function in cuddObj.c
Resolving for y=455
start of clauseDistribution function in cuddObj.c
Resolving for y=457
start of clauseDistribution function in cuddObj.c
Resolving for y=461
start of clauseDistribution function in cuddObj.c
Resolving for y=463
start of clauseDistribution function in cuddObj.c
Resolving for y=465
start of clauseDistribution function in cuddObj.c
Resolving for y=467
start of clauseDistribution function in cuddObj.c
Resolving for y=469
start of clauseDistribution function in cuddObj.c
Resolving for y=473
start of clauseDistribution function in cuddObj.c
Resolving for y=475
start of clauseDistribution function in cuddObj.c
Resolving for y=477
start of clauseDistribution function in cuddObj.c
Resolving for y=479
start of clauseDistribution function in cuddObj.c
Resolving for y=481
start of clauseDistribution function in cuddObj.c
Resolving for y=483
start of clauseDistribution function in cuddObj.c
Resolving for y=485
start of clauseDistribution function in cuddObj.c
Resolving for y=487
start of clauseDistribution function in cuddObj.c
Resolving for y=489
start of clauseDistribution function in cuddObj.c
Resolving for y=493
start of clauseDistribution function in cuddObj.c
Resolving for y=495
start of clauseDistribution function in cuddObj.c
Resolving for y=497
start of clauseDistribution function in cuddObj.c
Resolving for y=501
start of clauseDistribution function in cuddObj.c
Resolving for y=505
start of clauseDistribution function in cuddObj.c
Resolving for y=507
start of clauseDistribution function in cuddObj.c
Resolving for y=509
start of clauseDistribution function in cuddObj.c
Resolving for y=576
start of clauseDistribution function in cuddObj.c
Resolving for y=580
start of clauseDistribution function in cuddObj.c
Resolving for y=583
start of clauseDistribution function in cuddObj.c
Resolving for y=586
start of clauseDistribution function in cuddObj.c
Resolving for y=589
start of clauseDistribution function in cuddObj.c
Resolving for y=593
start of clauseDistribution function in cuddObj.c
Resolving for y=596
start of clauseDistribution function in cuddObj.c
Resolving for y=600
start of clauseDistribution function in cuddObj.c
Resolving for y=603
start of clauseDistribution function in cuddObj.c
Resolving for y=607
start of clauseDistribution function in cuddObj.c
Resolving for y=610
start of clauseDistribution function in cuddObj.c
Resolving for y=614
start of clauseDistribution function in cuddObj.c
Resolving for y=617
start of clauseDistribution function in cuddObj.c
Resolving for y=620
start of clauseDistribution function in cuddObj.c
Resolving for y=623
start of clauseDistribution function in cuddObj.c
Resolving for y=627
start of clauseDistribution function in cuddObj.c
Resolving for y=630
start of clauseDistribution function in cuddObj.c
Resolving for y=633
start of clauseDistribution function in cuddObj.c
Resolving for y=636
start of clauseDistribution function in cuddObj.c
Resolving for y=639
start of clauseDistribution function in cuddObj.c
Resolving for y=642
start of clauseDistribution function in cuddObj.c
Resolving for y=646
start of clauseDistribution function in cuddObj.c
Resolving for y=649
start of clauseDistribution function in cuddObj.c
Resolving for y=653
start of clauseDistribution function in cuddObj.c
Resolving for y=656
start of clauseDistribution function in cuddObj.c
Resolving for y=660
start of clauseDistribution function in cuddObj.c
Resolving for y=663
start of clauseDistribution function in cuddObj.c
Resolving for y=667
start of clauseDistribution function in cuddObj.c
Resolving for y=670
start of clauseDistribution function in cuddObj.c
Resolving for y=673
start of clauseDistribution function in cuddObj.c
Resolving for y=676
start of clauseDistribution function in cuddObj.c
Resolving for y=680
start of clauseDistribution function in cuddObj.c
Resolving for y=683
start of clauseDistribution function in cuddObj.c
Resolving for y=687
start of clauseDistribution function in cuddObj.c
Resolving for y=690
start of clauseDistribution function in cuddObj.c
Resolving for y=693
start of clauseDistribution function in cuddObj.c
Resolving for y=696
start of clauseDistribution function in cuddObj.c
Resolving for y=700
start of clauseDistribution function in cuddObj.c
Resolving for y=703
start of clauseDistribution function in cuddObj.c
Resolving for y=707
start of clauseDistribution function in cuddObj.c
Resolving for y=710
start of clauseDistribution function in cuddObj.c
Resolving for y=714
start of clauseDistribution function in cuddObj.c
Resolving for y=717
start of clauseDistribution function in cuddObj.c
Resolving for y=721
start of clauseDistribution function in cuddObj.c
Resolving for y=724
start of clauseDistribution function in cuddObj.c
Resolving for y=727
start of clauseDistribution function in cuddObj.c
Resolving for y=730
start of clauseDistribution function in cuddObj.c
Resolving for y=734
start of clauseDistribution function in cuddObj.c
Resolving for y=737
start of clauseDistribution function in cuddObj.c
Resolving for y=740
start of clauseDistribution function in cuddObj.c
Resolving for y=743
start of clauseDistribution function in cuddObj.c
Resolving for y=746
start of clauseDistribution function in cuddObj.c
Resolving for y=749
start of clauseDistribution function in cuddObj.c
Resolving for y=753
start of clauseDistribution function in cuddObj.c
Resolving for y=756
start of clauseDistribution function in cuddObj.c
Resolving for y=760
start of clauseDistribution function in cuddObj.c
Resolving for y=763
start of clauseDistribution function in cuddObj.c
Resolving for y=767
start of clauseDistribution function in cuddObj.c
Resolving for y=770
start of clauseDistribution function in cuddObj.c
Resolving for y=774
start of clauseDistribution function in cuddObj.c
Resolving for y=777
start of clauseDistribution function in cuddObj.c
Resolving for y=780
start of clauseDistribution function in cuddObj.c
Resolving for y=783
start of clauseDistribution function in cuddObj.c
Resolving for y=787
start of clauseDistribution function in cuddObj.c
Resolving for y=790
start of clauseDistribution function in cuddObj.c
Resolving for y=794
start of clauseDistribution function in cuddObj.c
Resolving for y=797
start of clauseDistribution function in cuddObj.c
Resolving for y=800
start of clauseDistribution function in cuddObj.c
Resolving for y=803
start of clauseDistribution function in cuddObj.c
Resolving for y=807
start of clauseDistribution function in cuddObj.c
Resolving for y=810
start of clauseDistribution function in cuddObj.c
Resolving for y=814
start of clauseDistribution function in cuddObj.c
Resolving for y=817
start of clauseDistribution function in cuddObj.c
Resolving for y=821
start of clauseDistribution function in cuddObj.c
Resolving for y=824
start of clauseDistribution function in cuddObj.c
Resolving for y=828
start of clauseDistribution function in cuddObj.c
Resolving for y=831
start of clauseDistribution function in cuddObj.c
Resolving for y=834
start of clauseDistribution function in cuddObj.c
Resolving for y=837
start of clauseDistribution function in cuddObj.c
Resolving for y=841
start of clauseDistribution function in cuddObj.c
Resolving for y=844
start of clauseDistribution function in cuddObj.c
Resolving for y=847
start of clauseDistribution function in cuddObj.c
Resolving for y=850
start of clauseDistribution function in cuddObj.c
Resolving for y=853
start of clauseDistribution function in cuddObj.c
Resolving for y=856
start of clauseDistribution function in cuddObj.c
Resolving for y=860
start of clauseDistribution function in cuddObj.c
Resolving for y=863
start of clauseDistribution function in cuddObj.c
Resolving for y=867
start of clauseDistribution function in cuddObj.c
Resolving for y=870
start of clauseDistribution function in cuddObj.c
Resolving for y=874
start of clauseDistribution function in cuddObj.c
Resolving for y=877
start of clauseDistribution function in cuddObj.c
Resolving for y=881
start of clauseDistribution function in cuddObj.c
Resolving for y=884
start of clauseDistribution function in cuddObj.c
Resolving for y=887
start of clauseDistribution function in cuddObj.c
Resolving for y=890
start of clauseDistribution function in cuddObj.c
Resolving for y=894
start of clauseDistribution function in cuddObj.c
Resolving for y=897
start of clauseDistribution function in cuddObj.c
Resolving for y=901
start of clauseDistribution function in cuddObj.c
Resolving for y=904
start of clauseDistribution function in cuddObj.c
Resolving for y=907
start of clauseDistribution function in cuddObj.c
Resolving for y=910
start of clauseDistribution function in cuddObj.c
Resolving for y=914
start of clauseDistribution function in cuddObj.c
Resolving for y=917
start of clauseDistribution function in cuddObj.c
Resolving for y=921
start of clauseDistribution function in cuddObj.c
Resolving for y=924
start of clauseDistribution function in cuddObj.c
Resolving for y=928
start of clauseDistribution function in cuddObj.c
Resolving for y=931
start of clauseDistribution function in cuddObj.c
Resolving for y=935
start of clauseDistribution function in cuddObj.c
Resolving for y=938
start of clauseDistribution function in cuddObj.c
Resolving for y=941
start of clauseDistribution function in cuddObj.c
Resolving for y=944
start of clauseDistribution function in cuddObj.c
Resolving for y=948
start of clauseDistribution function in cuddObj.c
Resolving for y=951
start of clauseDistribution function in cuddObj.c
Resolving for y=954
start of clauseDistribution function in cuddObj.c
Resolving for y=957
start of clauseDistribution function in cuddObj.c
Resolving for y=960
start of clauseDistribution function in cuddObj.c
Resolving for y=963
start of clauseDistribution function in cuddObj.c
Resolving for y=967
start of clauseDistribution function in cuddObj.c
Resolving for y=970
start of clauseDistribution function in cuddObj.c
Resolving for y=974
start of clauseDistribution function in cuddObj.c
Resolving for y=977
start of clauseDistribution function in cuddObj.c
Resolving for y=981
start of clauseDistribution function in cuddObj.c
Resolving for y=984
start of clauseDistribution function in cuddObj.c
Resolving for y=988
start of clauseDistribution function in cuddObj.c
Resolving for y=991
start of clauseDistribution function in cuddObj.c
Resolving for y=994
start of clauseDistribution function in cuddObj.c
Resolving for y=997
start of clauseDistribution function in cuddObj.c
Resolving for y=1001
start of clauseDistribution function in cuddObj.c
Resolving for y=1004
start of clauseDistribution function in cuddObj.c
Resolving for y=1008
start of clauseDistribution function in cuddObj.c
Resolving for y=1011
start of clauseDistribution function in cuddObj.c
Resolving for y=1014
start of clauseDistribution function in cuddObj.c
Resolving for y=1017
start of clauseDistribution function in cuddObj.c
Resolving for y=1021
start of clauseDistribution function in cuddObj.c
Resolving for y=1024
start of clauseDistribution function in cuddObj.c
Resolving for y=1028
start of clauseDistribution function in cuddObj.c
Resolving for y=1031
start of clauseDistribution function in cuddObj.c
Resolving for y=1035
start of clauseDistribution function in cuddObj.c
Resolving for y=1038
start of clauseDistribution function in cuddObj.c
Resolving for y=1042
start of clauseDistribution function in cuddObj.c
Resolving for y=1045
start of clauseDistribution function in cuddObj.c
Resolving for y=1048
start of clauseDistribution function in cuddObj.c
Resolving for y=1051
start of clauseDistribution function in cuddObj.c
Resolving for y=1055
start of clauseDistribution function in cuddObj.c
Resolving for y=1058
start of clauseDistribution function in cuddObj.c
Resolving for y=1061
start of clauseDistribution function in cuddObj.c
Resolving for y=1064
start of clauseDistribution function in cuddObj.c
Resolving for y=1067
start of clauseDistribution function in cuddObj.c
Resolving for y=1070
start of clauseDistribution function in cuddObj.c
Resolving for y=1074
start of clauseDistribution function in cuddObj.c
Resolving for y=1077
start of clauseDistribution function in cuddObj.c
Resolving for y=1529
start of clauseDistribution function in cuddObj.c
Resolving for y=1406
start of clauseDistribution function in cuddObj.c
Resolving for y=1403
start of clauseDistribution function in cuddObj.c
Resolving for y=1400
start of clauseDistribution function in cuddObj.c
Resolving for y=1398
start of clauseDistribution function in cuddObj.c
Resolving for y=1397
start of clauseDistribution function in cuddObj.c
Resolving for y=1387
start of clauseDistribution function in cuddObj.c
Resolving for y=512
start of clauseDistribution function in cuddObj.c
Resolving for y=572
start of clauseDistribution function in cuddObj.c
Resolving for y=1528
start of clauseDistribution function in cuddObj.c
Resolving for y=1527
start of clauseDistribution function in cuddObj.c
Resolving for y=1526
start of clauseDistribution function in cuddObj.c
Resolving for y=1525
start of clauseDistribution function in cuddObj.c
Resolving for y=1524
start of clauseDistribution function in cuddObj.c
Resolving for y=1523
start of clauseDistribution function in cuddObj.c
Resolving for y=1522
start of clauseDistribution function in cuddObj.c
Resolving for y=1521
start of clauseDistribution function in cuddObj.c
