MCS ordering: 57 55 53 51 49 23 21 19 17 15 13 5 3 7 9 11 25 27 29 31 33 35 37 39 41 43 45 47 60 59 58 56 54 52 50 22 20 18 16 14 4 6 24 1 48 12 8 10 26 28 30 32 34 36 38 40 42 44 46 2 
RESOLVING Scope: 2 4 6 8 10 12 14 16 18 20 22 24 26 28 30 32 34 36 38 40 42 44 46 48 50 52 54 56 58 60 
Resolving for y=60
start of clauseDistribution function in cuddObj.c
Resolving for y=58
start of clauseDistribution function in cuddObj.c
Resolving for y=56
start of clauseDistribution function in cuddObj.c
Resolving for y=54
start of clauseDistribution function in cuddObj.c
Resolving for y=52
start of clauseDistribution function in cuddObj.c
Resolving for y=50
start of clauseDistribution function in cuddObj.c
Resolving for y=22
start of clauseDistribution function in cuddObj.c
Resolving for y=20
start of clauseDistribution function in cuddObj.c
Resolving for y=18
start of clauseDistribution function in cuddObj.c
Resolving for y=16
start of clauseDistribution function in cuddObj.c
Resolving for y=14
start of clauseDistribution function in cuddObj.c
Resolving for y=4
start of clauseDistribution function in cuddObj.c
Resolving for y=6
start of clauseDistribution function in cuddObj.c
Resolving for y=24
start of clauseDistribution function in cuddObj.c
Resolving for y=48
start of clauseDistribution function in cuddObj.c
Resolving for y=12
start of clauseDistribution function in cuddObj.c
Resolving for y=8
start of clauseDistribution function in cuddObj.c
Resolving for y=10
start of clauseDistribution function in cuddObj.c
Resolving for y=26
start of clauseDistribution function in cuddObj.c
Resolving for y=28
start of clauseDistribution function in cuddObj.c
Resolving for y=30
start of clauseDistribution function in cuddObj.c
Resolving for y=32
start of clauseDistribution function in cuddObj.c
Resolving for y=34
start of clauseDistribution function in cuddObj.c
Resolving for y=36
start of clauseDistribution function in cuddObj.c
Resolving for y=38
start of clauseDistribution function in cuddObj.c
Resolving for y=40
start of clauseDistribution function in cuddObj.c
Resolving for y=42
start of clauseDistribution function in cuddObj.c
Resolving for y=44
start of clauseDistribution function in cuddObj.c
Resolving for y=46
start of clauseDistribution function in cuddObj.c
Resolving for y=2
start of clauseDistribution function in cuddObj.c
RESOLVING Scope: 1 3 5 7 9 11 13 15 17 19 21 23 25 27 29 31 33 35 37 39 41 43 45 47 49 51 53 55 57 59 
Resolving for y=57
start of clauseDistribution function in cuddObj.c
Resolving for y=55
start of clauseDistribution function in cuddObj.c
Resolving for y=53
start of clauseDistribution function in cuddObj.c
Resolving for y=51
start of clauseDistribution function in cuddObj.c
Resolving for y=49
start of clauseDistribution function in cuddObj.c
Resolving for y=23
start of clauseDistribution function in cuddObj.c
Resolving for y=21
start of clauseDistribution function in cuddObj.c
Resolving for y=19
start of clauseDistribution function in cuddObj.c
Resolving for y=17
start of clauseDistribution function in cuddObj.c
Resolving for y=15
start of clauseDistribution function in cuddObj.c
Resolving for y=13
start of clauseDistribution function in cuddObj.c
Resolving for y=5
start of clauseDistribution function in cuddObj.c
Resolving for y=3
start of clauseDistribution function in cuddObj.c
Resolving for y=7
start of clauseDistribution function in cuddObj.c
Resolving for y=9
start of clauseDistribution function in cuddObj.c
Resolving for y=11
start of clauseDistribution function in cuddObj.c
Resolving for y=25
start of clauseDistribution function in cuddObj.c
Resolving for y=27
start of clauseDistribution function in cuddObj.c
Resolving for y=29
start of clauseDistribution function in cuddObj.c
Resolving for y=31
start of clauseDistribution function in cuddObj.c
Resolving for y=33
start of clauseDistribution function in cuddObj.c
Resolving for y=35
start of clauseDistribution function in cuddObj.c
Resolving for y=37
start of clauseDistribution function in cuddObj.c
Resolving for y=39
start of clauseDistribution function in cuddObj.c
Resolving for y=41
start of clauseDistribution function in cuddObj.c
Resolving for y=43
start of clauseDistribution function in cuddObj.c
Resolving for y=45
start of clauseDistribution function in cuddObj.c
Resolving for y=47
start of clauseDistribution function in cuddObj.c
Resolving for y=59
start of clauseDistribution function in cuddObj.c
Resolving for y=1
start of clauseDistribution function in cuddObj.c
start of clauseDistribution function in cuddObj.c
start of clauseDistribution function in cuddObj.c
start of clauseDistribution function in cuddObj.c
start of clauseDistribution function in cuddObj.c
start of clauseDistribution function in cuddObj.c
start of clauseDistribution function in cuddObj.c
start of clauseDistribution function in cuddObj.c
start of clauseDistribution function in cuddObj.c
start of clauseDistribution function in cuddObj.c
start of clauseDistribution function in cuddObj.c
start of clauseDistribution function in cuddObj.c
start of clauseDistribution function in cuddObj.c
start of clauseDistribution function in cuddObj.c
start of clauseDistribution function in cuddObj.c
start of clauseDistribution function in cuddObj.c
start of clauseDistribution function in cuddObj.c
start of clauseDistribution function in cuddObj.c
start of clauseDistribution function in cuddObj.c
start of clauseDistribution function in cuddObj.c
start of clauseDistribution function in cuddObj.c
start of clauseDistribution function in cuddObj.c
start of clauseDistribution function in cuddObj.c
start of clauseDistribution function in cuddObj.c
start of clauseDistribution function in cuddObj.c
start of clauseDistribution function in cuddObj.c
start of clauseDistribution function in cuddObj.c
start of clauseDistribution function in cuddObj.c
start of clauseDistribution function in cuddObj.c
start of clauseDistribution function in cuddObj.c
start of clauseDistribution function in cuddObj.c
start of clauseDistribution function in cuddObj.c
start of clauseDistribution function in cuddObj.c
start of clauseDistribution function in cuddObj.c
start of clauseDistribution function in cuddObj.c
start of clauseDistribution function in cuddObj.c
start of clauseDistribution function in cuddObj.c
start of clauseDistribution function in cuddObj.c
start of clauseDistribution function in cuddObj.c
start of clauseDistribution function in cuddObj.c
start of clauseDistribution function in cuddObj.c
start of clauseDistribution function in cuddObj.c
start of clauseDistribution function in cuddObj.c
start of clauseDistribution function in cuddObj.c
start of clauseDistribution function in cuddObj.c
start of clauseDistribution function in cuddObj.c
start of clauseDistribution function in cuddObj.c
start of clauseDistribution function in cuddObj.c
start of clauseDistribution function in cuddObj.c
start of clauseDistribution function in cuddObj.c
start of clauseDistribution function in cuddObj.c
start of clauseDistribution function in cuddObj.c
start of clauseDistribution function in cuddObj.c
start of clauseDistribution function in cuddObj.c
start of clauseDistribution function in cuddObj.c
start of clauseDistribution function in cuddObj.c
start of clauseDistribution function in cuddObj.c
start of clauseDistribution function in cuddObj.c
start of clauseDistribution function in cuddObj.c
start of clauseDistribution function in cuddObj.c
start of clauseDistribution function in cuddObj.c
start of clauseDistribution function in cuddObj.c
start of clauseDistribution function in cuddObj.c
start of clauseDistribution function in cuddObj.c
start of clauseDistribution function in cuddObj.c
start of clauseDistribution function in cuddObj.c
start of clauseDistribution function in cuddObj.c
start of clauseDistribution function in cuddObj.c
start of clauseDistribution function in cuddObj.c
start of clauseDistribution function in cuddObj.c
start of clauseDistribution function in cuddObj.c
start of clauseDistribution function in cuddObj.c
start of clauseDistribution function in cuddObj.c
start of clauseDistribution function in cuddObj.c
start of clauseDistribution function in cuddObj.c
start of clauseDistribution function in cuddObj.c
start of clauseDistribution function in cuddObj.c
start of clauseDistribution function in cuddObj.c
start of clauseDistribution function in cuddObj.c
start of clauseDistribution function in cuddObj.c
start of clauseDistribution function in cuddObj.c
start of clauseDistribution function in cuddObj.c
start of clauseDistribution function in cuddObj.c
start of clauseDistribution function in cuddObj.c
start of clauseDistribution function in cuddObj.c
start of clauseDistribution function in cuddObj.c
start of clauseDistribution function in cuddObj.c
start of clauseDistribution function in cuddObj.c
start of clauseDistribution function in cuddObj.c
start of clauseDistribution function in cuddObj.c
start of clauseDistribution function in cuddObj.c
start of clauseDistribution function in cuddObj.c
start of clauseDistribution function in cuddObj.c
start of clauseDistribution function in cuddObj.c
start of clauseDistribution function in cuddObj.c
start of clauseDistribution function in cuddObj.c
start of clauseDistribution function in cuddObj.c
start of clauseDistribution function in cuddObj.c
start of clauseDistribution function in cuddObj.c
start of clauseDistribution function in cuddObj.c
start of clauseDistribution function in cuddObj.c
start of clauseDistribution function in cuddObj.c
start of clauseDistribution function in cuddObj.c
start of clauseDistribution function in cuddObj.c
start of clauseDistribution function in cuddObj.c
start of clauseDistribution function in cuddObj.c
start of clauseDistribution function in cuddObj.c
start of clauseDistribution function in cuddObj.c
start of clauseDistribution function in cuddObj.c
start of clauseDistribution function in cuddObj.c
start of clauseDistribution function in cuddObj.c
start of clauseDistribution function in cuddObj.c
start of clauseDistribution function in cuddObj.c
start of clauseDistribution function in cuddObj.c
start of clauseDistribution function in cuddObj.c
start of clauseDistribution function in cuddObj.c
start of clauseDistribution function in cuddObj.c
start of clauseDistribution function in cuddObj.c
start of clauseDistribution function in cuddObj.c
start of clauseDistribution function in cuddObj.c
start of clauseDistribution function in cuddObj.c
start of clauseDistribution function in cuddObj.c
start of clauseDistribution function in cuddObj.c
start of clauseDistribution function in cuddObj.c
start of clauseDistribution function in cuddObj.c
start of clauseDistribution function in cuddObj.c
start of clauseDistribution function in cuddObj.c
start of clauseDistribution function in cuddObj.c
start of clauseDistribution function in cuddObj.c
start of clauseDistribution function in cuddObj.c
start of clauseDistribution function in cuddObj.c
start of clauseDistribution function in cuddObj.c
start of clauseDistribution function in cuddObj.c
start of clauseDistribution function in cuddObj.c
start of clauseDistribution function in cuddObj.c
start of clauseDistribution function in cuddObj.c
start of clauseDistribution function in cuddObj.c
start of clauseDistribution function in cuddObj.c
start of clauseDistribution function in cuddObj.c
start of clauseDistribution function in cuddObj.c
start of clauseDistribution function in cuddObj.c
start of clauseDistribution function in cuddObj.c
start of clauseDistribution function in cuddObj.c
start of clauseDistribution function in cuddObj.c
start of clauseDistribution function in cuddObj.c
start of clauseDistribution function in cuddObj.c
start of clauseDistribution function in cuddObj.c
start of clauseDistribution function in cuddObj.c
start of clauseDistribution function in cuddObj.c
start of clauseDistribution function in cuddObj.c
start of clauseDistribution function in cuddObj.c
start of clauseDistribution function in cuddObj.c
start of clauseDistribution function in cuddObj.c
start of clauseDistribution function in cuddObj.c
start of clauseDistribution function in cuddObj.c
start of clauseDistribution function in cuddObj.c
start of clauseDistribution function in cuddObj.c
start of clauseDistribution function in cuddObj.c
start of clauseDistribution function in cuddObj.c
start of clauseDistribution function in cuddObj.c
start of clauseDistribution function in cuddObj.c
start of clauseDistribution function in cuddObj.c
start of clauseDistribution function in cuddObj.c
start of clauseDistribution function in cuddObj.c
start of clauseDistribution function in cuddObj.c
start of clauseDistribution function in cuddObj.c
start of clauseDistribution function in cuddObj.c
start of clauseDistribution function in cuddObj.c
start of clauseDistribution function in cuddObj.c
start of clauseDistribution function in cuddObj.c
start of clauseDistribution function in cuddObj.c
start of clauseDistribution function in cuddObj.c
start of clauseDistribution function in cuddObj.c
start of clauseDistribution function in cuddObj.c
start of clauseDistribution function in cuddObj.c
start of clauseDistribution function in cuddObj.c
start of clauseDistribution function in cuddObj.c
start of clauseDistribution function in cuddObj.c
start of clauseDistribution function in cuddObj.c
start of clauseDistribution function in cuddObj.c
start of clauseDistribution function in cuddObj.c
start of clauseDistribution function in cuddObj.c
start of clauseDistribution function in cuddObj.c
start of clauseDistribution function in cuddObj.c
start of clauseDistribution function in cuddObj.c
start of clauseDistribution function in cuddObj.c
start of clauseDistribution function in cuddObj.c
start of clauseDistribution function in cuddObj.c
start of clauseDistribution function in cuddObj.c
start of clauseDistribution function in cuddObj.c
start of clauseDistribution function in cuddObj.c
start of clauseDistribution function in cuddObj.c
start of clauseDistribution function in cuddObj.c
start of clauseDistribution function in cuddObj.c
start of clauseDistribution function in cuddObj.c
start of clauseDistribution function in cuddObj.c
start of clauseDistribution function in cuddObj.c
start of clauseDistribution function in cuddObj.c
start of clauseDistribution function in cuddObj.c
start of clauseDistribution function in cuddObj.c
start of clauseDistribution function in cuddObj.c
start of clauseDistribution function in cuddObj.c
start of clauseDistribution function in cuddObj.c
start of clauseDistribution function in cuddObj.c
start of clauseDistribution function in cuddObj.c
start of clauseDistribution function in cuddObj.c
start of clauseDistribution function in cuddObj.c
start of clauseDistribution function in cuddObj.c
start of clauseDistribution function in cuddObj.c
start of clauseDistribution function in cuddObj.c
start of clauseDistribution function in cuddObj.c
start of clauseDistribution function in cuddObj.c
start of clauseDistribution function in cuddObj.c
start of clauseDistribution function in cuddObj.c
start of clauseDistribution function in cuddObj.c
start of clauseDistribution function in cuddObj.c
start of clauseDistribution function in cuddObj.c
start of clauseDistribution function in cuddObj.c
start of clauseDistribution function in cuddObj.c
start of clauseDistribution function in cuddObj.c
start of clauseDistribution function in cuddObj.c
start of clauseDistribution function in cuddObj.c
start of clauseDistribution function in cuddObj.c
start of clauseDistribution function in cuddObj.c
start of clauseDistribution function in cuddObj.c
start of clauseDistribution function in cuddObj.c
start of clauseDistribution function in cuddObj.c
start of clauseDistribution function in cuddObj.c
start of clauseDistribution function in cuddObj.c
start of clauseDistribution function in cuddObj.c
start of clauseDistribution function in cuddObj.c
start of clauseDistribution function in cuddObj.c
start of clauseDistribution function in cuddObj.c
start of clauseDistribution function in cuddObj.c
start of clauseDistribution function in cuddObj.c
start of clauseDistribution function in cuddObj.c
start of clauseDistribution function in cuddObj.c
start of clauseDistribution function in cuddObj.c
start of clauseDistribution function in cuddObj.c
start of clauseDistribution function in cuddObj.c
start of clauseDistribution function in cuddObj.c
start of clauseDistribution function in cuddObj.c
start of clauseDistribution function in cuddObj.c
start of clauseDistribution function in cuddObj.c
start of clauseDistribution function in cuddObj.c
start of clauseDistribution function in cuddObj.c
start of clauseDistribution function in cuddObj.c
start of clauseDistribution function in cuddObj.c
start of clauseDistribution function in cuddObj.c
start of clauseDistribution function in cuddObj.c
start of clauseDistribution function in cuddObj.c
start of clauseDistribution function in cuddObj.c
start of clauseDistribution function in cuddObj.c
start of clauseDistribution function in cuddObj.c
start of clauseDistribution function in cuddObj.c
start of clauseDistribution function in cuddObj.c
start of clauseDistribution function in cuddObj.c
start of clauseDistribution function in cuddObj.c
start of clauseDistribution function in cuddObj.c
start of clauseDistribution function in cuddObj.c
start of clauseDistribution function in cuddObj.c
start of clauseDistribution function in cuddObj.c
start of clauseDistribution function in cuddObj.c
start of clauseDistribution function in cuddObj.c
start of clauseDistribution function in cuddObj.c
start of clauseDistribution function in cuddObj.c
start of clauseDistribution function in cuddObj.c
start of clauseDistribution function in cuddObj.c
start of clauseDistribution function in cuddObj.c
start of clauseDistribution function in cuddObj.c
start of clauseDistribution function in cuddObj.c
start of clauseDistribution function in cuddObj.c
start of clauseDistribution function in cuddObj.c
start of clauseDistribution function in cuddObj.c
start of clauseDistribution function in cuddObj.c
start of clauseDistribution function in cuddObj.c
start of clauseDistribution function in cuddObj.c
start of clauseDistribution function in cuddObj.c
start of clauseDistribution function in cuddObj.c
start of clauseDistribution function in cuddObj.c
start of clauseDistribution function in cuddObj.c
start of clauseDistribution function in cuddObj.c
start of clauseDistribution function in cuddObj.c
start of clauseDistribution function in cuddObj.c
start of clauseDistribution function in cuddObj.c
start of clauseDistribution function in cuddObj.c
start of clauseDistribution function in cuddObj.c
start of clauseDistribution function in cuddObj.c
start of clauseDistribution function in cuddObj.c
start of clauseDistribution function in cuddObj.c
start of clauseDistribution function in cuddObj.c
start of clauseDistribution function in cuddObj.c
start of clauseDistribution function in cuddObj.c
start of clauseDistribution function in cuddObj.c
start of clauseDistribution function in cuddObj.c
start of clauseDistribution function in cuddObj.c
start of clauseDistribution function in cuddObj.c
start of clauseDistribution function in cuddObj.c
start of clauseDistribution function in cuddObj.c
start of clauseDistribution function in cuddObj.c
start of clauseDistribution function in cuddObj.c
start of clauseDistribution function in cuddObj.c
start of clauseDistribution function in cuddObj.c
start of clauseDistribution function in cuddObj.c
start of clauseDistribution function in cuddObj.c
start of clauseDistribution function in cuddObj.c
start of clauseDistribution function in cuddObj.c
start of clauseDistribution function in cuddObj.c
start of clauseDistribution function in cuddObj.c
start of clauseDistribution function in cuddObj.c
start of clauseDistribution function in cuddObj.c
start of clauseDistribution function in cuddObj.c
start of clauseDistribution function in cuddObj.c
start of clauseDistribution function in cuddObj.c
start of clauseDistribution function in cuddObj.c
start of clauseDistribution function in cuddObj.c
start of clauseDistribution function in cuddObj.c
start of clauseDistribution function in cuddObj.c
start of clauseDistribution function in cuddObj.c
start of clauseDistribution function in cuddObj.c
start of clauseDistribution function in cuddObj.c
start of clauseDistribution function in cuddObj.c
start of clauseDistribution function in cuddObj.c
start of clauseDistribution function in cuddObj.c
start of clauseDistribution function in cuddObj.c
start of clauseDistribution function in cuddObj.c
start of clauseDistribution function in cuddObj.c
start of clauseDistribution function in cuddObj.c
start of clauseDistribution function in cuddObj.c
start of clauseDistribution function in cuddObj.c
start of clauseDistribution function in cuddObj.c
start of clauseDistribution function in cuddObj.c
start of clauseDistribution function in cuddObj.c
start of clauseDistribution function in cuddObj.c
start of clauseDistribution function in cuddObj.c
start of clauseDistribution function in cuddObj.c
start of clauseDistribution function in cuddObj.c
start of clauseDistribution function in cuddObj.c
start of clauseDistribution function in cuddObj.c
start of clauseDistribution function in cuddObj.c
start of clauseDistribution function in cuddObj.c
start of clauseDistribution function in cuddObj.c
start of clauseDistribution function in cuddObj.c
start of clauseDistribution function in cuddObj.c
start of clauseDistribution function in cuddObj.c
start of clauseDistribution function in cuddObj.c
start of clauseDistribution function in cuddObj.c
start of clauseDistribution function in cuddObj.c
start of clauseDistribution function in cuddObj.c
start of clauseDistribution function in cuddObj.c
start of clauseDistribution function in cuddObj.c
start of clauseDistribution function in cuddObj.c
start of clauseDistribution function in cuddObj.c
start of clauseDistribution function in cuddObj.c
start of clauseDistribution function in cuddObj.c
start of clauseDistribution function in cuddObj.c
start of clauseDistribution function in cuddObj.c
start of clauseDistribution function in cuddObj.c
start of clauseDistribution function in cuddObj.c
start of clauseDistribution function in cuddObj.c
start of clauseDistribution function in cuddObj.c
start of clauseDistribution function in cuddObj.c
start of clauseDistribution function in cuddObj.c
start of clauseDistribution function in cuddObj.c
start of clauseDistribution function in cuddObj.c
start of clauseDistribution function in cuddObj.c
start of clauseDistribution function in cuddObj.c
start of clauseDistribution function in cuddObj.c
start of clauseDistribution function in cuddObj.c
start of clauseDistribution function in cuddObj.c
start of clauseDistribution function in cuddObj.c
start of clauseDistribution function in cuddObj.c
start of clauseDistribution function in cuddObj.c
start of clauseDistribution function in cuddObj.c
start of clauseDistribution function in cuddObj.c
start of clauseDistribution function in cuddObj.c
start of clauseDistribution function in cuddObj.c
start of clauseDistribution function in cuddObj.c
start of clauseDistribution function in cuddObj.c
start of clauseDistribution function in cuddObj.c
start of clauseDistribution function in cuddObj.c
start of clauseDistribution function in cuddObj.c
start of clauseDistribution function in cuddObj.c
start of clauseDistribution function in cuddObj.c
start of clauseDistribution function in cuddObj.c
start of clauseDistribution function in cuddObj.c
start of clauseDistribution function in cuddObj.c
start of clauseDistribution function in cuddObj.c
start of clauseDistribution function in cuddObj.c
start of clauseDistribution function in cuddObj.c
start of clauseDistribution function in cuddObj.c
start of clauseDistribution function in cuddObj.c
start of clauseDistribution function in cuddObj.c
start of clauseDistribution function in cuddObj.c
start of clauseDistribution function in cuddObj.c
start of clauseDistribution function in cuddObj.c
start of clauseDistribution function in cuddObj.c
start of clauseDistribution function in cuddObj.c
start of clauseDistribution function in cuddObj.c
start of clauseDistribution function in cuddObj.c
start of clauseDistribution function in cuddObj.c
start of clauseDistribution function in cuddObj.c
start of clauseDistribution function in cuddObj.c
start of clauseDistribution function in cuddObj.c
start of clauseDistribution function in cuddObj.c
start of clauseDistribution function in cuddObj.c
start of clauseDistribution function in cuddObj.c
start of clauseDistribution function in cuddObj.c
start of clauseDistribution function in cuddObj.c
start of clauseDistribution function in cuddObj.c
start of clauseDistribution function in cuddObj.c
start of clauseDistribution function in cuddObj.c
start of clauseDistribution function in cuddObj.c
start of clauseDistribution function in cuddObj.c
start of clauseDistribution function in cuddObj.c
start of clauseDistribution function in cuddObj.c
start of clauseDistribution function in cuddObj.c
start of clauseDistribution function in cuddObj.c
start of clauseDistribution function in cuddObj.c
start of clauseDistribution function in cuddObj.c
start of clauseDistribution function in cuddObj.c
start of clauseDistribution function in cuddObj.c
start of clauseDistribution function in cuddObj.c
start of clauseDistribution function in cuddObj.c
start of clauseDistribution function in cuddObj.c
start of clauseDistribution function in cuddObj.c
start of clauseDistribution function in cuddObj.c
start of clauseDistribution function in cuddObj.c
start of clauseDistribution function in cuddObj.c
start of clauseDistribution function in cuddObj.c
start of clauseDistribution function in cuddObj.c
start of clauseDistribution function in cuddObj.c
start of clauseDistribution function in cuddObj.c
start of clauseDistribution function in cuddObj.c
start of clauseDistribution function in cuddObj.c
start of clauseDistribution function in cuddObj.c
start of clauseDistribution function in cuddObj.c
start of clauseDistribution function in cuddObj.c
start of clauseDistribution function in cuddObj.c
start of clauseDistribution function in cuddObj.c
start of clauseDistribution function in cuddObj.c
start of clauseDistribution function in cuddObj.c
start of clauseDistribution function in cuddObj.c
start of clauseDistribution function in cuddObj.c
start of clauseDistribution function in cuddObj.c
start of clauseDistribution function in cuddObj.c
start of clauseDistribution function in cuddObj.c
start of clauseDistribution function in cuddObj.c
start of clauseDistribution function in cuddObj.c
start of clauseDistribution function in cuddObj.c
start of clauseDistribution function in cuddObj.c
start of clauseDistribution function in cuddObj.c
start of clauseDistribution function in cuddObj.c
start of clauseDistribution function in cuddObj.c
start of clauseDistribution function in cuddObj.c
start of clauseDistribution function in cuddObj.c
start of clauseDistribution function in cuddObj.c
start of clauseDistribution function in cuddObj.c
start of clauseDistribution function in cuddObj.c
start of clauseDistribution function in cuddObj.c
start of clauseDistribution function in cuddObj.c
start of clauseDistribution function in cuddObj.c
start of clauseDistribution function in cuddObj.c
start of clauseDistribution function in cuddObj.c
start of clauseDistribution function in cuddObj.c
start of clauseDistribution function in cuddObj.c
start of clauseDistribution function in cuddObj.c
start of clauseDistribution function in cuddObj.c
start of clauseDistribution function in cuddObj.c
start of clauseDistribution function in cuddObj.c
start of clauseDistribution function in cuddObj.c
start of clauseDistribution function in cuddObj.c
start of clauseDistribution function in cuddObj.c
start of clauseDistribution function in cuddObj.c
start of clauseDistribution function in cuddObj.c
start of clauseDistribution function in cuddObj.c
start of clauseDistribution function in cuddObj.c
start of clauseDistribution function in cuddObj.c
start of clauseDistribution function in cuddObj.c
start of clauseDistribution function in cuddObj.c
start of clauseDistribution function in cuddObj.c
start of clauseDistribution function in cuddObj.c
start of clauseDistribution function in cuddObj.c
start of clauseDistribution function in cuddObj.c
start of clauseDistribution function in cuddObj.c
start of clauseDistribution function in cuddObj.c
start of clauseDistribution function in cuddObj.c
start of clauseDistribution function in cuddObj.c
start of clauseDistribution function in cuddObj.c
start of clauseDistribution function in cuddObj.c
start of clauseDistribution function in cuddObj.c
start of clauseDistribution function in cuddObj.c
start of clauseDistribution function in cuddObj.c
start of clauseDistribution function in cuddObj.c
start of clauseDistribution function in cuddObj.c
start of clauseDistribution function in cuddObj.c
start of clauseDistribution function in cuddObj.c
start of clauseDistribution function in cuddObj.c
start of clauseDistribution function in cuddObj.c
start of clauseDistribution function in cuddObj.c
start of clauseDistribution function in cuddObj.c
start of clauseDistribution function in cuddObj.c
start of clauseDistribution function in cuddObj.c
start of clauseDistribution function in cuddObj.c
start of clauseDistribution function in cuddObj.c
start of clauseDistribution function in cuddObj.c
start of clauseDistribution function in cuddObj.c
start of clauseDistribution function in cuddObj.c
start of clauseDistribution function in cuddObj.c
start of clauseDistribution function in cuddObj.c
start of clauseDistribution function in cuddObj.c
start of clauseDistribution function in cuddObj.c
start of clauseDistribution function in cuddObj.c
start of clauseDistribution function in cuddObj.c
start of clauseDistribution function in cuddObj.c
start of clauseDistribution function in cuddObj.c
start of clauseDistribution function in cuddObj.c
start of clauseDistribution function in cuddObj.c
start of clauseDistribution function in cuddObj.c
start of clauseDistribution function in cuddObj.c
start of clauseDistribution function in cuddObj.c
start of clauseDistribution function in cuddObj.c
start of clauseDistribution function in cuddObj.c
start of clauseDistribution function in cuddObj.c
start of clauseDistribution function in cuddObj.c
start of clauseDistribution function in cuddObj.c
start of clauseDistribution function in cuddObj.c
start of clauseDistribution function in cuddObj.c
start of clauseDistribution function in cuddObj.c
start of clauseDistribution function in cuddObj.c
start of clauseDistribution function in cuddObj.c
start of clauseDistribution function in cuddObj.c
start of clauseDistribution function in cuddObj.c
start of clauseDistribution function in cuddObj.c
start of clauseDistribution function in cuddObj.c
start of clauseDistribution function in cuddObj.c
start of clauseDistribution function in cuddObj.c
start of clauseDistribution function in cuddObj.c
start of clauseDistribution function in cuddObj.c
start of clauseDistribution function in cuddObj.c
start of clauseDistribution function in cuddObj.c
start of clauseDistribution function in cuddObj.c
start of clauseDistribution function in cuddObj.c
start of clauseDistribution function in cuddObj.c
start of clauseDistribution function in cuddObj.c
start of clauseDistribution function in cuddObj.c
start of clauseDistribution function in cuddObj.c
start of clauseDistribution function in cuddObj.c
start of clauseDistribution function in cuddObj.c
start of clauseDistribution function in cuddObj.c
start of clauseDistribution function in cuddObj.c
start of clauseDistribution function in cuddObj.c
start of clauseDistribution function in cuddObj.c
start of clauseDistribution function in cuddObj.c
start of clauseDistribution function in cuddObj.c
start of clauseDistribution function in cuddObj.c
start of clauseDistribution function in cuddObj.c
start of clauseDistribution function in cuddObj.c
start of clauseDistribution function in cuddObj.c
start of clauseDistribution function in cuddObj.c
start of clauseDistribution function in cuddObj.c
start of clauseDistribution function in cuddObj.c
start of clauseDistribution function in cuddObj.c
start of clauseDistribution function in cuddObj.c
start of clauseDistribution function in cuddObj.c
start of clauseDistribution function in cuddObj.c
start of clauseDistribution function in cuddObj.c
start of clauseDistribution function in cuddObj.c
start of clauseDistribution function in cuddObj.c
start of clauseDistribution function in cuddObj.c
start of clauseDistribution function in cuddObj.c
start of clauseDistribution function in cuddObj.c
start of clauseDistribution function in cuddObj.c
start of clauseDistribution function in cuddObj.c
start of clauseDistribution function in cuddObj.c
start of clauseDistribution function in cuddObj.c
start of clauseDistribution function in cuddObj.c
start of clauseDistribution function in cuddObj.c
start of clauseDistribution function in cuddObj.c
start of clauseDistribution function in cuddObj.c
start of clauseDistribution function in cuddObj.c
start of clauseDistribution function in cuddObj.c
start of clauseDistribution function in cuddObj.c
start of clauseDistribution function in cuddObj.c
start of clauseDistribution function in cuddObj.c
start of clauseDistribution function in cuddObj.c
start of clauseDistribution function in cuddObj.c
start of clauseDistribution function in cuddObj.c
start of clauseDistribution function in cuddObj.c
start of clauseDistribution function in cuddObj.c
start of clauseDistribution function in cuddObj.c
start of clauseDistribution function in cuddObj.c
start of clauseDistribution function in cuddObj.c
start of clauseDistribution function in cuddObj.c
start of clauseDistribution function in cuddObj.c
start of clauseDistribution function in cuddObj.c
start of clauseDistribution function in cuddObj.c
start of clauseDistribution function in cuddObj.c
start of clauseDistribution function in cuddObj.c
start of clauseDistribution function in cuddObj.c
start of clauseDistribution function in cuddObj.c
start of clauseDistribution function in cuddObj.c
start of clauseDistribution function in cuddObj.c
start of clauseDistribution function in cuddObj.c
start of clauseDistribution function in cuddObj.c
start of clauseDistribution function in cuddObj.c
start of clauseDistribution function in cuddObj.c
start of clauseDistribution function in cuddObj.c
start of clauseDistribution function in cuddObj.c
start of clauseDistribution function in cuddObj.c
start of clauseDistribution function in cuddObj.c
start of clauseDistribution function in cuddObj.c
start of clauseDistribution function in cuddObj.c
start of clauseDistribution function in cuddObj.c
start of clauseDistribution function in cuddObj.c
start of clauseDistribution function in cuddObj.c
start of clauseDistribution function in cuddObj.c
start of clauseDistribution function in cuddObj.c
start of clauseDistribution function in cuddObj.c
start of clauseDistribution function in cuddObj.c
start of clauseDistribution function in cuddObj.c
start of clauseDistribution function in cuddObj.c
start of clauseDistribution function in cuddObj.c
start of clauseDistribution function in cuddObj.c
start of clauseDistribution function in cuddObj.c
start of clauseDistribution function in cuddObj.c
start of clauseDistribution function in cuddObj.c
start of clauseDistribution function in cuddObj.c
start of clauseDistribution function in cuddObj.c
start of clauseDistribution function in cuddObj.c
start of clauseDistribution function in cuddObj.c
start of clauseDistribution function in cuddObj.c
start of clauseDistribution function in cuddObj.c
start of clauseDistribution function in cuddObj.c
start of clauseDistribution function in cuddObj.c
start of clauseDistribution function in cuddObj.c
start of clauseDistribution function in cuddObj.c
start of clauseDistribution function in cuddObj.c
start of clauseDistribution function in cuddObj.c
start of clauseDistribution function in cuddObj.c
start of clauseDistribution function in cuddObj.c
start of clauseDistribution function in cuddObj.c
start of clauseDistribution function in cuddObj.c
start of clauseDistribution function in cuddObj.c
start of clauseDistribution function in cuddObj.c
start of clauseDistribution function in cuddObj.c
start of clauseDistribution function in cuddObj.c
start of clauseDistribution function in cuddObj.c
start of clauseDistribution function in cuddObj.c
start of clauseDistribution function in cuddObj.c
start of clauseDistribution function in cuddObj.c
start of clauseDistribution function in cuddObj.c
start of clauseDistribution function in cuddObj.c
start of clauseDistribution function in cuddObj.c
start of clauseDistribution function in cuddObj.c
start of clauseDistribution function in cuddObj.c
start of clauseDistribution function in cuddObj.c
start of clauseDistribution function in cuddObj.c
start of clauseDistribution function in cuddObj.c
start of clauseDistribution function in cuddObj.c
start of clauseDistribution function in cuddObj.c
start of clauseDistribution function in cuddObj.c
start of clauseDistribution function in cuddObj.c
start of clauseDistribution function in cuddObj.c
start of clauseDistribution function in cuddObj.c
start of clauseDistribution function in cuddObj.c
start of clauseDistribution function in cuddObj.c
start of clauseDistribution function in cuddObj.c
start of clauseDistribution function in cuddObj.c
start of clauseDistribution function in cuddObj.c
start of clauseDistribution function in cuddObj.c
start of clauseDistribution function in cuddObj.c
start of clauseDistribution function in cuddObj.c
start of clauseDistribution function in cuddObj.c
start of clauseDistribution function in cuddObj.c
start of clauseDistribution function in cuddObj.c
start of clauseDistribution function in cuddObj.c
start of clauseDistribution function in cuddObj.c
start of clauseDistribution function in cuddObj.c
start of clauseDistribution function in cuddObj.c
start of clauseDistribution function in cuddObj.c
start of clauseDistribution function in cuddObj.c
start of clauseDistribution function in cuddObj.c
start of clauseDistribution function in cuddObj.c
start of clauseDistribution function in cuddObj.c
start of clauseDistribution function in cuddObj.c
start of clauseDistribution function in cuddObj.c
start of clauseDistribution function in cuddObj.c
start of clauseDistribution function in cuddObj.c
start of clauseDistribution function in cuddObj.c
start of clauseDistribution function in cuddObj.c
start of clauseDistribution function in cuddObj.c
start of clauseDistribution function in cuddObj.c
start of clauseDistribution function in cuddObj.c
start of clauseDistribution function in cuddObj.c
start of clauseDistribution function in cuddObj.c
start of clauseDistribution function in cuddObj.c
start of clauseDistribution function in cuddObj.c
start of clauseDistribution function in cuddObj.c
start of clauseDistribution function in cuddObj.c
start of clauseDistribution function in cuddObj.c
start of clauseDistribution function in cuddObj.c
start of clauseDistribution function in cuddObj.c
start of clauseDistribution function in cuddObj.c
start of clauseDistribution function in cuddObj.c
start of clauseDistribution function in cuddObj.c
start of clauseDistribution function in cuddObj.c
start of clauseDistribution function in cuddObj.c
start of clauseDistribution function in cuddObj.c
start of clauseDistribution function in cuddObj.c
start of clauseDistribution function in cuddObj.c
start of clauseDistribution function in cuddObj.c
start of clauseDistribution function in cuddObj.c
start of clauseDistribution function in cuddObj.c
start of clauseDistribution function in cuddObj.c
start of clauseDistribution function in cuddObj.c
start of clauseDistribution function in cuddObj.c
start of clauseDistribution function in cuddObj.c
start of clauseDistribution function in cuddObj.c
start of clauseDistribution function in cuddObj.c
start of clauseDistribution function in cuddObj.c
start of clauseDistribution function in cuddObj.c
start of clauseDistribution function in cuddObj.c
start of clauseDistribution function in cuddObj.c
start of clauseDistribution function in cuddObj.c
start of clauseDistribution function in cuddObj.c
start of clauseDistribution function in cuddObj.c
start of clauseDistribution function in cuddObj.c
start of clauseDistribution function in cuddObj.c
start of clauseDistribution function in cuddObj.c
start of clauseDistribution function in cuddObj.c
start of clauseDistribution function in cuddObj.c
start of clauseDistribution function in cuddObj.c
start of clauseDistribution function in cuddObj.c
start of clauseDistribution function in cuddObj.c
start of clauseDistribution function in cuddObj.c
start of clauseDistribution function in cuddObj.c
start of clauseDistribution function in cuddObj.c
start of clauseDistribution function in cuddObj.c
start of clauseDistribution function in cuddObj.c
start of clauseDistribution function in cuddObj.c
start of clauseDistribution function in cuddObj.c
start of clauseDistribution function in cuddObj.c
start of clauseDistribution function in cuddObj.c
start of clauseDistribution function in cuddObj.c
start of clauseDistribution function in cuddObj.c
start of clauseDistribution function in cuddObj.c
start of clauseDistribution function in cuddObj.c
start of clauseDistribution function in cuddObj.c
start of clauseDistribution function in cuddObj.c
start of clauseDistribution function in cuddObj.c
start of clauseDistribution function in cuddObj.c
start of clauseDistribution function in cuddObj.c
start of clauseDistribution function in cuddObj.c
start of clauseDistribution function in cuddObj.c
start of clauseDistribution function in cuddObj.c
start of clauseDistribution function in cuddObj.c
start of clauseDistribution function in cuddObj.c
start of clauseDistribution function in cuddObj.c
start of clauseDistribution function in cuddObj.c
start of clauseDistribution function in cuddObj.c
start of clauseDistribution function in cuddObj.c
start of clauseDistribution function in cuddObj.c
start of clauseDistribution function in cuddObj.c
start of clauseDistribution function in cuddObj.c
start of clauseDistribution function in cuddObj.c
start of clauseDistribution function in cuddObj.c
start of clauseDistribution function in cuddObj.c
start of clauseDistribution function in cuddObj.c
start of clauseDistribution function in cuddObj.c
start of clauseDistribution function in cuddObj.c
start of clauseDistribution function in cuddObj.c
start of clauseDistribution function in cuddObj.c
start of clauseDistribution function in cuddObj.c
start of clauseDistribution function in cuddObj.c
start of clauseDistribution function in cuddObj.c
start of clauseDistribution function in cuddObj.c
start of clauseDistribution function in cuddObj.c
start of clauseDistribution function in cuddObj.c
start of clauseDistribution function in cuddObj.c
start of clauseDistribution function in cuddObj.c
start of clauseDistribution function in cuddObj.c
start of clauseDistribution function in cuddObj.c
start of clauseDistribution function in cuddObj.c
start of clauseDistribution function in cuddObj.c
start of clauseDistribution function in cuddObj.c
start of clauseDistribution function in cuddObj.c
start of clauseDistribution function in cuddObj.c
start of clauseDistribution function in cuddObj.c
start of clauseDistribution function in cuddObj.c
start of clauseDistribution function in cuddObj.c
start of clauseDistribution function in cuddObj.c
start of clauseDistribution function in cuddObj.c
start of clauseDistribution function in cuddObj.c
start of clauseDistribution function in cuddObj.c
start of clauseDistribution function in cuddObj.c
start of clauseDistribution function in cuddObj.c
start of clauseDistribution function in cuddObj.c
start of clauseDistribution function in cuddObj.c
start of clauseDistribution function in cuddObj.c
start of clauseDistribution function in cuddObj.c
start of clauseDistribution function in cuddObj.c
start of clauseDistribution function in cuddObj.c
start of clauseDistribution function in cuddObj.c
start of clauseDistribution function in cuddObj.c
start of clauseDistribution function in cuddObj.c
start of clauseDistribution function in cuddObj.c
start of clauseDistribution function in cuddObj.c
start of clauseDistribution function in cuddObj.c
start of clauseDistribution function in cuddObj.c
start of clauseDistribution function in cuddObj.c
start of clauseDistribution function in cuddObj.c
start of clauseDistribution function in cuddObj.c
start of clauseDistribution function in cuddObj.c
start of clauseDistribution function in cuddObj.c
start of clauseDistribution function in cuddObj.c
start of clauseDistribution function in cuddObj.c
start of clauseDistribution function in cuddObj.c
start of clauseDistribution function in cuddObj.c
start of clauseDistribution function in cuddObj.c
start of clauseDistribution function in cuddObj.c
start of clauseDistribution function in cuddObj.c
start of clauseDistribution function in cuddObj.c
start of clauseDistribution function in cuddObj.c
start of clauseDistribution function in cuddObj.c
start of clauseDistribution function in cuddObj.c
start of clauseDistribution function in cuddObj.c
start of clauseDistribution function in cuddObj.c
start of clauseDistribution function in cuddObj.c
start of clauseDistribution function in cuddObj.c
start of clauseDistribution function in cuddObj.c
start of clauseDistribution function in cuddObj.c
start of clauseDistribution function in cuddObj.c
start of clauseDistribution function in cuddObj.c
start of clauseDistribution function in cuddObj.c
start of clauseDistribution function in cuddObj.c
start of clauseDistribution function in cuddObj.c
start of clauseDistribution function in cuddObj.c
start of clauseDistribution function in cuddObj.c
start of clauseDistribution function in cuddObj.c
start of clauseDistribution function in cuddObj.c
start of clauseDistribution function in cuddObj.c
start of clauseDistribution function in cuddObj.c
start of clauseDistribution function in cuddObj.c
start of clauseDistribution function in cuddObj.c
start of clauseDistribution function in cuddObj.c
start of clauseDistribution function in cuddObj.c
start of clauseDistribution function in cuddObj.c
start of clauseDistribution function in cuddObj.c
start of clauseDistribution function in cuddObj.c
start of clauseDistribution function in cuddObj.c
start of clauseDistribution function in cuddObj.c
start of clauseDistribution function in cuddObj.c
start of clauseDistribution function in cuddObj.c
start of clauseDistribution function in cuddObj.c
start of clauseDistribution function in cuddObj.c
start of clauseDistribution function in cuddObj.c
start of clauseDistribution function in cuddObj.c
start of clauseDistribution function in cuddObj.c
start of clauseDistribution function in cuddObj.c
start of clauseDistribution function in cuddObj.c
start of clauseDistribution function in cuddObj.c
start of clauseDistribution function in cuddObj.c
start of clauseDistribution function in cuddObj.c
start of clauseDistribution function in cuddObj.c
start of clauseDistribution function in cuddObj.c
start of clauseDistribution function in cuddObj.c
start of clauseDistribution function in cuddObj.c
start of clauseDistribution function in cuddObj.c
start of clauseDistribution function in cuddObj.c
start of clauseDistribution function in cuddObj.c
