MCS ordering: 1389 1368 1337 1334 1317 1307 1269 1259 1227 1224 1207 1197 1159 1149 1117 1114 1097 1087 647 719 736 739 757 829 846 849 867 894 897 929 939 977 987 1004 1007 1039 1049 1499 1487 1486 1474 1473 1461 1460 1448 1447 1423 1422 1421 1409 1408 1407 1395 1392 1385 1382 1378 1375 1371 1365 1362 1344 1341 1330 1328 1324 1321 1314 1310 1303 1300 1275 1273 1266 1262 1255 1252 1234 1231 1220 1218 1214 1211 1204 1200 1193 1190 1165 1163 1156 1152 1145 1142 1124 1121 1110 1108 1104 1101 1094 1090 1083 1080 407 403 401 399 397 395 393 391 389 387 385 383 381 379 377 375 371 369 367 365 363 361 359 357 355 353 351 349 347 345 343 339 337 335 333 331 329 327 325 323 321 319 317 315 313 311 307 305 303 301 299 297 295 293 291 289 287 285 283 281 279 275 273 177 271 175 269 173 267 171 265 169 263 167 261 165 259 163 257 161 255 159 253 157 251 155 249 153 247 151 243 147 241 145 239 143 237 141 235 139 233 137 231 135 229 133 227 131 225 129 223 127 221 125 219 123 217 121 215 119 211 115 209 113 207 111 205 101 99 97 95 93 91 89 87 83 81 79 77 75 73 71 69 67 65 63 61 59 57 55 15 51 23 9 7 11 25 45 13 27 17 19 35 29 41 31 43 33 47 37 49 39 103 105 107 109 179 183 185 187 189 191 193 195 197 199 201 203 409 411 413 415 417 419 421 423 425 427 429 431 433 435 439 441 443 445 447 449 451 453 455 457 459 461 463 465 467 471 473 475 477 479 481 483 485 487 489 493 495 497 499 501 503 505 507 509 537 540 544 547 551 554 558 560 564 567 571 574 578 581 585 588 592 595 599 602 606 609 613 615 640 643 650 654 657 661 664 668 670 674 677 681 684 688 691 695 698 702 705 709 712 716 723 725 729 732 743 746 750 753 760 764 767 771 774 778 780 784 787 791 794 798 801 805 808 812 815 819 822 826 833 835 839 842 853 856 860 863 870 888 890 901 904 922 925 932 936 943 945 970 973 980 984 991 994 998 1000 1011 1014 1032 1035 1042 1046 1053 1055 1500 1498 1496 1495 1494 1493 1490 1489 1488 1485 1483 1482 1481 1480 1477 1476 1475 1472 1470 1469 1468 1467 1464 1463 1462 1459 1457 1456 1455 1454 1451 1450 1449 1446 1444 1443 1439 1438 1435 1434 1424 1420 1410 1404 1401 1399 1398 1388 1358 1355 1351 1348 1296 1293 1289 1286 1282 1279 1248 1245 1241 1238 1186 1183 1179 1176 1172 1169 1138 1135 1131 1128 5 531 512 619 622 626 629 633 636 874 877 881 884 908 911 915 918 949 952 956 959 963 966 1018 1021 1025 1028 1059 1062 1066 1069 1073 1076 1514 1513 1512 1511 1510 1509 1508 1507 1506 1505 1504 1503 1502 1501 1497 1492 1491 1484 1479 1478 1471 1466 1465 1458 1453 1452 1445 1442 1441 1440 1437 1436 1433 1432 1431 1430 1429 1428 1427 1426 1425 1419 1418 1417 1416 1415 1414 1413 1412 1411 1381 1374 1367 1361 1354 1347 1340 1333 1327 1320 1313 1306 1299 1292 1285 1278 1272 1265 1258 1251 1244 1237 1230 1223 1217 1210 1203 1196 1189 1182 1175 1168 1162 1155 1148 1141 1134 1127 1120 1113 1107 1100 1093 1086 1079 405 373 341 309 277 245 149 213 117 85 53 536 21 181 437 469 491 511 543 550 557 563 570 577 584 591 598 605 612 618 625 632 639 646 653 660 667 673 680 687 694 701 708 715 722 728 735 742 749 756 763 770 777 783 790 797 804 811 818 825 832 838 845 852 859 866 873 880 887 893 900 907 914 921 928 935 942 948 955 962 969 976 983 990 997 1003 1010 1017 1024 1031 1038 1045 1052 1058 1065 1072 1406 517 404 518 372 519 340 520 308 2019 521 2018 276 2017 2016 2015 2014 1918 2013 1917 2012 1916 2011 2010 2009 1913 2008 1912 2007 1911 2006 1910 2005 1909 2004 1908 2003 1907 2002 1906 1905 1904 1999 1903 1998 1902 1997 1901 1996 1900 1995 1899 1994 1898 1993 1897 1992 1896 1991 1895 1990 1894 1989 1893 1988 1892 1987 522 1891 1986 1890 244 1985 1889 148 1984 1888 1983 1887 1982 1886 1981 1885 1980 1884 1977 1881 1976 1880 1975 1879 1974 1878 1973 1877 1972 1876 1971 1875 1970 1874 1969 1873 1968 1872 1967 1871 1966 1870 1965 1869 1964 1868 1963 1867 1962 1866 1961 1865 1960 1864 1959 1863 1958 1862 1957 1861 1956 1860 1955 523 1859 1954 1858 212 1953 1857 116 1952 1856 1951 1855 1950 1854 1949 1853 1948 1852 1747 1842 1746 1841 1745 1840 1744 1839 1743 1838 1742 1837 1741 1836 1740 1835 1739 1834 1738 1833 1737 1832 1736 1831 1735 1830 1734 1829 1733 1828 1732 1827 1731 1826 1730 84 1825 1729 1824 1593 1728 1823 1592 1727 1822 1591 1726 1821 1590 1725 1820 1589 1724 1588 1587 1817 1586 1721 1816 1585 1720 1815 1584 1719 1814 1583 1718 1813 1582 1717 1812 1581 1716 1811 1580 1715 1810 1579 1714 1809 1578 1713 1808 1577 1712 1807 1576 1711 1806 1575 1710 1805 1574 1709 1804 1573 1708 1803 1572 1707 1802 1571 1706 1801 1570 1705 1800 1569 1704 1799 1568 1703 1798 1567 1702 1797 1566 1701 1796 1565 1700 1795 1564 1699 1794 1698 52 1793 1536 1535 1534 1533 1532 1529 1528 1527 1607 1661 1756 1519 1598 1642 1558 1597 1651 1641 1557 1611 1773 1697 1792 528 1765 1523 1608 1662 1757 1652 1520 1600 1644 1560 1596 1640 1556 1599 1643 1559 1543 1610 1749 1654 527 1764 1522 1601 1655 1750 1645 1561 1602 1656 1751 1646 1609 1748 1653 1521 1603 1657 1752 1647 1524 529 1766 1785 1604 1753 1648 1525 1767 1605 1649 1518 1526 1768 1692 1606 1660 1650 1537 1758 1663 1538 1759 1664 1539 1760 1665 1540 20 1761 1666 1541 1762 1667 1542 1763 1668 1669 1544 1680 1775 1670 1545 1681 1776 1671 1546 1682 1777 1672 1547 1673 1548 1619 1769 1674 1549 1770 1675 1550 1771 1676 1551 1687 1782 1772 1677 1552 1688 1783 1678 1553 1689 1784 1774 1679 1554 1555 1693 1788 1778 1683 1694 1789 1779 1684 1695 1790 1780 1685 1696 1791 1781 1686 1612 1843 1613 1844 1614 1845 1615 1846 1616 1847 1617 1848 1618 1849 1620 1621 1622 1623 1624 1625 524 525 526 1628 1629 1630 1631 1632 1633 1634 1635 1636 1637 1638 1639 1919 1920 180 1921 1922 1923 1924 1925 1926 1927 1928 1929 1930 1931 1932 1933 1934 1935 1936 1937 1938 1939 1940 1941 1942 1943 1944 1945 436 516 468 515 490 514 510 513 1516 1517 532 1405 1403 1402 1400 1397 1396 1394 1393 1391 1390 1387 1386 1384 1383 1380 1379 1377 1376 1373 1372 1370 1369 1366 1364 1363 1360 1359 1357 1356 1353 1352 1350 1349 1346 1345 1343 1342 1339 1338 1336 1335 1332 1331 1329 1326 1325 1323 1322 1319 1318 1316 1315 1312 1311 1309 1308 1305 1304 1302 1301 1298 1297 1295 1294 1291 1290 1288 1287 1284 1283 1281 1280 1277 1276 1274 1271 1270 1268 1267 1264 1263 1261 1260 1257 1256 1254 1253 1250 1249 1247 1246 1243 1242 1240 1239 1236 1235 1233 1232 1229 1228 1226 1225 1222 1221 1219 1216 1215 1213 1212 1209 1208 1206 1205 1202 1201 1199 1198 1195 1194 1192 1191 1188 1187 1185 1184 1181 1180 1178 1177 1174 1173 1171 1170 1167 1166 1164 1161 1160 1158 1157 1154 1153 1151 1150 1147 1146 1144 1143 1140 1139 1137 1136 1133 1132 1130 1129 1126 1125 1123 1122 1119 1118 1116 1115 1112 1111 1109 1106 1105 1103 1102 1099 1098 1096 1095 1092 1091 1089 1088 1085 1084 1082 1081 1078 1077 1075 1074 408 406 402 400 398 396 394 392 390 388 386 384 380 378 376 374 370 368 366 364 362 360 358 356 354 352 350 348 346 344 342 338 336 334 332 330 328 326 324 322 320 318 316 314 312 310 306 304 302 300 298 296 294 292 290 288 286 284 282 2023 2022 280 2021 2020 278 274 272 176 270 1915 174 1914 268 172 266 170 264 168 262 166 260 2001 164 2000 258 162 256 160 254 158 252 156 250 154 248 152 246 150 242 146 240 144 238 1979 1883 142 1978 1882 236 140 234 138 232 136 230 134 228 132 226 130 224 128 222 126 220 124 218 122 216 120 214 118 210 114 208 112 206 1947 1851 110 1946 6 100 4 98 96 94 92 90 88 86 1595 1594 82 80 78 1819 1723 1818 1722 76 74 72 70 68 66 64 62 60 58 56 54 1563 1562 1530 1531 32 24 16 8 10 1690 44 1658 12 530 26 1691 1786 1659 1754 46 1787 14 1755 18 22 34 36 382 28 30 42 48 38 50 40 102 104 106 108 1850 1626 1627 178 182 184 186 188 190 192 194 196 198 200 202 204 410 412 414 416 418 420 422 424 426 428 430 432 434 438 440 442 444 446 448 450 452 454 456 458 460 462 464 466 470 472 474 476 478 480 482 484 486 488 492 494 496 498 500 502 504 506 508 534 533 535 538 539 541 542 545 546 548 549 552 553 555 556 559 561 562 565 566 568 569 572 573 575 576 579 580 582 583 586 587 589 590 593 594 596 597 600 601 603 604 607 608 610 611 614 616 617 620 621 623 624 627 628 630 631 634 635 637 638 641 642 644 645 648 649 651 652 655 656 658 659 662 663 665 666 669 671 672 675 676 678 679 682 683 685 686 689 690 692 693 696 697 699 700 703 704 706 707 710 711 713 714 717 718 720 721 724 726 727 730 731 733 734 737 738 740 741 744 745 747 748 751 752 754 755 758 759 761 762 765 766 768 769 772 773 775 776 779 781 782 785 786 788 789 792 793 795 796 799 800 802 803 806 807 809 810 813 814 816 817 820 821 823 824 827 828 830 831 834 836 837 840 841 843 844 847 848 850 851 854 855 857 858 861 862 864 865 868 869 871 872 875 876 878 879 882 883 885 886 889 891 892 895 896 898 899 902 903 905 906 909 910 912 913 916 917 919 920 923 924 926 927 930 931 933 934 937 938 940 941 944 946 947 950 951 953 954 957 958 960 961 964 965 967 968 971 972 974 975 978 979 981 982 985 986 988 989 992 993 995 996 999 1001 1002 1005 1006 1008 1009 1012 1013 1015 1016 1019 1020 1022 1023 1026 1027 1029 1030 1033 1034 1036 1037 1040 1041 1043 1044 1047 1048 1050 1051 1054 1056 1057 1060 1061 1063 1064 1067 1068 1070 1071 2025 2024 2282 2281 2280 2279 2278 2277 2276 2275 2274 2273 2272 2271 2270 2269 2268 2267 2266 2265 2264 2263 2262 2261 2260 2259 2258 2257 2256 2255 2254 2253 2252 2251 2250 2249 2248 2247 2246 2245 2244 2243 2242 2241 2240 2239 2238 2237 2236 2235 2234 2233 2232 2231 2230 2229 2228 2227 2226 2225 2224 2223 2222 2221 2220 2219 2218 2217 2216 2215 2214 2213 2212 2211 2210 2209 2208 2207 2206 2205 2204 2203 2202 2201 2200 2199 2198 2197 2196 2195 2194 2193 2192 2191 2190 2189 2188 2187 2186 2185 2149 2148 2147 2146 2145 2144 2143 2142 2141 2140 2139 2138 2137 2136 2135 2134 2133 2132 2131 2130 2129 2128 2127 2126 2125 2124 2122 2121 2120 2119 2118 2117 2116 2115 2114 2113 2112 2111 2110 2109 2108 2107 2106 2105 2104 2103 2102 2101 2100 2099 2098 2097 2096 2095 2094 2093 2092 2091 2090 2089 2088 2087 2086 2085 2084 2083 2082 2081 2080 2079 2078 2077 2076 2075 2074 2073 2072 2071 2070 2069 2068 2067 2066 2065 2064 2063 2062 2061 2060 2059 2058 2057 2056 2055 2054 2053 2052 2051 2050 2049 2048 2047 2046 2045 2044 2043 2042 2041 2040 2039 2038 2037 2036 2035 2034 2033 2032 2031 2030 2029 2028 2027 2026 2123 2150 2151 2152 2153 2154 2155 2156 2157 2158 2159 2160 2161 2162 2163 2164 2165 2166 2167 2168 2169 2170 2171 2172 2173 2174 2175 2176 2177 2178 2179 2180 2181 2182 2183 2184 1515 3 2 2283 
RESOLVING Scope: 1516 1517 1518 1519 1520 1521 1522 1523 1524 1525 1526 1527 1528 1529 1530 1531 1532 1533 1534 1535 1536 1537 1538 1539 1540 1541 1542 1543 1544 1545 1546 1547 1548 1549 1550 1551 1552 1553 1554 1555 1556 1557 1558 1559 1560 1561 1562 1563 1564 1565 1566 1567 1568 1569 1570 1571 1572 1573 1574 1575 1576 1577 1578 1579 1580 1581 1582 1583 1584 1585 1586 1587 1588 1589 1590 1591 1592 1593 1594 1595 1596 1597 1598 1599 1600 1601 1602 1603 1604 1605 1606 1607 1608 1609 1610 1611 1612 1613 1614 1615 1616 1617 1618 1619 1620 1621 1622 1623 1624 1625 1626 1627 1628 1629 1630 1631 1632 1633 1634 1635 1636 1637 1638 1639 1640 1641 1642 1643 1644 1645 1646 1647 1648 1649 1650 1651 1652 1653 1654 1655 1656 1657 1658 1659 1660 1661 1662 1663 1664 1665 1666 1667 1668 1669 1670 1671 1672 1673 1674 1675 1676 1677 1678 1679 1680 1681 1682 1683 1684 1685 1686 1687 1688 1689 1690 1691 1692 1693 1694 1695 1696 1697 1698 1699 1700 1701 1702 1703 1704 1705 1706 1707 1708 1709 1710 1711 1712 1713 1714 1715 1716 1717 1718 1719 1720 1721 1722 1723 1724 1725 1726 1727 1728 1729 1730 1731 1732 1733 1734 1735 1736 1737 1738 1739 1740 1741 1742 1743 1744 1745 1746 1747 1748 1749 1750 1751 1752 1753 1754 1755 1756 1757 1758 1759 1760 1761 1762 1763 1764 1765 1766 1767 1768 1769 1770 1771 1772 1773 1774 1775 1776 1777 1778 1779 1780 1781 1782 1783 1784 1785 1786 1787 1788 1789 1790 1791 1792 1793 1794 1795 1796 1797 1798 1799 1800 1801 1802 1803 1804 1805 1806 1807 1808 1809 1810 1811 1812 1813 1814 1815 1816 1817 1818 1819 1820 1821 1822 1823 1824 1825 1826 1827 1828 1829 1830 1831 1832 1833 1834 1835 1836 1837 1838 1839 1840 1841 1842 1843 1844 1845 1846 1847 1848 1849 1850 1851 1852 1853 1854 1855 1856 1857 1858 1859 1860 1861 1862 1863 1864 1865 1866 1867 1868 1869 1870 1871 1872 1873 1874 1875 1876 1877 1878 1879 1880 1881 1882 1883 1884 1885 1886 1887 1888 1889 1890 1891 1892 1893 1894 1895 1896 1897 1898 1899 1900 1901 1902 1903 1904 1905 1906 1907 1908 1909 1910 1911 1912 1913 1914 1915 1916 1917 1918 1919 1920 1921 1922 1923 1924 1925 1926 1927 1928 1929 1930 1931 1932 1933 1934 1935 1936 1937 1938 1939 1940 1941 1942 1943 1944 1945 1946 1947 1948 1949 1950 1951 1952 1953 1954 1955 1956 1957 1958 1959 1960 1961 1962 1963 1964 1965 1966 1967 1968 1969 1970 1971 1972 1973 1974 1975 1976 1977 1978 1979 1980 1981 1982 1983 1984 1985 1986 1987 1988 1989 1990 1991 1992 1993 1994 1995 1996 1997 1998 1999 2000 2001 2002 2003 2004 2005 2006 2007 2008 2009 2010 2011 2012 2013 2014 2015 2016 2017 2018 2019 2020 2021 2022 2023 2024 2025 2026 2027 2 3 4 5 6 7 8 9 10 11 12 13 14 15 16 17 18 19 20 21 22 23 24 25 26 27 28 29 30 31 32 33 34 35 36 37 38 39 40 41 42 43 44 45 46 47 48 49 50 51 52 53 54 55 56 57 58 59 60 61 62 63 64 65 66 67 68 69 70 71 72 73 74 75 76 77 78 79 80 81 82 83 84 85 86 87 88 89 90 91 92 93 94 95 96 97 98 99 100 101 102 103 104 105 106 107 108 109 110 111 112 113 114 115 116 117 118 119 120 121 122 123 124 125 126 127 128 129 130 131 132 133 134 135 136 137 138 139 140 141 142 143 144 145 146 147 148 149 150 151 152 153 154 155 156 157 158 159 160 161 162 163 164 165 166 167 168 169 170 171 172 173 174 175 176 177 178 179 180 181 182 183 184 185 186 187 188 189 190 191 192 193 194 195 196 197 198 199 200 201 202 203 204 205 206 207 208 209 210 211 212 213 214 215 216 217 218 219 220 221 222 223 224 225 226 227 228 229 230 231 232 233 234 235 236 237 238 239 240 241 242 243 244 245 246 247 248 249 250 251 252 253 254 255 256 257 258 259 260 261 262 263 264 265 266 267 268 269 270 271 272 273 274 275 276 277 278 279 280 281 282 283 284 285 286 287 288 289 290 291 292 293 294 295 296 297 298 299 300 301 302 303 304 305 306 307 308 309 310 311 312 313 314 315 316 317 318 319 320 321 322 323 324 325 326 327 328 329 330 331 332 333 334 335 336 337 338 339 340 341 342 343 344 345 346 347 348 349 350 351 352 353 354 355 356 357 358 359 360 361 362 363 364 365 366 367 368 369 370 371 372 373 374 375 376 377 378 379 380 381 382 383 384 385 386 387 388 389 390 391 392 393 394 395 396 397 398 399 400 401 402 403 404 405 406 407 408 409 410 411 412 413 414 415 416 417 418 419 420 421 422 423 424 425 426 427 428 429 430 431 432 433 434 435 436 437 438 439 440 441 442 443 444 445 446 447 448 449 450 451 452 453 454 455 456 457 458 459 460 461 462 463 464 465 466 467 468 469 470 471 472 473 474 475 476 477 478 479 480 481 482 483 484 485 486 487 488 489 490 491 492 493 494 495 496 497 498 499 500 501 502 503 504 505 506 507 508 509 510 511 512 513 514 515 516 517 518 519 520 521 522 523 524 525 526 527 528 529 530 531 532 533 534 535 536 537 538 539 540 541 542 543 544 545 546 547 548 549 550 551 552 553 554 555 556 557 558 559 560 561 562 563 564 565 566 567 568 569 570 571 572 573 574 575 576 577 578 579 580 581 582 583 584 585 586 587 588 589 590 591 592 593 594 595 596 597 598 599 600 601 602 603 604 605 606 607 608 609 610 611 612 613 614 615 616 617 618 619 620 621 622 623 624 625 626 627 628 629 630 631 632 633 634 635 636 637 638 639 640 641 642 643 644 645 646 647 648 649 650 651 652 653 654 655 656 657 658 659 660 661 662 663 664 665 666 667 668 669 670 671 672 673 674 675 676 677 678 679 680 681 682 683 684 685 686 687 688 689 690 691 692 693 694 695 696 697 698 699 700 701 702 703 704 705 706 707 708 709 710 711 712 713 714 715 716 717 718 719 720 721 722 723 724 725 726 727 728 729 730 731 732 733 734 735 736 737 738 739 740 741 742 743 744 745 746 747 748 749 750 751 752 753 754 755 756 757 758 759 760 761 762 763 764 765 766 767 768 769 770 771 772 773 774 775 776 777 778 779 780 781 782 783 784 785 786 787 788 789 790 791 792 793 794 795 796 797 798 799 800 801 802 803 804 805 806 807 808 809 810 811 812 813 814 815 816 817 818 819 820 821 822 823 824 825 826 827 828 829 830 831 832 833 834 835 836 837 838 839 840 841 842 843 844 845 846 847 848 849 850 851 852 853 854 855 856 857 858 859 860 861 862 863 864 865 866 867 868 869 870 871 872 873 874 875 876 877 878 879 880 881 882 883 884 885 886 887 888 889 890 891 892 893 894 895 896 897 898 899 900 901 902 903 904 905 906 907 908 909 910 911 912 913 914 915 916 917 918 919 920 921 922 923 924 925 926 927 928 929 930 931 932 933 934 935 936 937 938 939 940 941 942 943 944 945 946 947 948 949 950 951 952 953 954 955 956 957 958 959 960 961 962 963 964 965 966 967 968 969 970 971 972 973 974 975 976 977 978 979 980 981 982 983 984 985 986 987 988 989 990 991 992 993 994 995 996 997 998 999 1000 1001 1002 1003 1004 1005 1006 1007 1008 1009 1010 1011 1012 1013 1014 1015 1016 1017 1018 1019 1020 1021 1022 1023 1024 1025 1026 1027 1028 1029 1030 1031 1032 1033 1034 1035 1036 1037 1038 1039 1040 1041 1042 1043 1044 1045 1046 1047 1048 1049 1050 1051 1052 1053 1054 1055 1056 1057 1058 1059 1060 1061 1062 1063 1064 1065 1066 1067 1068 1069 1070 1071 1072 1073 1074 1075 1076 1077 1078 1079 1080 1081 1082 1083 1084 1085 1086 1087 1088 1089 1090 1091 1092 1093 1094 1095 1096 1097 1098 1099 1100 1101 1102 1103 1104 1105 1106 1107 1108 1109 1110 1111 1112 1113 1114 1115 1116 1117 1118 1119 1120 1121 1122 1123 1124 1125 1126 1127 1128 1129 1130 1131 1132 1133 1134 1135 1136 1137 1138 1139 1140 1141 1142 1143 1144 1145 1146 1147 1148 1149 1150 1151 1152 1153 1154 1155 1156 1157 1158 1159 1160 1161 1162 1163 1164 1165 1166 1167 1168 1169 1170 1171 1172 1173 1174 1175 1176 1177 1178 1179 1180 1181 1182 1183 1184 1185 1186 1187 1188 1189 1190 1191 1192 1193 1194 1195 1196 1197 1198 1199 1200 1201 1202 1203 1204 1205 1206 1207 1208 1209 1210 1211 1212 1213 1214 1215 1216 1217 1218 1219 1220 1221 1222 1223 1224 1225 1226 1227 1228 1229 1230 1231 1232 1233 1234 1235 1236 1237 1238 1239 1240 1241 1242 1243 1244 1245 1246 1247 1248 1249 1250 1251 1252 1253 1254 1255 1256 1257 1258 1259 1260 1261 1262 1263 1264 1265 1266 1267 1268 1269 1270 1271 1272 1273 1274 1275 1276 1277 1278 1279 1280 1281 1282 1283 1284 1285 1286 1287 1288 1289 1290 1291 1292 1293 1294 1295 1296 1297 1298 1299 1300 1301 1302 1303 1304 1305 1306 1307 1308 1309 1310 1311 1312 1313 1314 1315 1316 1317 1318 1319 1320 1321 1322 1323 1324 1325 1326 1327 1328 1329 1330 1331 1332 1333 1334 1335 1336 1337 1338 1339 1340 1341 1342 1343 1344 1345 1346 1347 1348 1349 1350 1351 1352 1353 1354 1355 1356 1357 1358 1359 1360 1361 1362 1363 1364 1365 1366 1367 1368 1369 1370 1371 1372 1373 1374 1375 1376 1377 1378 1379 1380 1381 1382 1383 1384 1385 1386 1387 1388 1389 1390 1391 1392 1393 1394 1395 1396 1397 1398 1399 1400 1401 1402 1403 1404 1405 1406 1407 1408 1409 1410 1411 1412 1413 1414 1415 1416 1417 1418 1419 1420 1421 1422 1423 1424 1425 1426 1427 1428 1429 1430 1431 1432 1433 1434 1435 1436 1437 1438 1439 1440 1441 1442 1443 1444 1445 1446 1447 1448 1449 1450 1451 1452 1453 1454 1455 1456 1457 1458 1459 1460 1461 1462 1463 1464 1465 1466 1467 1468 1469 1470 1471 1472 1473 1474 1475 1476 1477 1478 1479 1480 1481 1482 1483 1484 1485 1486 1487 1488 1489 1490 1491 1492 1493 1494 1495 1496 1497 1498 1499 1500 1501 1502 1503 1504 1505 1506 1507 1508 1509 1510 1511 1512 1513 1514 2283 
Resolving for y=1389
start of clauseDistribution function in cuddObj.c
Resolving for y=1368
start of clauseDistribution function in cuddObj.c
Resolving for y=1337
start of clauseDistribution function in cuddObj.c
Resolving for y=1334
start of clauseDistribution function in cuddObj.c
Resolving for y=1317
start of clauseDistribution function in cuddObj.c
Resolving for y=1307
start of clauseDistribution function in cuddObj.c
Resolving for y=1269
start of clauseDistribution function in cuddObj.c
Resolving for y=1259
start of clauseDistribution function in cuddObj.c
Resolving for y=1227
start of clauseDistribution function in cuddObj.c
Resolving for y=1224
start of clauseDistribution function in cuddObj.c
Resolving for y=1207
start of clauseDistribution function in cuddObj.c
Resolving for y=1197
start of clauseDistribution function in cuddObj.c
Resolving for y=1159
start of clauseDistribution function in cuddObj.c
Resolving for y=1149
start of clauseDistribution function in cuddObj.c
Resolving for y=1117
start of clauseDistribution function in cuddObj.c
Resolving for y=1114
start of clauseDistribution function in cuddObj.c
Resolving for y=1097
start of clauseDistribution function in cuddObj.c
Resolving for y=1087
start of clauseDistribution function in cuddObj.c
Resolving for y=647
start of clauseDistribution function in cuddObj.c
Resolving for y=719
start of clauseDistribution function in cuddObj.c
Resolving for y=736
start of clauseDistribution function in cuddObj.c
Resolving for y=739
start of clauseDistribution function in cuddObj.c
Resolving for y=757
start of clauseDistribution function in cuddObj.c
Resolving for y=829
start of clauseDistribution function in cuddObj.c
Resolving for y=846
start of clauseDistribution function in cuddObj.c
Resolving for y=849
start of clauseDistribution function in cuddObj.c
Resolving for y=867
start of clauseDistribution function in cuddObj.c
Resolving for y=894
start of clauseDistribution function in cuddObj.c
Resolving for y=897
start of clauseDistribution function in cuddObj.c
Resolving for y=929
start of clauseDistribution function in cuddObj.c
Resolving for y=939
start of clauseDistribution function in cuddObj.c
Resolving for y=977
start of clauseDistribution function in cuddObj.c
Resolving for y=987
start of clauseDistribution function in cuddObj.c
Resolving for y=1004
start of clauseDistribution function in cuddObj.c
Resolving for y=1007
start of clauseDistribution function in cuddObj.c
Resolving for y=1039
start of clauseDistribution function in cuddObj.c
Resolving for y=1049
start of clauseDistribution function in cuddObj.c
Resolving for y=1499
start of clauseDistribution function in cuddObj.c
Resolving for y=1487
start of clauseDistribution function in cuddObj.c
Resolving for y=1486
start of clauseDistribution function in cuddObj.c
Resolving for y=1474
start of clauseDistribution function in cuddObj.c
Resolving for y=1473
start of clauseDistribution function in cuddObj.c
Resolving for y=1461
start of clauseDistribution function in cuddObj.c
Resolving for y=1460
start of clauseDistribution function in cuddObj.c
Resolving for y=1448
start of clauseDistribution function in cuddObj.c
Resolving for y=1447
start of clauseDistribution function in cuddObj.c
Resolving for y=1423
start of clauseDistribution function in cuddObj.c
Resolving for y=1422
start of clauseDistribution function in cuddObj.c
Resolving for y=1421
start of clauseDistribution function in cuddObj.c
Resolving for y=1409
start of clauseDistribution function in cuddObj.c
Resolving for y=1408
start of clauseDistribution function in cuddObj.c
Resolving for y=1407
start of clauseDistribution function in cuddObj.c
Resolving for y=1395
start of clauseDistribution function in cuddObj.c
Resolving for y=1392
start of clauseDistribution function in cuddObj.c
Resolving for y=1385
start of clauseDistribution function in cuddObj.c
Resolving for y=1382
start of clauseDistribution function in cuddObj.c
Resolving for y=1378
start of clauseDistribution function in cuddObj.c
Resolving for y=1375
start of clauseDistribution function in cuddObj.c
Resolving for y=1371
start of clauseDistribution function in cuddObj.c
Resolving for y=1365
start of clauseDistribution function in cuddObj.c
Resolving for y=1362
start of clauseDistribution function in cuddObj.c
Resolving for y=1344
start of clauseDistribution function in cuddObj.c
Resolving for y=1341
start of clauseDistribution function in cuddObj.c
Resolving for y=1330
start of clauseDistribution function in cuddObj.c
Resolving for y=1328
start of clauseDistribution function in cuddObj.c
Resolving for y=1324
start of clauseDistribution function in cuddObj.c
Resolving for y=1321
start of clauseDistribution function in cuddObj.c
Resolving for y=1314
start of clauseDistribution function in cuddObj.c
Resolving for y=1310
start of clauseDistribution function in cuddObj.c
Resolving for y=1303
start of clauseDistribution function in cuddObj.c
Resolving for y=1300
start of clauseDistribution function in cuddObj.c
Resolving for y=1275
start of clauseDistribution function in cuddObj.c
Resolving for y=1273
start of clauseDistribution function in cuddObj.c
Resolving for y=1266
start of clauseDistribution function in cuddObj.c
Resolving for y=1262
start of clauseDistribution function in cuddObj.c
Resolving for y=1255
start of clauseDistribution function in cuddObj.c
Resolving for y=1252
start of clauseDistribution function in cuddObj.c
Resolving for y=1234
start of clauseDistribution function in cuddObj.c
Resolving for y=1231
start of clauseDistribution function in cuddObj.c
Resolving for y=1220
start of clauseDistribution function in cuddObj.c
Resolving for y=1218
start of clauseDistribution function in cuddObj.c
Resolving for y=1214
start of clauseDistribution function in cuddObj.c
Resolving for y=1211
start of clauseDistribution function in cuddObj.c
Resolving for y=1204
start of clauseDistribution function in cuddObj.c
Resolving for y=1200
start of clauseDistribution function in cuddObj.c
Resolving for y=1193
start of clauseDistribution function in cuddObj.c
Resolving for y=1190
start of clauseDistribution function in cuddObj.c
Resolving for y=1165
start of clauseDistribution function in cuddObj.c
Resolving for y=1163
start of clauseDistribution function in cuddObj.c
Resolving for y=1156
start of clauseDistribution function in cuddObj.c
Resolving for y=1152
start of clauseDistribution function in cuddObj.c
Resolving for y=1145
start of clauseDistribution function in cuddObj.c
Resolving for y=1142
start of clauseDistribution function in cuddObj.c
Resolving for y=1124
start of clauseDistribution function in cuddObj.c
Resolving for y=1121
start of clauseDistribution function in cuddObj.c
Resolving for y=1110
start of clauseDistribution function in cuddObj.c
Resolving for y=1108
start of clauseDistribution function in cuddObj.c
Resolving for y=1104
start of clauseDistribution function in cuddObj.c
Resolving for y=1101
start of clauseDistribution function in cuddObj.c
Resolving for y=1094
start of clauseDistribution function in cuddObj.c
Resolving for y=1090
start of clauseDistribution function in cuddObj.c
Resolving for y=1083
start of clauseDistribution function in cuddObj.c
Resolving for y=1080
start of clauseDistribution function in cuddObj.c
Resolving for y=407
start of clauseDistribution function in cuddObj.c
Resolving for y=403
start of clauseDistribution function in cuddObj.c
Resolving for y=401
start of clauseDistribution function in cuddObj.c
Resolving for y=399
start of clauseDistribution function in cuddObj.c
Resolving for y=397
start of clauseDistribution function in cuddObj.c
Resolving for y=395
start of clauseDistribution function in cuddObj.c
Resolving for y=393
start of clauseDistribution function in cuddObj.c
Resolving for y=391
start of clauseDistribution function in cuddObj.c
Resolving for y=389
start of clauseDistribution function in cuddObj.c
Resolving for y=387
start of clauseDistribution function in cuddObj.c
Resolving for y=385
start of clauseDistribution function in cuddObj.c
Resolving for y=383
start of clauseDistribution function in cuddObj.c
Resolving for y=381
start of clauseDistribution function in cuddObj.c
Resolving for y=379
start of clauseDistribution function in cuddObj.c
Resolving for y=377
start of clauseDistribution function in cuddObj.c
Resolving for y=375
start of clauseDistribution function in cuddObj.c
Resolving for y=371
start of clauseDistribution function in cuddObj.c
Resolving for y=369
start of clauseDistribution function in cuddObj.c
Resolving for y=367
start of clauseDistribution function in cuddObj.c
Resolving for y=365
start of clauseDistribution function in cuddObj.c
Resolving for y=363
start of clauseDistribution function in cuddObj.c
Resolving for y=361
start of clauseDistribution function in cuddObj.c
Resolving for y=359
start of clauseDistribution function in cuddObj.c
Resolving for y=357
start of clauseDistribution function in cuddObj.c
Resolving for y=355
start of clauseDistribution function in cuddObj.c
Resolving for y=353
start of clauseDistribution function in cuddObj.c
Resolving for y=351
start of clauseDistribution function in cuddObj.c
Resolving for y=349
start of clauseDistribution function in cuddObj.c
Resolving for y=347
start of clauseDistribution function in cuddObj.c
Resolving for y=345
start of clauseDistribution function in cuddObj.c
Resolving for y=343
start of clauseDistribution function in cuddObj.c
Resolving for y=339
start of clauseDistribution function in cuddObj.c
Resolving for y=337
start of clauseDistribution function in cuddObj.c
Resolving for y=335
start of clauseDistribution function in cuddObj.c
Resolving for y=333
start of clauseDistribution function in cuddObj.c
Resolving for y=331
start of clauseDistribution function in cuddObj.c
Resolving for y=329
start of clauseDistribution function in cuddObj.c
Resolving for y=327
start of clauseDistribution function in cuddObj.c
Resolving for y=325
start of clauseDistribution function in cuddObj.c
Resolving for y=323
start of clauseDistribution function in cuddObj.c
Resolving for y=321
start of clauseDistribution function in cuddObj.c
Resolving for y=319
start of clauseDistribution function in cuddObj.c
Resolving for y=317
start of clauseDistribution function in cuddObj.c
Resolving for y=315
start of clauseDistribution function in cuddObj.c
Resolving for y=313
start of clauseDistribution function in cuddObj.c
Resolving for y=311
start of clauseDistribution function in cuddObj.c
Resolving for y=307
start of clauseDistribution function in cuddObj.c
Resolving for y=305
start of clauseDistribution function in cuddObj.c
Resolving for y=303
start of clauseDistribution function in cuddObj.c
Resolving for y=301
start of clauseDistribution function in cuddObj.c
Resolving for y=299
start of clauseDistribution function in cuddObj.c
Resolving for y=297
start of clauseDistribution function in cuddObj.c
Resolving for y=295
start of clauseDistribution function in cuddObj.c
Resolving for y=293
start of clauseDistribution function in cuddObj.c
Resolving for y=291
start of clauseDistribution function in cuddObj.c
Resolving for y=289
start of clauseDistribution function in cuddObj.c
Resolving for y=287
start of clauseDistribution function in cuddObj.c
Resolving for y=285
start of clauseDistribution function in cuddObj.c
Resolving for y=283
start of clauseDistribution function in cuddObj.c
Resolving for y=281
start of clauseDistribution function in cuddObj.c
Resolving for y=279
start of clauseDistribution function in cuddObj.c
Resolving for y=275
start of clauseDistribution function in cuddObj.c
Resolving for y=273
start of clauseDistribution function in cuddObj.c
Resolving for y=177
start of clauseDistribution function in cuddObj.c
Resolving for y=271
start of clauseDistribution function in cuddObj.c
Resolving for y=175
start of clauseDistribution function in cuddObj.c
Resolving for y=269
start of clauseDistribution function in cuddObj.c
Resolving for y=173
start of clauseDistribution function in cuddObj.c
Resolving for y=267
start of clauseDistribution function in cuddObj.c
Resolving for y=171
start of clauseDistribution function in cuddObj.c
Resolving for y=265
start of clauseDistribution function in cuddObj.c
Resolving for y=169
start of clauseDistribution function in cuddObj.c
Resolving for y=263
start of clauseDistribution function in cuddObj.c
Resolving for y=167
start of clauseDistribution function in cuddObj.c
Resolving for y=261
start of clauseDistribution function in cuddObj.c
Resolving for y=165
start of clauseDistribution function in cuddObj.c
Resolving for y=259
start of clauseDistribution function in cuddObj.c
Resolving for y=163
start of clauseDistribution function in cuddObj.c
Resolving for y=257
start of clauseDistribution function in cuddObj.c
Resolving for y=161
start of clauseDistribution function in cuddObj.c
Resolving for y=255
start of clauseDistribution function in cuddObj.c
Resolving for y=159
start of clauseDistribution function in cuddObj.c
Resolving for y=253
start of clauseDistribution function in cuddObj.c
Resolving for y=157
start of clauseDistribution function in cuddObj.c
Resolving for y=251
start of clauseDistribution function in cuddObj.c
Resolving for y=155
start of clauseDistribution function in cuddObj.c
Resolving for y=249
start of clauseDistribution function in cuddObj.c
Resolving for y=153
start of clauseDistribution function in cuddObj.c
Resolving for y=247
start of clauseDistribution function in cuddObj.c
Resolving for y=151
start of clauseDistribution function in cuddObj.c
Resolving for y=243
start of clauseDistribution function in cuddObj.c
Resolving for y=147
start of clauseDistribution function in cuddObj.c
Resolving for y=241
start of clauseDistribution function in cuddObj.c
Resolving for y=145
start of clauseDistribution function in cuddObj.c
Resolving for y=239
start of clauseDistribution function in cuddObj.c
Resolving for y=143
start of clauseDistribution function in cuddObj.c
Resolving for y=237
start of clauseDistribution function in cuddObj.c
Resolving for y=141
start of clauseDistribution function in cuddObj.c
Resolving for y=235
start of clauseDistribution function in cuddObj.c
Resolving for y=139
start of clauseDistribution function in cuddObj.c
Resolving for y=233
start of clauseDistribution function in cuddObj.c
Resolving for y=137
start of clauseDistribution function in cuddObj.c
Resolving for y=231
start of clauseDistribution function in cuddObj.c
Resolving for y=135
start of clauseDistribution function in cuddObj.c
Resolving for y=229
start of clauseDistribution function in cuddObj.c
Resolving for y=133
start of clauseDistribution function in cuddObj.c
Resolving for y=227
start of clauseDistribution function in cuddObj.c
Resolving for y=131
start of clauseDistribution function in cuddObj.c
Resolving for y=225
start of clauseDistribution function in cuddObj.c
Resolving for y=129
start of clauseDistribution function in cuddObj.c
Resolving for y=223
start of clauseDistribution function in cuddObj.c
Resolving for y=127
start of clauseDistribution function in cuddObj.c
Resolving for y=221
start of clauseDistribution function in cuddObj.c
Resolving for y=125
start of clauseDistribution function in cuddObj.c
Resolving for y=219
start of clauseDistribution function in cuddObj.c
Resolving for y=123
start of clauseDistribution function in cuddObj.c
Resolving for y=217
start of clauseDistribution function in cuddObj.c
Resolving for y=121
start of clauseDistribution function in cuddObj.c
Resolving for y=215
start of clauseDistribution function in cuddObj.c
Resolving for y=119
start of clauseDistribution function in cuddObj.c
Resolving for y=211
start of clauseDistribution function in cuddObj.c
Resolving for y=115
start of clauseDistribution function in cuddObj.c
Resolving for y=209
start of clauseDistribution function in cuddObj.c
Resolving for y=113
start of clauseDistribution function in cuddObj.c
Resolving for y=207
start of clauseDistribution function in cuddObj.c
Resolving for y=111
start of clauseDistribution function in cuddObj.c
Resolving for y=205
start of clauseDistribution function in cuddObj.c
Resolving for y=101
start of clauseDistribution function in cuddObj.c
Resolving for y=99
start of clauseDistribution function in cuddObj.c
Resolving for y=97
start of clauseDistribution function in cuddObj.c
Resolving for y=95
start of clauseDistribution function in cuddObj.c
Resolving for y=93
start of clauseDistribution function in cuddObj.c
Resolving for y=91
start of clauseDistribution function in cuddObj.c
Resolving for y=89
start of clauseDistribution function in cuddObj.c
Resolving for y=87
start of clauseDistribution function in cuddObj.c
Resolving for y=83
start of clauseDistribution function in cuddObj.c
Resolving for y=81
start of clauseDistribution function in cuddObj.c
Resolving for y=79
start of clauseDistribution function in cuddObj.c
Resolving for y=77
start of clauseDistribution function in cuddObj.c
Resolving for y=75
start of clauseDistribution function in cuddObj.c
Resolving for y=73
start of clauseDistribution function in cuddObj.c
Resolving for y=71
start of clauseDistribution function in cuddObj.c
Resolving for y=69
start of clauseDistribution function in cuddObj.c
Resolving for y=67
start of clauseDistribution function in cuddObj.c
Resolving for y=65
start of clauseDistribution function in cuddObj.c
Resolving for y=63
start of clauseDistribution function in cuddObj.c
Resolving for y=61
start of clauseDistribution function in cuddObj.c
Resolving for y=59
start of clauseDistribution function in cuddObj.c
Resolving for y=57
start of clauseDistribution function in cuddObj.c
Resolving for y=55
start of clauseDistribution function in cuddObj.c
Resolving for y=15
start of clauseDistribution function in cuddObj.c
Resolving for y=51
start of clauseDistribution function in cuddObj.c
Resolving for y=23
start of clauseDistribution function in cuddObj.c
Resolving for y=9
start of clauseDistribution function in cuddObj.c
Resolving for y=7
start of clauseDistribution function in cuddObj.c
Resolving for y=11
start of clauseDistribution function in cuddObj.c
Resolving for y=25
start of clauseDistribution function in cuddObj.c
Resolving for y=45
start of clauseDistribution function in cuddObj.c
Resolving for y=13
start of clauseDistribution function in cuddObj.c
Resolving for y=27
start of clauseDistribution function in cuddObj.c
Resolving for y=17
start of clauseDistribution function in cuddObj.c
Resolving for y=19
start of clauseDistribution function in cuddObj.c
Resolving for y=35
start of clauseDistribution function in cuddObj.c
Resolving for y=29
start of clauseDistribution function in cuddObj.c
Resolving for y=41
start of clauseDistribution function in cuddObj.c
Resolving for y=31
start of clauseDistribution function in cuddObj.c
Resolving for y=43
start of clauseDistribution function in cuddObj.c
Resolving for y=33
start of clauseDistribution function in cuddObj.c
Resolving for y=47
start of clauseDistribution function in cuddObj.c
Resolving for y=37
start of clauseDistribution function in cuddObj.c
Resolving for y=49
start of clauseDistribution function in cuddObj.c
Resolving for y=39
start of clauseDistribution function in cuddObj.c
Resolving for y=103
start of clauseDistribution function in cuddObj.c
Resolving for y=105
start of clauseDistribution function in cuddObj.c
Resolving for y=107
start of clauseDistribution function in cuddObj.c
Resolving for y=109
start of clauseDistribution function in cuddObj.c
Resolving for y=179
start of clauseDistribution function in cuddObj.c
Resolving for y=183
start of clauseDistribution function in cuddObj.c
Resolving for y=185
start of clauseDistribution function in cuddObj.c
Resolving for y=187
start of clauseDistribution function in cuddObj.c
Resolving for y=189
start of clauseDistribution function in cuddObj.c
Resolving for y=191
start of clauseDistribution function in cuddObj.c
Resolving for y=193
start of clauseDistribution function in cuddObj.c
Resolving for y=195
start of clauseDistribution function in cuddObj.c
Resolving for y=197
start of clauseDistribution function in cuddObj.c
Resolving for y=199
start of clauseDistribution function in cuddObj.c
Resolving for y=201
start of clauseDistribution function in cuddObj.c
Resolving for y=203
start of clauseDistribution function in cuddObj.c
Resolving for y=409
start of clauseDistribution function in cuddObj.c
Resolving for y=411
start of clauseDistribution function in cuddObj.c
Resolving for y=413
start of clauseDistribution function in cuddObj.c
Resolving for y=415
start of clauseDistribution function in cuddObj.c
Resolving for y=417
start of clauseDistribution function in cuddObj.c
Resolving for y=419
start of clauseDistribution function in cuddObj.c
Resolving for y=421
start of clauseDistribution function in cuddObj.c
Resolving for y=423
start of clauseDistribution function in cuddObj.c
Resolving for y=425
start of clauseDistribution function in cuddObj.c
Resolving for y=427
start of clauseDistribution function in cuddObj.c
Resolving for y=429
start of clauseDistribution function in cuddObj.c
Resolving for y=431
start of clauseDistribution function in cuddObj.c
Resolving for y=433
start of clauseDistribution function in cuddObj.c
Resolving for y=435
start of clauseDistribution function in cuddObj.c
Resolving for y=439
start of clauseDistribution function in cuddObj.c
Resolving for y=441
start of clauseDistribution function in cuddObj.c
Resolving for y=443
start of clauseDistribution function in cuddObj.c
Resolving for y=445
start of clauseDistribution function in cuddObj.c
Resolving for y=447
start of clauseDistribution function in cuddObj.c
Resolving for y=449
start of clauseDistribution function in cuddObj.c
Resolving for y=451
start of clauseDistribution function in cuddObj.c
Resolving for y=453
start of clauseDistribution function in cuddObj.c
Resolving for y=455
start of clauseDistribution function in cuddObj.c
Resolving for y=457
start of clauseDistribution function in cuddObj.c
Resolving for y=459
start of clauseDistribution function in cuddObj.c
Resolving for y=461
start of clauseDistribution function in cuddObj.c
Resolving for y=463
start of clauseDistribution function in cuddObj.c
Resolving for y=465
start of clauseDistribution function in cuddObj.c
Resolving for y=467
start of clauseDistribution function in cuddObj.c
Resolving for y=471
start of clauseDistribution function in cuddObj.c
Resolving for y=473
start of clauseDistribution function in cuddObj.c
Resolving for y=475
start of clauseDistribution function in cuddObj.c
Resolving for y=477
start of clauseDistribution function in cuddObj.c
Resolving for y=479
start of clauseDistribution function in cuddObj.c
Resolving for y=481
start of clauseDistribution function in cuddObj.c
Resolving for y=483
start of clauseDistribution function in cuddObj.c
Resolving for y=485
start of clauseDistribution function in cuddObj.c
Resolving for y=487
start of clauseDistribution function in cuddObj.c
Resolving for y=489
start of clauseDistribution function in cuddObj.c
Resolving for y=493
start of clauseDistribution function in cuddObj.c
Resolving for y=495
start of clauseDistribution function in cuddObj.c
Resolving for y=497
start of clauseDistribution function in cuddObj.c
Resolving for y=499
start of clauseDistribution function in cuddObj.c
Resolving for y=501
start of clauseDistribution function in cuddObj.c
Resolving for y=503
start of clauseDistribution function in cuddObj.c
Resolving for y=505
start of clauseDistribution function in cuddObj.c
Resolving for y=507
start of clauseDistribution function in cuddObj.c
Resolving for y=509
start of clauseDistribution function in cuddObj.c
Resolving for y=537
start of clauseDistribution function in cuddObj.c
Resolving for y=540
start of clauseDistribution function in cuddObj.c
Resolving for y=544
start of clauseDistribution function in cuddObj.c
Resolving for y=547
start of clauseDistribution function in cuddObj.c
Resolving for y=551
start of clauseDistribution function in cuddObj.c
Resolving for y=554
start of clauseDistribution function in cuddObj.c
Resolving for y=558
start of clauseDistribution function in cuddObj.c
Resolving for y=560
start of clauseDistribution function in cuddObj.c
Resolving for y=564
start of clauseDistribution function in cuddObj.c
Resolving for y=567
start of clauseDistribution function in cuddObj.c
Resolving for y=571
start of clauseDistribution function in cuddObj.c
Resolving for y=574
start of clauseDistribution function in cuddObj.c
Resolving for y=578
start of clauseDistribution function in cuddObj.c
Resolving for y=581
start of clauseDistribution function in cuddObj.c
Resolving for y=585
start of clauseDistribution function in cuddObj.c
Resolving for y=588
start of clauseDistribution function in cuddObj.c
Resolving for y=592
start of clauseDistribution function in cuddObj.c
Resolving for y=595
start of clauseDistribution function in cuddObj.c
Resolving for y=599
start of clauseDistribution function in cuddObj.c
Resolving for y=602
start of clauseDistribution function in cuddObj.c
Resolving for y=606
start of clauseDistribution function in cuddObj.c
Resolving for y=609
start of clauseDistribution function in cuddObj.c
Resolving for y=613
start of clauseDistribution function in cuddObj.c
Resolving for y=615
start of clauseDistribution function in cuddObj.c
Resolving for y=640
start of clauseDistribution function in cuddObj.c
Resolving for y=643
start of clauseDistribution function in cuddObj.c
Resolving for y=650
start of clauseDistribution function in cuddObj.c
Resolving for y=654
start of clauseDistribution function in cuddObj.c
Resolving for y=657
start of clauseDistribution function in cuddObj.c
Resolving for y=661
start of clauseDistribution function in cuddObj.c
Resolving for y=664
start of clauseDistribution function in cuddObj.c
Resolving for y=668
start of clauseDistribution function in cuddObj.c
Resolving for y=670
start of clauseDistribution function in cuddObj.c
Resolving for y=674
start of clauseDistribution function in cuddObj.c
Resolving for y=677
start of clauseDistribution function in cuddObj.c
Resolving for y=681
start of clauseDistribution function in cuddObj.c
Resolving for y=684
start of clauseDistribution function in cuddObj.c
Resolving for y=688
start of clauseDistribution function in cuddObj.c
Resolving for y=691
start of clauseDistribution function in cuddObj.c
Resolving for y=695
start of clauseDistribution function in cuddObj.c
Resolving for y=698
start of clauseDistribution function in cuddObj.c
Resolving for y=702
start of clauseDistribution function in cuddObj.c
Resolving for y=705
start of clauseDistribution function in cuddObj.c
Resolving for y=709
start of clauseDistribution function in cuddObj.c
Resolving for y=712
start of clauseDistribution function in cuddObj.c
Resolving for y=716
start of clauseDistribution function in cuddObj.c
Resolving for y=723
start of clauseDistribution function in cuddObj.c
Resolving for y=725
start of clauseDistribution function in cuddObj.c
Resolving for y=729
start of clauseDistribution function in cuddObj.c
Resolving for y=732
start of clauseDistribution function in cuddObj.c
Resolving for y=743
start of clauseDistribution function in cuddObj.c
Resolving for y=746
start of clauseDistribution function in cuddObj.c
Resolving for y=750
start of clauseDistribution function in cuddObj.c
Resolving for y=753
start of clauseDistribution function in cuddObj.c
Resolving for y=760
start of clauseDistribution function in cuddObj.c
Resolving for y=764
start of clauseDistribution function in cuddObj.c
Resolving for y=767
start of clauseDistribution function in cuddObj.c
Resolving for y=771
start of clauseDistribution function in cuddObj.c
Resolving for y=774
start of clauseDistribution function in cuddObj.c
Resolving for y=778
start of clauseDistribution function in cuddObj.c
Resolving for y=780
start of clauseDistribution function in cuddObj.c
Resolving for y=784
start of clauseDistribution function in cuddObj.c
Resolving for y=787
start of clauseDistribution function in cuddObj.c
Resolving for y=791
start of clauseDistribution function in cuddObj.c
Resolving for y=794
start of clauseDistribution function in cuddObj.c
Resolving for y=798
start of clauseDistribution function in cuddObj.c
Resolving for y=801
start of clauseDistribution function in cuddObj.c
Resolving for y=805
start of clauseDistribution function in cuddObj.c
Resolving for y=808
start of clauseDistribution function in cuddObj.c
Resolving for y=812
start of clauseDistribution function in cuddObj.c
Resolving for y=815
start of clauseDistribution function in cuddObj.c
Resolving for y=819
start of clauseDistribution function in cuddObj.c
Resolving for y=822
start of clauseDistribution function in cuddObj.c
Resolving for y=826
start of clauseDistribution function in cuddObj.c
Resolving for y=833
start of clauseDistribution function in cuddObj.c
Resolving for y=835
start of clauseDistribution function in cuddObj.c
Resolving for y=839
start of clauseDistribution function in cuddObj.c
Resolving for y=842
start of clauseDistribution function in cuddObj.c
Resolving for y=853
start of clauseDistribution function in cuddObj.c
Resolving for y=856
start of clauseDistribution function in cuddObj.c
Resolving for y=860
start of clauseDistribution function in cuddObj.c
Resolving for y=863
start of clauseDistribution function in cuddObj.c
Resolving for y=870
start of clauseDistribution function in cuddObj.c
Resolving for y=888
start of clauseDistribution function in cuddObj.c
Resolving for y=890
start of clauseDistribution function in cuddObj.c
Resolving for y=901
start of clauseDistribution function in cuddObj.c
Resolving for y=904
start of clauseDistribution function in cuddObj.c
Resolving for y=922
start of clauseDistribution function in cuddObj.c
Resolving for y=925
start of clauseDistribution function in cuddObj.c
Resolving for y=932
start of clauseDistribution function in cuddObj.c
Resolving for y=936
start of clauseDistribution function in cuddObj.c
Resolving for y=943
start of clauseDistribution function in cuddObj.c
Resolving for y=945
start of clauseDistribution function in cuddObj.c
Resolving for y=970
start of clauseDistribution function in cuddObj.c
Resolving for y=973
start of clauseDistribution function in cuddObj.c
Resolving for y=980
start of clauseDistribution function in cuddObj.c
Resolving for y=984
start of clauseDistribution function in cuddObj.c
Resolving for y=991
start of clauseDistribution function in cuddObj.c
Resolving for y=994
start of clauseDistribution function in cuddObj.c
Resolving for y=998
start of clauseDistribution function in cuddObj.c
Resolving for y=1000
start of clauseDistribution function in cuddObj.c
Resolving for y=1011
start of clauseDistribution function in cuddObj.c
Resolving for y=1014
start of clauseDistribution function in cuddObj.c
Resolving for y=1032
start of clauseDistribution function in cuddObj.c
Resolving for y=1035
start of clauseDistribution function in cuddObj.c
Resolving for y=1042
start of clauseDistribution function in cuddObj.c
Resolving for y=1046
start of clauseDistribution function in cuddObj.c
Resolving for y=1053
start of clauseDistribution function in cuddObj.c
Resolving for y=1055
start of clauseDistribution function in cuddObj.c
Resolving for y=1500
start of clauseDistribution function in cuddObj.c
Resolving for y=1498
start of clauseDistribution function in cuddObj.c
Resolving for y=1496
start of clauseDistribution function in cuddObj.c
Resolving for y=1495
start of clauseDistribution function in cuddObj.c
Resolving for y=1494
start of clauseDistribution function in cuddObj.c
Resolving for y=1493
start of clauseDistribution function in cuddObj.c
Resolving for y=1490
start of clauseDistribution function in cuddObj.c
Resolving for y=1489
start of clauseDistribution function in cuddObj.c
Resolving for y=1488
start of clauseDistribution function in cuddObj.c
Resolving for y=1485
start of clauseDistribution function in cuddObj.c
Resolving for y=1483
start of clauseDistribution function in cuddObj.c
Resolving for y=1482
start of clauseDistribution function in cuddObj.c
Resolving for y=1481
start of clauseDistribution function in cuddObj.c
Resolving for y=1480
start of clauseDistribution function in cuddObj.c
Resolving for y=1477
start of clauseDistribution function in cuddObj.c
Resolving for y=1476
start of clauseDistribution function in cuddObj.c
Resolving for y=1475
start of clauseDistribution function in cuddObj.c
Resolving for y=1472
start of clauseDistribution function in cuddObj.c
Resolving for y=1470
start of clauseDistribution function in cuddObj.c
Resolving for y=1469
start of clauseDistribution function in cuddObj.c
Resolving for y=1468
start of clauseDistribution function in cuddObj.c
Resolving for y=1467
start of clauseDistribution function in cuddObj.c
Resolving for y=1464
start of clauseDistribution function in cuddObj.c
Resolving for y=1463
start of clauseDistribution function in cuddObj.c
Resolving for y=1462
start of clauseDistribution function in cuddObj.c
Resolving for y=1459
start of clauseDistribution function in cuddObj.c
Resolving for y=1457
start of clauseDistribution function in cuddObj.c
Resolving for y=1456
start of clauseDistribution function in cuddObj.c
Resolving for y=1455
start of clauseDistribution function in cuddObj.c
Resolving for y=1454
start of clauseDistribution function in cuddObj.c
Resolving for y=1451
start of clauseDistribution function in cuddObj.c
Resolving for y=1450
start of clauseDistribution function in cuddObj.c
Resolving for y=1449
start of clauseDistribution function in cuddObj.c
Resolving for y=1446
start of clauseDistribution function in cuddObj.c
Resolving for y=1444
start of clauseDistribution function in cuddObj.c
Resolving for y=1443
start of clauseDistribution function in cuddObj.c
Resolving for y=1439
start of clauseDistribution function in cuddObj.c
Resolving for y=1438
start of clauseDistribution function in cuddObj.c
Resolving for y=1435
start of clauseDistribution function in cuddObj.c
Resolving for y=1434
start of clauseDistribution function in cuddObj.c
Resolving for y=1424
start of clauseDistribution function in cuddObj.c
Resolving for y=1420
start of clauseDistribution function in cuddObj.c
Resolving for y=1410
start of clauseDistribution function in cuddObj.c
Resolving for y=1404
start of clauseDistribution function in cuddObj.c
Resolving for y=1401
start of clauseDistribution function in cuddObj.c
Resolving for y=1399
start of clauseDistribution function in cuddObj.c
Resolving for y=1398
start of clauseDistribution function in cuddObj.c
Resolving for y=1388
start of clauseDistribution function in cuddObj.c
Resolving for y=1358
start of clauseDistribution function in cuddObj.c
Resolving for y=1355
start of clauseDistribution function in cuddObj.c
Resolving for y=1351
start of clauseDistribution function in cuddObj.c
Resolving for y=1348
start of clauseDistribution function in cuddObj.c
Resolving for y=1296
start of clauseDistribution function in cuddObj.c
Resolving for y=1293
start of clauseDistribution function in cuddObj.c
Resolving for y=1289
start of clauseDistribution function in cuddObj.c
Resolving for y=1286
start of clauseDistribution function in cuddObj.c
Resolving for y=1282
start of clauseDistribution function in cuddObj.c
Resolving for y=1279
start of clauseDistribution function in cuddObj.c
Resolving for y=1248
start of clauseDistribution function in cuddObj.c
Resolving for y=1245
start of clauseDistribution function in cuddObj.c
Resolving for y=1241
start of clauseDistribution function in cuddObj.c
Resolving for y=1238
start of clauseDistribution function in cuddObj.c
Resolving for y=1186
start of clauseDistribution function in cuddObj.c
Resolving for y=1183
start of clauseDistribution function in cuddObj.c
Resolving for y=1179
start of clauseDistribution function in cuddObj.c
Resolving for y=1176
start of clauseDistribution function in cuddObj.c
Resolving for y=1172
start of clauseDistribution function in cuddObj.c
Resolving for y=1169
start of clauseDistribution function in cuddObj.c
Resolving for y=1138
start of clauseDistribution function in cuddObj.c
Resolving for y=1135
start of clauseDistribution function in cuddObj.c
Resolving for y=1131
start of clauseDistribution function in cuddObj.c
Resolving for y=1128
start of clauseDistribution function in cuddObj.c
Resolving for y=5
start of clauseDistribution function in cuddObj.c
Resolving for y=531
start of clauseDistribution function in cuddObj.c
Resolving for y=512
start of clauseDistribution function in cuddObj.c
Resolving for y=619
start of clauseDistribution function in cuddObj.c
Resolving for y=622
start of clauseDistribution function in cuddObj.c
Resolving for y=626
start of clauseDistribution function in cuddObj.c
Resolving for y=629
start of clauseDistribution function in cuddObj.c
Resolving for y=633
start of clauseDistribution function in cuddObj.c
Resolving for y=636
start of clauseDistribution function in cuddObj.c
Resolving for y=874
start of clauseDistribution function in cuddObj.c
Resolving for y=877
start of clauseDistribution function in cuddObj.c
Resolving for y=881
start of clauseDistribution function in cuddObj.c
Resolving for y=884
start of clauseDistribution function in cuddObj.c
Resolving for y=908
start of clauseDistribution function in cuddObj.c
Resolving for y=911
start of clauseDistribution function in cuddObj.c
Resolving for y=915
start of clauseDistribution function in cuddObj.c
Resolving for y=918
start of clauseDistribution function in cuddObj.c
Resolving for y=949
start of clauseDistribution function in cuddObj.c
Resolving for y=952
start of clauseDistribution function in cuddObj.c
Resolving for y=956
start of clauseDistribution function in cuddObj.c
Resolving for y=959
start of clauseDistribution function in cuddObj.c
Resolving for y=963
start of clauseDistribution function in cuddObj.c
Resolving for y=966
start of clauseDistribution function in cuddObj.c
Resolving for y=1018
start of clauseDistribution function in cuddObj.c
Resolving for y=1021
start of clauseDistribution function in cuddObj.c
Resolving for y=1025
start of clauseDistribution function in cuddObj.c
Resolving for y=1028
start of clauseDistribution function in cuddObj.c
Resolving for y=1059
start of clauseDistribution function in cuddObj.c
Resolving for y=1062
start of clauseDistribution function in cuddObj.c
Resolving for y=1066
start of clauseDistribution function in cuddObj.c
Resolving for y=1069
start of clauseDistribution function in cuddObj.c
Resolving for y=1073
start of clauseDistribution function in cuddObj.c
Resolving for y=1076
start of clauseDistribution function in cuddObj.c
Resolving for y=1514
start of clauseDistribution function in cuddObj.c
Resolving for y=1513
start of clauseDistribution function in cuddObj.c
Resolving for y=1512
start of clauseDistribution function in cuddObj.c
Resolving for y=1511
start of clauseDistribution function in cuddObj.c
Resolving for y=1510
start of clauseDistribution function in cuddObj.c
Resolving for y=1509
start of clauseDistribution function in cuddObj.c
Resolving for y=1508
start of clauseDistribution function in cuddObj.c
Resolving for y=1507
start of clauseDistribution function in cuddObj.c
Resolving for y=1506
start of clauseDistribution function in cuddObj.c
Resolving for y=1505
start of clauseDistribution function in cuddObj.c
Resolving for y=1504
start of clauseDistribution function in cuddObj.c
