MCS ordering: 1383 1347 1343 1280 1276 1174 1170 640 644 746 750 852 856 958 962 1064 1068 1399 1386 1380 1377 1376 1373 1370 1367 1366 1363 1360 1357 1356 1353 1350 1346 1340 1337 1285 1282 1279 1273 1270 1179 1176 1173 1167 1164 399 397 395 393 391 389 387 383 379 377 375 371 369 367 365 363 361 359 357 355 351 349 347 345 343 339 337 335 333 331 329 327 325 323 319 315 313 311 307 305 303 301 299 297 295 293 291 287 285 283 281 279 275 273 271 269 173 267 171 265 169 263 167 261 165 259 163 255 159 157 251 155 249 153 247 151 243 147 241 145 239 143 237 141 235 139 233 137 231 135 229 133 227 131 223 127 221 219 123 217 121 215 119 211 115 209 113 207 111 205 109 203 107 201 105 95 93 91 89 87 83 81 79 77 75 73 71 69 67 63 59 57 55 51 43 41 7 39 9 11 15 13 17 45 19 47 23 25 27 29 31 35 37 49 99 101 103 175 177 179 183 185 187 191 195 197 199 401 403 407 409 411 413 415 419 421 423 425 427 429 431 433 435 439 441 443 447 451 453 455 457 459 461 463 465 467 469 471 473 475 477 479 481 483 485 487 489 491 493 495 497 499 501 503 505 509 634 637 643 646 649 740 743 749 752 755 846 849 855 858 861 952 955 961 964 967 1058 1061 1067 1070 1073 1400 1398 1391 1389 1385 1336 1333 1330 1326 1323 1319 1316 1312 1309 1305 1302 1298 1295 1291 1288 1287 1269 1267 1264 1260 1257 1253 1250 1246 1243 1239 1236 1233 1230 1226 1223 1219 1216 1213 1210 1206 1203 1199 1196 1192 1189 1185 1182 1181 1163 1161 1158 1154 1151 1147 1144 1140 1137 1133 1130 1127 1124 1120 1117 1113 1110 1107 1104 1100 1097 1093 1090 1086 1083 1079 1076 5 551 556 559 560 563 567 570 574 577 580 583 587 590 594 597 600 603 607 610 614 617 621 624 628 631 633 651 652 655 659 662 666 669 673 676 680 683 686 689 693 696 700 703 706 709 713 716 720 723 727 730 734 737 739 757 758 761 765 768 772 775 779 782 786 789 792 795 799 802 806 809 812 815 819 822 826 829 833 836 840 843 845 863 864 867 871 874 878 881 885 888 892 895 898 901 905 908 912 915 918 921 925 928 932 935 939 942 946 949 951 969 970 973 977 980 984 987 991 994 998 1001 1004 1007 1011 1014 1018 1021 1024 1027 1031 1034 1038 1041 1045 1048 1052 1055 1057 1075 1520 1519 1518 1517 1516 1515 1514 1513 1512 1511 1510 1509 1508 1507 1506 1505 1504 1503 1502 1501 1500 1499 1498 1497 1496 1495 1494 1493 1492 1491 1490 1489 1488 1487 1486 1485 1484 1483 1482 1481 1480 1479 1478 1477 1476 1475 1474 1473 1472 1471 1470 1469 1468 1467 1466 1465 1464 1463 1462 1461 1460 1459 1458 1457 1456 1455 1454 1453 1452 1451 1450 1449 1448 1447 1446 1445 1444 1443 1442 1441 1440 1439 1438 1437 1436 1435 1434 1433 1432 1431 1430 1429 1428 1427 1426 1425 1424 1423 1422 1421 1420 1419 1418 1417 1416 1415 1414 1413 1412 1411 1410 1409 1408 1407 1406 1405 1404 1403 1402 1401 1397 1396 1329 1322 1315 1308 1301 1294 1263 1256 1249 1242 1235 1229 1222 1215 1209 1202 1195 1188 1157 1150 1143 1136 1129 1123 1116 1109 1103 1096 1089 1082 385 381 373 353 341 321 317 309 289 2029 2028 277 257 161 253 245 149 225 129 125 213 117 97 85 65 61 53 21 33 181 189 193 405 417 437 445 449 507 511 566 573 579 586 593 599 606 613 620 627 658 665 672 679 685 692 699 705 712 719 726 733 764 771 778 785 791 798 805 811 818 825 832 839 870 877 884 891 897 904 911 917 924 931 938 945 976 983 990 997 1003 1010 1017 1023 1030 1037 1044 1051 520 384 521 380 522 372 523 352 524 340 525 320 526 316 527 308 2031 528 2030 288 2025 2024 2021 2020 2019 529 2018 276 2017 2016 2015 2014 2013 2012 2011 1915 2010 1914 2009 1913 2008 1912 2007 1911 2006 1910 2005 1909 2004 1908 2003 1907 2002 1906 2001 1905 2000 1904 1999 530 1903 1998 1902 256 1997 160 1996 1995 531 1899 1994 1898 252 1993 1992 1991 1895 1990 1894 1989 1893 1988 1892 1987 532 1891 1986 1890 244 1985 148 1984 1983 1887 1982 1886 1981 1885 1980 1884 1979 1883 1978 1882 1977 1881 1976 1880 1975 1879 1974 1878 1973 1877 1972 1876 1971 1875 1970 1874 1969 1873 1968 1872 1967 533 1871 1966 1870 224 128 1963 1867 1962 1866 1865 124 1864 1959 1863 1958 1862 1957 1861 1956 1860 1955 534 1859 1954 1858 212 116 1951 1855 1950 1854 1949 1853 1948 1852 1947 1851 1946 1850 1945 1849 1944 1848 1943 1847 1942 1846 1941 1744 1839 1743 1838 1742 96 1835 1739 1834 1738 1737 1736 1831 1735 1830 1734 1829 1733 1828 1732 1827 1731 1826 1730 84 1823 1727 1822 1726 1821 1725 1820 1595 1724 1819 1594 1723 1818 1593 1722 1817 1592 1721 1816 1591 1720 1815 1590 1719 1814 1589 1718 1813 1588 1717 1812 1587 1716 1811 1586 1715 1810 1585 1714 1809 1584 1713 1808 1583 1712 1807 1582 1711 1806 1710 64 1579 1803 1578 1707 1802 1706 60 1801 1800 1575 1799 1574 1703 1798 1573 1702 1797 1572 1701 1796 1571 1700 1795 1570 1699 1794 1698 52 1567 547 1784 1542 546 1783 1541 545 1782 1540 544 1781 1539 1611 1535 1610 1534 1609 1533 1608 1532 1607 1531 1654 1749 1560 1614 1526 1599 1653 1748 1643 1559 1529 1525 1602 1646 1562 1528 1597 1651 1746 1557 1596 1556 543 1780 1538 1751 1656 1524 1598 1652 1747 1642 1558 1655 1750 1561 1615 1527 1603 1657 1752 1647 1563 1756 1661 1604 1658 1753 1648 1564 1530 1605 1659 1754 1649 1565 1606 1660 1755 4 1745 1650 1566 1757 1662 1758 1663 549 1786 1544 1759 1787 1545 1788 1546 20 1666 1547 1762 1667 1763 1668 1764 1669 1543 548 1785 1550 1765 1670 1551 1766 1671 1552 1767 1672 1553 1673 1554 1674 1555 1770 1675 1771 1687 1688 32 1678 1689 1774 1679 1625 1690 1775 1680 1691 1776 1681 1692 1777 1682 1693 1778 1683 1694 1789 1779 1684 1695 1790 1685 1791 1686 1840 1616 1841 1617 1842 1618 1843 1619 1844 1620 1845 1621 1622 1623 1624 1626 1627 1628 1629 1630 1631 542 1634 1635 1636 1637 1638 1639 541 535 536 537 538 540 539 1916 1917 1918 1919 180 1922 1923 1924 1925 1926 1927 1928 188 1929 1930 1931 192 1934 1935 1936 1937 1938 1939 1940 404 519 416 518 436 517 444 516 448 515 506 514 510 513 512 1522 1523 552 1395 1394 1393 1392 1390 1388 1387 1384 1382 1381 1379 1378 1375 1374 1372 1371 1369 1368 1365 1364 1362 1361 1359 1358 1355 1354 1352 1351 1349 1348 1345 1344 1342 1341 1339 1338 1335 1334 1332 1331 1328 1327 1325 1324 1321 1320 1318 1317 1314 1313 1311 1310 1307 1306 1304 1303 1300 1299 1297 1296 1293 1292 1290 1289 1286 1284 1283 1281 1278 1277 1275 1274 1272 1271 1268 1266 1265 1262 1261 1259 1258 1255 1254 1252 1251 1248 1247 1245 1244 1241 1240 1238 1237 1234 1232 1231 1228 1227 1225 1224 1221 1220 1218 1217 1214 1212 1211 1208 1207 1205 1204 1201 1200 1198 1197 1194 1193 1191 1190 1187 1186 1184 1183 1180 1178 1177 1175 1172 1171 1169 1168 1166 1165 1162 1160 1159 1156 1155 1153 1152 1149 1148 1146 1145 1142 1141 1139 1138 1135 1134 1132 1131 1128 1126 1125 1122 1121 1119 1118 1115 1114 1112 1111 1108 1106 1105 1102 1101 1099 1098 1095 1094 1092 1091 1088 1087 1085 1084 1081 1080 1078 1077 1074 398 396 394 392 390 386 382 378 376 374 370 368 366 364 362 360 358 356 354 350 348 346 344 342 338 336 334 332 330 328 326 324 322 318 314 312 310 306 304 302 300 298 296 294 292 290 286 2027 2026 284 282 2023 2022 280 278 274 272 270 174 268 172 266 170 264 168 262 166 260 164 258 162 1901 1900 254 158 1897 156 1896 250 154 248 152 246 150 1889 1888 242 146 240 144 238 142 236 140 234 138 232 136 230 134 228 132 226 130 1965 1869 1964 1868 222 126 220 1961 1960 218 122 216 120 214 118 1953 1857 1952 1856 210 114 208 112 206 110 204 108 202 106 200 98 1837 1741 1836 1740 94 92 1833 1832 90 88 86 1825 1729 1824 1728 82 80 78 76 74 72 70 68 66 1581 1805 1580 1709 1804 1708 62 1577 1576 1705 1704 58 56 54 1569 1793 1568 1697 1792 42 40 1536 1600 8 1644 1537 1613 1641 1640 1612 10 6 1601 1645 12 1549 14 16 18 1664 550 46 1760 1665 1761 1548 22 44 24 26 1768 28 1769 30 1676 1772 1677 1773 388 34 36 48 38 1696 50 100 102 104 1632 1633 176 178 1920 1921 182 184 186 190 1932 1933 194 196 198 400 402 406 408 410 412 414 418 420 422 424 426 428 430 432 434 438 440 442 446 450 452 454 456 458 460 462 464 466 468 470 472 474 476 478 480 482 484 486 488 490 492 494 496 498 500 502 504 508 554 553 555 557 558 561 562 564 565 568 569 571 572 575 576 578 581 582 584 585 588 589 591 592 595 596 598 601 602 604 605 608 609 611 612 615 616 618 619 622 623 625 626 629 630 632 635 636 638 639 641 642 645 647 648 650 653 654 656 657 660 661 663 664 667 668 670 671 674 675 677 678 681 682 684 687 688 690 691 694 695 697 698 701 702 704 707 708 710 711 714 715 717 718 721 722 724 725 728 729 731 732 735 736 738 741 742 744 745 747 748 751 753 754 756 759 760 762 763 766 767 769 770 773 774 776 777 780 781 783 784 787 788 790 793 794 796 797 800 801 803 804 807 808 810 813 814 816 817 820 821 823 824 827 828 830 831 834 835 837 838 841 842 844 847 848 850 851 853 854 857 859 860 862 865 866 868 869 872 873 875 876 879 880 882 883 886 887 889 890 893 894 896 899 900 902 903 906 907 909 910 913 914 916 919 920 922 923 926 927 929 930 933 934 936 937 940 941 943 944 947 948 950 953 954 956 957 959 960 963 965 966 968 971 972 974 975 978 979 981 982 985 986 988 989 992 993 995 996 999 1000 1002 1005 1006 1008 1009 1012 1013 1015 1016 1019 1020 1022 1025 1026 1028 1029 1032 1033 1035 1036 1039 1040 1042 1043 1046 1047 1049 1050 1053 1054 1056 1059 1060 1062 1063 1065 1066 1069 1071 1072 2287 2286 2285 2284 2283 2282 2281 2280 2279 2278 2277 2276 2275 2274 2273 2272 2271 2270 2269 2268 2267 2266 2265 2264 2263 2262 2261 2260 2259 2258 2257 2256 2255 2254 2253 2252 2251 2250 2249 2248 2247 2246 2245 2244 2243 2242 2241 2240 2239 2238 2237 2236 2235 2234 2233 2232 2231 2230 2229 2228 2227 2226 2225 2224 2223 2222 2221 2220 2219 2218 2217 2216 2215 2214 2213 2212 2211 2210 2209 2208 2207 2206 2205 2204 2203 2202 2201 2200 2199 2198 2197 2196 2195 2194 2193 2192 2191 2140 2139 2138 2137 2136 2135 2134 2133 2132 2131 2130 2128 2127 2126 2125 2124 2123 2122 2121 2120 2119 2118 2117 2116 2115 2114 2113 2112 2111 2110 2109 2108 2107 2106 2105 2104 2103 2102 2101 2100 2099 2098 2097 2096 2095 2094 2093 2092 2091 2090 2089 2088 2087 2086 2085 2084 2083 2082 2081 2080 2079 2078 2077 2076 2075 2074 2073 2072 2071 2070 2069 2068 2067 2066 2065 2064 2063 2062 2061 2060 2059 2058 2057 2056 2055 2054 2053 2052 2051 2050 2049 2048 2047 2046 2045 2044 2043 2042 2041 2040 2039 2038 2037 2036 2035 2034 2033 2032 2129 2141 2142 2143 2144 2145 2146 2147 2148 2149 2150 2151 2152 2153 2154 2155 2156 2157 2158 2159 2160 2161 2162 2163 2164 2165 2166 2167 2168 2169 2170 2171 2172 2173 2174 2175 2176 2177 2178 2179 2180 2181 2182 2183 2184 2185 2186 2187 2188 2189 2190 1521 3 2 2288 
RESOLVING Scope: 1521 2034 2035 2036 2037 2038 2039 2040 2041 2042 2043 2044 2045 2046 2047 2048 2049 2050 2051 2052 2053 2054 2055 2056 2057 2058 2059 2060 2061 2062 2063 2064 2065 2066 2067 2068 2069 2070 2071 2072 2073 2074 2075 2076 2077 2078 2079 2080 2081 2082 2083 2084 2085 2086 2087 2088 2089 2090 2091 2092 2093 2094 2095 2096 2097 2098 2099 2100 2101 2102 2103 2104 2105 2106 2107 2108 2109 2110 2111 2112 2113 2114 2115 2116 2117 2118 2119 2120 2121 2122 2123 2124 2125 2126 2127 2128 2129 2130 2131 2132 2133 2134 2135 2136 2137 2138 2139 2140 2141 2142 2143 2144 2145 2146 2147 2148 2149 2150 2151 2152 2153 2154 2155 2156 2157 2158 2159 2160 2161 2162 2163 2164 2165 2166 2167 2168 2169 2170 2171 2172 2173 2174 2175 2176 2177 2178 2179 2180 2181 2182 2183 2184 2185 2186 2187 2188 2189 2190 2191 2192 2193 2194 2195 2196 2197 2198 2199 2200 2201 2202 2203 2204 2205 2206 2207 2208 2209 2210 2211 2212 2213 2214 2215 2216 2217 2218 2219 2220 2221 2222 2223 2224 2225 2226 2227 2228 2229 2230 2231 2232 2233 2234 2235 2236 2237 2238 2239 2240 2241 2242 2243 2244 2245 2246 2247 2248 2249 2250 2251 2252 2253 2254 2255 2256 2257 2258 2259 2260 2261 2262 2263 2264 2265 2266 2267 2268 2269 2270 2271 2272 2273 2274 2275 2276 2277 2278 2279 2280 2281 2282 2283 2284 2285 2286 2287 2 3 4 5 6 7 8 9 10 11 12 13 14 15 16 17 18 19 20 21 22 23 24 25 26 27 28 29 30 31 32 33 34 35 36 37 38 39 40 41 42 43 44 45 46 47 48 49 50 51 52 53 54 55 56 57 58 59 60 61 62 63 64 65 66 67 68 69 70 71 72 73 74 75 76 77 78 79 80 81 82 83 84 85 86 87 88 89 90 91 92 93 94 95 96 97 98 99 100 101 102 103 104 105 106 107 108 109 110 111 112 113 114 115 116 117 118 119 120 121 122 123 124 125 126 127 128 129 130 131 132 133 134 135 136 137 138 139 140 141 142 143 144 145 146 147 148 149 150 151 152 153 154 155 156 157 158 159 160 161 162 163 164 165 166 167 168 169 170 171 172 173 174 175 176 177 178 179 180 181 182 183 184 185 186 187 188 189 190 191 192 193 194 195 196 197 198 199 200 201 202 203 204 205 206 207 208 209 210 211 212 213 214 215 216 217 218 219 220 221 222 223 224 225 226 227 228 229 230 231 232 233 234 235 236 237 238 239 240 241 242 243 244 245 246 247 248 249 250 251 252 253 254 255 256 257 258 259 260 261 262 263 264 265 266 267 268 269 270 271 272 273 274 275 276 277 278 279 280 281 282 283 284 285 286 287 288 289 290 291 292 293 294 295 296 297 298 299 300 301 302 303 304 305 306 307 308 309 310 311 312 313 314 315 316 317 318 319 320 321 322 323 324 325 326 327 328 329 330 331 332 333 334 335 336 337 338 339 340 341 342 343 344 345 346 347 348 349 350 351 352 353 354 355 356 357 358 359 360 361 362 363 364 365 366 367 368 369 370 371 372 373 374 375 376 377 378 379 380 381 382 383 384 385 386 387 388 389 390 391 392 393 394 395 396 397 398 399 400 401 402 403 404 405 406 407 408 409 410 411 412 413 414 415 416 417 418 419 420 421 422 423 424 425 426 427 428 429 430 431 432 433 434 435 436 437 438 439 440 441 442 443 444 445 446 447 448 449 450 451 452 453 454 455 456 457 458 459 460 461 462 463 464 465 466 467 468 469 470 471 472 473 474 475 476 477 478 479 480 481 482 483 484 485 486 487 488 489 490 491 492 493 494 495 496 497 498 499 500 501 502 503 504 505 506 507 508 509 510 511 512 513 514 515 516 517 518 519 520 521 522 523 524 525 526 527 528 529 530 531 532 533 534 535 536 537 538 539 540 541 542 543 544 545 546 547 548 549 550 551 552 553 554 555 556 557 558 559 560 561 562 563 564 565 566 567 568 569 570 571 572 573 574 575 576 577 578 579 580 581 582 583 584 585 586 587 588 589 590 591 592 593 594 595 596 597 598 599 600 601 602 603 604 605 606 607 608 609 610 611 612 613 614 615 616 617 618 619 620 621 622 623 624 625 626 627 628 629 630 631 632 633 634 635 636 637 638 639 640 641 642 643 644 645 646 647 648 649 650 651 652 653 654 655 656 657 658 659 660 661 662 663 664 665 666 667 668 669 670 671 672 673 674 675 676 677 678 679 680 681 682 683 684 685 686 687 688 689 690 691 692 693 694 695 696 697 698 699 700 701 702 703 704 705 706 707 708 709 710 711 712 713 714 715 716 717 718 719 720 721 722 723 724 725 726 727 728 729 730 731 732 733 734 735 736 737 738 739 740 741 742 743 744 745 746 747 748 749 750 751 752 753 754 755 756 757 758 759 760 761 762 763 764 765 766 767 768 769 770 771 772 773 774 775 776 777 778 779 780 781 782 783 784 785 786 787 788 789 790 791 792 793 794 795 796 797 798 799 800 801 802 803 804 805 806 807 808 809 810 811 812 813 814 815 816 817 818 819 820 821 822 823 824 825 826 827 828 829 830 831 832 833 834 835 836 837 838 839 840 841 842 843 844 845 846 847 848 849 850 851 852 853 854 855 856 857 858 859 860 861 862 863 864 865 866 867 868 869 870 871 872 873 874 875 876 877 878 879 880 881 882 883 884 885 886 887 888 889 890 891 892 893 894 895 896 897 898 899 900 901 902 903 904 905 906 907 908 909 910 911 912 913 914 915 916 917 918 919 920 921 922 923 924 925 926 927 928 929 930 931 932 933 934 935 936 937 938 939 940 941 942 943 944 945 946 947 948 949 950 951 952 953 954 955 956 957 958 959 960 961 962 963 964 965 966 967 968 969 970 971 972 973 974 975 976 977 978 979 980 981 982 983 984 985 986 987 988 989 990 991 992 993 994 995 996 997 998 999 1000 1001 1002 1003 1004 1005 1006 1007 1008 1009 1010 1011 1012 1013 1014 1015 1016 1017 1018 1019 1020 1021 1022 1023 1024 1025 1026 1027 1028 1029 1030 1031 1032 1033 1034 1035 1036 1037 1038 1039 1040 1041 1042 1043 1044 1045 1046 1047 1048 1049 1050 1051 1052 1053 1054 1055 1056 1057 1058 1059 1060 1061 1062 1063 1064 1065 1066 1067 1068 1069 1070 1071 1072 1073 1074 1075 1076 1077 1078 1079 1080 1081 1082 1083 1084 1085 1086 1087 1088 1089 1090 1091 1092 1093 1094 1095 1096 1097 1098 1099 1100 1101 1102 1103 1104 1105 1106 1107 1108 1109 1110 1111 1112 1113 1114 1115 1116 1117 1118 1119 1120 1121 1122 1123 1124 1125 1126 1127 1128 1129 1130 1131 1132 1133 1134 1135 1136 1137 1138 1139 1140 1141 1142 1143 1144 1145 1146 1147 1148 1149 1150 1151 1152 1153 1154 1155 1156 1157 1158 1159 1160 1161 1162 1163 1164 1165 1166 1167 1168 1169 1170 1171 1172 1173 1174 1175 1176 1177 1178 1179 1180 1181 1182 1183 1184 1185 1186 1187 1188 1189 1190 1191 1192 1193 1194 1195 1196 1197 1198 1199 1200 1201 1202 1203 1204 1205 1206 1207 1208 1209 1210 1211 1212 1213 1214 1215 1216 1217 1218 1219 1220 1221 1222 1223 1224 1225 1226 1227 1228 1229 1230 1231 1232 1233 1234 1235 1236 1237 1238 1239 1240 1241 1242 1243 1244 1245 1246 1247 1248 1249 1250 1251 1252 1253 1254 1255 1256 1257 1258 1259 1260 1261 1262 1263 1264 1265 1266 1267 1268 1269 1270 1271 1272 1273 1274 1275 1276 1277 1278 1279 1280 1281 1282 1283 1284 1285 1286 1287 1288 1289 1290 1291 1292 1293 1294 1295 1296 1297 1298 1299 1300 1301 1302 1303 1304 1305 1306 1307 1308 1309 1310 1311 1312 1313 1314 1315 1316 1317 1318 1319 1320 1321 1322 1323 1324 1325 1326 1327 1328 1329 1330 1331 1332 1333 1334 1335 1336 1337 1338 1339 1340 1341 1342 1343 1344 1345 1346 1347 1348 1349 1350 1351 1352 1353 1354 1355 1356 1357 1358 1359 1360 1361 1362 1363 1364 1365 1366 1367 1368 1369 1370 1371 1372 1373 1374 1375 1376 1377 1378 1379 1380 1381 1382 1383 1384 1385 1386 1387 1388 1389 1390 1391 1392 1393 1394 1395 1396 1397 1398 1399 1400 1401 1402 1403 1404 1405 1406 1407 1408 1409 1410 1411 1412 1413 1414 1415 1416 1417 1418 1419 1420 1421 1422 1423 1424 1425 1426 1427 1428 1429 1430 1431 1432 1433 1434 1435 1436 1437 1438 1439 1440 1441 1442 1443 1444 1445 1446 1447 1448 1449 1450 1451 1452 1453 1454 1455 1456 1457 1458 1459 1460 1461 1462 1463 1464 1465 1466 1467 1468 1469 1470 1471 1472 1473 1474 1475 1476 1477 1478 1479 1480 1481 1482 1483 1484 1485 1486 1487 1488 1489 1490 1491 1492 1493 1494 1495 1496 1497 1498 1499 1500 1501 1502 1503 1504 1505 1506 1507 1508 1509 1510 1511 1512 1513 1514 1515 1516 1517 1518 1519 1520 2288 
Resolving for y=1383
start of clauseDistribution function in cuddObj.c
Resolving for y=1347
start of clauseDistribution function in cuddObj.c
Resolving for y=1343
start of clauseDistribution function in cuddObj.c
Resolving for y=1280
start of clauseDistribution function in cuddObj.c
Resolving for y=1276
start of clauseDistribution function in cuddObj.c
Resolving for y=1174
start of clauseDistribution function in cuddObj.c
Resolving for y=1170
start of clauseDistribution function in cuddObj.c
Resolving for y=640
start of clauseDistribution function in cuddObj.c
Resolving for y=644
start of clauseDistribution function in cuddObj.c
Resolving for y=746
start of clauseDistribution function in cuddObj.c
Resolving for y=750
start of clauseDistribution function in cuddObj.c
Resolving for y=852
start of clauseDistribution function in cuddObj.c
Resolving for y=856
start of clauseDistribution function in cuddObj.c
Resolving for y=958
start of clauseDistribution function in cuddObj.c
Resolving for y=962
start of clauseDistribution function in cuddObj.c
Resolving for y=1064
start of clauseDistribution function in cuddObj.c
Resolving for y=1068
start of clauseDistribution function in cuddObj.c
Resolving for y=1399
start of clauseDistribution function in cuddObj.c
Resolving for y=1386
start of clauseDistribution function in cuddObj.c
Resolving for y=1380
start of clauseDistribution function in cuddObj.c
Resolving for y=1377
start of clauseDistribution function in cuddObj.c
Resolving for y=1376
start of clauseDistribution function in cuddObj.c
Resolving for y=1373
start of clauseDistribution function in cuddObj.c
Resolving for y=1370
start of clauseDistribution function in cuddObj.c
Resolving for y=1367
start of clauseDistribution function in cuddObj.c
Resolving for y=1366
start of clauseDistribution function in cuddObj.c
Resolving for y=1363
start of clauseDistribution function in cuddObj.c
Resolving for y=1360
start of clauseDistribution function in cuddObj.c
Resolving for y=1357
start of clauseDistribution function in cuddObj.c
Resolving for y=1356
start of clauseDistribution function in cuddObj.c
Resolving for y=1353
start of clauseDistribution function in cuddObj.c
Resolving for y=1350
start of clauseDistribution function in cuddObj.c
Resolving for y=1346
start of clauseDistribution function in cuddObj.c
Resolving for y=1340
start of clauseDistribution function in cuddObj.c
Resolving for y=1337
start of clauseDistribution function in cuddObj.c
Resolving for y=1285
start of clauseDistribution function in cuddObj.c
Resolving for y=1282
start of clauseDistribution function in cuddObj.c
Resolving for y=1279
start of clauseDistribution function in cuddObj.c
Resolving for y=1273
start of clauseDistribution function in cuddObj.c
Resolving for y=1270
start of clauseDistribution function in cuddObj.c
Resolving for y=1179
start of clauseDistribution function in cuddObj.c
Resolving for y=1176
start of clauseDistribution function in cuddObj.c
Resolving for y=1173
start of clauseDistribution function in cuddObj.c
Resolving for y=1167
start of clauseDistribution function in cuddObj.c
Resolving for y=1164
start of clauseDistribution function in cuddObj.c
Resolving for y=399
start of clauseDistribution function in cuddObj.c
Resolving for y=397
start of clauseDistribution function in cuddObj.c
Resolving for y=395
start of clauseDistribution function in cuddObj.c
Resolving for y=393
start of clauseDistribution function in cuddObj.c
Resolving for y=391
start of clauseDistribution function in cuddObj.c
Resolving for y=389
start of clauseDistribution function in cuddObj.c
Resolving for y=387
start of clauseDistribution function in cuddObj.c
Resolving for y=383
start of clauseDistribution function in cuddObj.c
Resolving for y=379
start of clauseDistribution function in cuddObj.c
Resolving for y=377
start of clauseDistribution function in cuddObj.c
Resolving for y=375
start of clauseDistribution function in cuddObj.c
Resolving for y=371
start of clauseDistribution function in cuddObj.c
Resolving for y=369
start of clauseDistribution function in cuddObj.c
Resolving for y=367
start of clauseDistribution function in cuddObj.c
Resolving for y=365
start of clauseDistribution function in cuddObj.c
Resolving for y=363
start of clauseDistribution function in cuddObj.c
Resolving for y=361
start of clauseDistribution function in cuddObj.c
Resolving for y=359
start of clauseDistribution function in cuddObj.c
Resolving for y=357
start of clauseDistribution function in cuddObj.c
Resolving for y=355
start of clauseDistribution function in cuddObj.c
Resolving for y=351
start of clauseDistribution function in cuddObj.c
Resolving for y=349
start of clauseDistribution function in cuddObj.c
Resolving for y=347
start of clauseDistribution function in cuddObj.c
Resolving for y=345
start of clauseDistribution function in cuddObj.c
Resolving for y=343
start of clauseDistribution function in cuddObj.c
Resolving for y=339
start of clauseDistribution function in cuddObj.c
Resolving for y=337
start of clauseDistribution function in cuddObj.c
Resolving for y=335
start of clauseDistribution function in cuddObj.c
Resolving for y=333
start of clauseDistribution function in cuddObj.c
Resolving for y=331
start of clauseDistribution function in cuddObj.c
Resolving for y=329
start of clauseDistribution function in cuddObj.c
Resolving for y=327
start of clauseDistribution function in cuddObj.c
Resolving for y=325
start of clauseDistribution function in cuddObj.c
Resolving for y=323
start of clauseDistribution function in cuddObj.c
Resolving for y=319
start of clauseDistribution function in cuddObj.c
Resolving for y=315
start of clauseDistribution function in cuddObj.c
Resolving for y=313
start of clauseDistribution function in cuddObj.c
Resolving for y=311
start of clauseDistribution function in cuddObj.c
Resolving for y=307
start of clauseDistribution function in cuddObj.c
Resolving for y=305
start of clauseDistribution function in cuddObj.c
Resolving for y=303
start of clauseDistribution function in cuddObj.c
Resolving for y=301
start of clauseDistribution function in cuddObj.c
Resolving for y=299
start of clauseDistribution function in cuddObj.c
Resolving for y=297
start of clauseDistribution function in cuddObj.c
Resolving for y=295
start of clauseDistribution function in cuddObj.c
Resolving for y=293
start of clauseDistribution function in cuddObj.c
Resolving for y=291
start of clauseDistribution function in cuddObj.c
Resolving for y=287
start of clauseDistribution function in cuddObj.c
Resolving for y=285
start of clauseDistribution function in cuddObj.c
Resolving for y=283
start of clauseDistribution function in cuddObj.c
Resolving for y=281
start of clauseDistribution function in cuddObj.c
Resolving for y=279
start of clauseDistribution function in cuddObj.c
Resolving for y=275
start of clauseDistribution function in cuddObj.c
Resolving for y=273
start of clauseDistribution function in cuddObj.c
Resolving for y=271
start of clauseDistribution function in cuddObj.c
Resolving for y=269
start of clauseDistribution function in cuddObj.c
Resolving for y=173
start of clauseDistribution function in cuddObj.c
Resolving for y=267
start of clauseDistribution function in cuddObj.c
Resolving for y=171
start of clauseDistribution function in cuddObj.c
Resolving for y=265
start of clauseDistribution function in cuddObj.c
Resolving for y=169
start of clauseDistribution function in cuddObj.c
Resolving for y=263
start of clauseDistribution function in cuddObj.c
Resolving for y=167
start of clauseDistribution function in cuddObj.c
Resolving for y=261
start of clauseDistribution function in cuddObj.c
Resolving for y=165
start of clauseDistribution function in cuddObj.c
Resolving for y=259
start of clauseDistribution function in cuddObj.c
Resolving for y=163
start of clauseDistribution function in cuddObj.c
Resolving for y=255
start of clauseDistribution function in cuddObj.c
Resolving for y=159
start of clauseDistribution function in cuddObj.c
Resolving for y=157
start of clauseDistribution function in cuddObj.c
Resolving for y=251
start of clauseDistribution function in cuddObj.c
Resolving for y=155
start of clauseDistribution function in cuddObj.c
Resolving for y=249
start of clauseDistribution function in cuddObj.c
Resolving for y=153
start of clauseDistribution function in cuddObj.c
Resolving for y=247
start of clauseDistribution function in cuddObj.c
Resolving for y=151
start of clauseDistribution function in cuddObj.c
Resolving for y=243
start of clauseDistribution function in cuddObj.c
Resolving for y=147
start of clauseDistribution function in cuddObj.c
Resolving for y=241
start of clauseDistribution function in cuddObj.c
Resolving for y=145
start of clauseDistribution function in cuddObj.c
Resolving for y=239
start of clauseDistribution function in cuddObj.c
Resolving for y=143
start of clauseDistribution function in cuddObj.c
Resolving for y=237
start of clauseDistribution function in cuddObj.c
Resolving for y=141
start of clauseDistribution function in cuddObj.c
Resolving for y=235
start of clauseDistribution function in cuddObj.c
Resolving for y=139
start of clauseDistribution function in cuddObj.c
Resolving for y=233
start of clauseDistribution function in cuddObj.c
Resolving for y=137
start of clauseDistribution function in cuddObj.c
Resolving for y=231
start of clauseDistribution function in cuddObj.c
Resolving for y=135
start of clauseDistribution function in cuddObj.c
Resolving for y=229
start of clauseDistribution function in cuddObj.c
Resolving for y=133
start of clauseDistribution function in cuddObj.c
Resolving for y=227
start of clauseDistribution function in cuddObj.c
Resolving for y=131
start of clauseDistribution function in cuddObj.c
Resolving for y=223
start of clauseDistribution function in cuddObj.c
Resolving for y=127
start of clauseDistribution function in cuddObj.c
Resolving for y=221
start of clauseDistribution function in cuddObj.c
Resolving for y=219
start of clauseDistribution function in cuddObj.c
Resolving for y=123
start of clauseDistribution function in cuddObj.c
Resolving for y=217
start of clauseDistribution function in cuddObj.c
Resolving for y=121
start of clauseDistribution function in cuddObj.c
Resolving for y=215
start of clauseDistribution function in cuddObj.c
Resolving for y=119
start of clauseDistribution function in cuddObj.c
Resolving for y=211
start of clauseDistribution function in cuddObj.c
Resolving for y=115
start of clauseDistribution function in cuddObj.c
Resolving for y=209
start of clauseDistribution function in cuddObj.c
Resolving for y=113
start of clauseDistribution function in cuddObj.c
Resolving for y=207
start of clauseDistribution function in cuddObj.c
Resolving for y=111
start of clauseDistribution function in cuddObj.c
Resolving for y=205
start of clauseDistribution function in cuddObj.c
Resolving for y=109
start of clauseDistribution function in cuddObj.c
Resolving for y=203
start of clauseDistribution function in cuddObj.c
Resolving for y=107
start of clauseDistribution function in cuddObj.c
Resolving for y=201
start of clauseDistribution function in cuddObj.c
Resolving for y=105
start of clauseDistribution function in cuddObj.c
Resolving for y=95
start of clauseDistribution function in cuddObj.c
Resolving for y=93
start of clauseDistribution function in cuddObj.c
Resolving for y=91
start of clauseDistribution function in cuddObj.c
Resolving for y=89
start of clauseDistribution function in cuddObj.c
Resolving for y=87
start of clauseDistribution function in cuddObj.c
Resolving for y=83
start of clauseDistribution function in cuddObj.c
Resolving for y=81
start of clauseDistribution function in cuddObj.c
Resolving for y=79
start of clauseDistribution function in cuddObj.c
Resolving for y=77
start of clauseDistribution function in cuddObj.c
Resolving for y=75
start of clauseDistribution function in cuddObj.c
Resolving for y=73
start of clauseDistribution function in cuddObj.c
Resolving for y=71
start of clauseDistribution function in cuddObj.c
Resolving for y=69
start of clauseDistribution function in cuddObj.c
Resolving for y=67
start of clauseDistribution function in cuddObj.c
Resolving for y=63
start of clauseDistribution function in cuddObj.c
Resolving for y=59
start of clauseDistribution function in cuddObj.c
Resolving for y=57
start of clauseDistribution function in cuddObj.c
Resolving for y=55
start of clauseDistribution function in cuddObj.c
Resolving for y=51
start of clauseDistribution function in cuddObj.c
Resolving for y=43
start of clauseDistribution function in cuddObj.c
Resolving for y=41
start of clauseDistribution function in cuddObj.c
Resolving for y=7
start of clauseDistribution function in cuddObj.c
Resolving for y=39
start of clauseDistribution function in cuddObj.c
Resolving for y=9
start of clauseDistribution function in cuddObj.c
Resolving for y=11
start of clauseDistribution function in cuddObj.c
Resolving for y=15
start of clauseDistribution function in cuddObj.c
Resolving for y=13
start of clauseDistribution function in cuddObj.c
Resolving for y=17
start of clauseDistribution function in cuddObj.c
Resolving for y=45
start of clauseDistribution function in cuddObj.c
Resolving for y=19
start of clauseDistribution function in cuddObj.c
Resolving for y=47
start of clauseDistribution function in cuddObj.c
Resolving for y=23
start of clauseDistribution function in cuddObj.c
Resolving for y=25
start of clauseDistribution function in cuddObj.c
Resolving for y=27
start of clauseDistribution function in cuddObj.c
Resolving for y=29
start of clauseDistribution function in cuddObj.c
Resolving for y=31
start of clauseDistribution function in cuddObj.c
Resolving for y=35
start of clauseDistribution function in cuddObj.c
Resolving for y=37
start of clauseDistribution function in cuddObj.c
Resolving for y=49
start of clauseDistribution function in cuddObj.c
Resolving for y=99
start of clauseDistribution function in cuddObj.c
Resolving for y=101
start of clauseDistribution function in cuddObj.c
Resolving for y=103
start of clauseDistribution function in cuddObj.c
Resolving for y=175
start of clauseDistribution function in cuddObj.c
Resolving for y=177
start of clauseDistribution function in cuddObj.c
Resolving for y=179
start of clauseDistribution function in cuddObj.c
Resolving for y=183
start of clauseDistribution function in cuddObj.c
Resolving for y=185
start of clauseDistribution function in cuddObj.c
Resolving for y=187
start of clauseDistribution function in cuddObj.c
Resolving for y=191
start of clauseDistribution function in cuddObj.c
Resolving for y=195
start of clauseDistribution function in cuddObj.c
Resolving for y=197
start of clauseDistribution function in cuddObj.c
Resolving for y=199
start of clauseDistribution function in cuddObj.c
Resolving for y=401
start of clauseDistribution function in cuddObj.c
Resolving for y=403
start of clauseDistribution function in cuddObj.c
Resolving for y=407
start of clauseDistribution function in cuddObj.c
Resolving for y=409
start of clauseDistribution function in cuddObj.c
Resolving for y=411
start of clauseDistribution function in cuddObj.c
Resolving for y=413
start of clauseDistribution function in cuddObj.c
Resolving for y=415
start of clauseDistribution function in cuddObj.c
Resolving for y=419
start of clauseDistribution function in cuddObj.c
Resolving for y=421
start of clauseDistribution function in cuddObj.c
Resolving for y=423
start of clauseDistribution function in cuddObj.c
Resolving for y=425
start of clauseDistribution function in cuddObj.c
Resolving for y=427
start of clauseDistribution function in cuddObj.c
Resolving for y=429
start of clauseDistribution function in cuddObj.c
Resolving for y=431
start of clauseDistribution function in cuddObj.c
Resolving for y=433
start of clauseDistribution function in cuddObj.c
Resolving for y=435
start of clauseDistribution function in cuddObj.c
Resolving for y=439
start of clauseDistribution function in cuddObj.c
Resolving for y=441
start of clauseDistribution function in cuddObj.c
Resolving for y=443
start of clauseDistribution function in cuddObj.c
Resolving for y=447
start of clauseDistribution function in cuddObj.c
Resolving for y=451
start of clauseDistribution function in cuddObj.c
Resolving for y=453
start of clauseDistribution function in cuddObj.c
Resolving for y=455
start of clauseDistribution function in cuddObj.c
Resolving for y=457
start of clauseDistribution function in cuddObj.c
Resolving for y=459
start of clauseDistribution function in cuddObj.c
Resolving for y=461
start of clauseDistribution function in cuddObj.c
Resolving for y=463
start of clauseDistribution function in cuddObj.c
Resolving for y=465
start of clauseDistribution function in cuddObj.c
Resolving for y=467
start of clauseDistribution function in cuddObj.c
Resolving for y=469
start of clauseDistribution function in cuddObj.c
Resolving for y=471
start of clauseDistribution function in cuddObj.c
Resolving for y=473
start of clauseDistribution function in cuddObj.c
Resolving for y=475
start of clauseDistribution function in cuddObj.c
Resolving for y=477
start of clauseDistribution function in cuddObj.c
Resolving for y=479
start of clauseDistribution function in cuddObj.c
Resolving for y=481
start of clauseDistribution function in cuddObj.c
Resolving for y=483
start of clauseDistribution function in cuddObj.c
Resolving for y=485
start of clauseDistribution function in cuddObj.c
Resolving for y=487
start of clauseDistribution function in cuddObj.c
Resolving for y=489
start of clauseDistribution function in cuddObj.c
Resolving for y=491
start of clauseDistribution function in cuddObj.c
Resolving for y=493
start of clauseDistribution function in cuddObj.c
Resolving for y=495
start of clauseDistribution function in cuddObj.c
Resolving for y=497
start of clauseDistribution function in cuddObj.c
Resolving for y=499
start of clauseDistribution function in cuddObj.c
Resolving for y=501
start of clauseDistribution function in cuddObj.c
Resolving for y=503
start of clauseDistribution function in cuddObj.c
Resolving for y=505
start of clauseDistribution function in cuddObj.c
Resolving for y=509
start of clauseDistribution function in cuddObj.c
Resolving for y=634
start of clauseDistribution function in cuddObj.c
Resolving for y=637
start of clauseDistribution function in cuddObj.c
Resolving for y=643
start of clauseDistribution function in cuddObj.c
Resolving for y=646
start of clauseDistribution function in cuddObj.c
Resolving for y=649
start of clauseDistribution function in cuddObj.c
Resolving for y=740
start of clauseDistribution function in cuddObj.c
Resolving for y=743
start of clauseDistribution function in cuddObj.c
Resolving for y=749
start of clauseDistribution function in cuddObj.c
Resolving for y=752
start of clauseDistribution function in cuddObj.c
Resolving for y=755
start of clauseDistribution function in cuddObj.c
Resolving for y=846
start of clauseDistribution function in cuddObj.c
Resolving for y=849
start of clauseDistribution function in cuddObj.c
Resolving for y=855
start of clauseDistribution function in cuddObj.c
Resolving for y=858
start of clauseDistribution function in cuddObj.c
Resolving for y=861
start of clauseDistribution function in cuddObj.c
Resolving for y=952
start of clauseDistribution function in cuddObj.c
Resolving for y=955
start of clauseDistribution function in cuddObj.c
Resolving for y=961
start of clauseDistribution function in cuddObj.c
Resolving for y=964
start of clauseDistribution function in cuddObj.c
Resolving for y=967
start of clauseDistribution function in cuddObj.c
Resolving for y=1058
start of clauseDistribution function in cuddObj.c
Resolving for y=1061
start of clauseDistribution function in cuddObj.c
Resolving for y=1067
start of clauseDistribution function in cuddObj.c
Resolving for y=1070
start of clauseDistribution function in cuddObj.c
Resolving for y=1073
start of clauseDistribution function in cuddObj.c
Resolving for y=1400
start of clauseDistribution function in cuddObj.c
Resolving for y=1398
start of clauseDistribution function in cuddObj.c
Resolving for y=1391
start of clauseDistribution function in cuddObj.c
Resolving for y=1389
start of clauseDistribution function in cuddObj.c
Resolving for y=1385
start of clauseDistribution function in cuddObj.c
Resolving for y=1336
start of clauseDistribution function in cuddObj.c
Resolving for y=1333
start of clauseDistribution function in cuddObj.c
Resolving for y=1330
start of clauseDistribution function in cuddObj.c
Resolving for y=1326
start of clauseDistribution function in cuddObj.c
Resolving for y=1323
start of clauseDistribution function in cuddObj.c
Resolving for y=1319
start of clauseDistribution function in cuddObj.c
Resolving for y=1316
start of clauseDistribution function in cuddObj.c
Resolving for y=1312
start of clauseDistribution function in cuddObj.c
Resolving for y=1309
start of clauseDistribution function in cuddObj.c
Resolving for y=1305
start of clauseDistribution function in cuddObj.c
Resolving for y=1302
start of clauseDistribution function in cuddObj.c
Resolving for y=1298
start of clauseDistribution function in cuddObj.c
Resolving for y=1295
start of clauseDistribution function in cuddObj.c
Resolving for y=1291
start of clauseDistribution function in cuddObj.c
Resolving for y=1288
start of clauseDistribution function in cuddObj.c
Resolving for y=1287
start of clauseDistribution function in cuddObj.c
Resolving for y=1269
start of clauseDistribution function in cuddObj.c
Resolving for y=1267
start of clauseDistribution function in cuddObj.c
Resolving for y=1264
start of clauseDistribution function in cuddObj.c
Resolving for y=1260
start of clauseDistribution function in cuddObj.c
Resolving for y=1257
start of clauseDistribution function in cuddObj.c
Resolving for y=1253
start of clauseDistribution function in cuddObj.c
Resolving for y=1250
start of clauseDistribution function in cuddObj.c
Resolving for y=1246
start of clauseDistribution function in cuddObj.c
Resolving for y=1243
start of clauseDistribution function in cuddObj.c
Resolving for y=1239
start of clauseDistribution function in cuddObj.c
Resolving for y=1236
start of clauseDistribution function in cuddObj.c
Resolving for y=1233
start of clauseDistribution function in cuddObj.c
Resolving for y=1230
start of clauseDistribution function in cuddObj.c
Resolving for y=1226
start of clauseDistribution function in cuddObj.c
Resolving for y=1223
start of clauseDistribution function in cuddObj.c
Resolving for y=1219
start of clauseDistribution function in cuddObj.c
Resolving for y=1216
start of clauseDistribution function in cuddObj.c
Resolving for y=1213
start of clauseDistribution function in cuddObj.c
Resolving for y=1210
start of clauseDistribution function in cuddObj.c
Resolving for y=1206
start of clauseDistribution function in cuddObj.c
Resolving for y=1203
start of clauseDistribution function in cuddObj.c
Resolving for y=1199
start of clauseDistribution function in cuddObj.c
Resolving for y=1196
start of clauseDistribution function in cuddObj.c
Resolving for y=1192
start of clauseDistribution function in cuddObj.c
Resolving for y=1189
start of clauseDistribution function in cuddObj.c
Resolving for y=1185
start of clauseDistribution function in cuddObj.c
Resolving for y=1182
start of clauseDistribution function in cuddObj.c
Resolving for y=1181
start of clauseDistribution function in cuddObj.c
Resolving for y=1163
start of clauseDistribution function in cuddObj.c
Resolving for y=1161
start of clauseDistribution function in cuddObj.c
Resolving for y=1158
start of clauseDistribution function in cuddObj.c
Resolving for y=1154
start of clauseDistribution function in cuddObj.c
Resolving for y=1151
start of clauseDistribution function in cuddObj.c
Resolving for y=1147
start of clauseDistribution function in cuddObj.c
Resolving for y=1144
start of clauseDistribution function in cuddObj.c
Resolving for y=1140
start of clauseDistribution function in cuddObj.c
Resolving for y=1137
start of clauseDistribution function in cuddObj.c
Resolving for y=1133
start of clauseDistribution function in cuddObj.c
Resolving for y=1130
start of clauseDistribution function in cuddObj.c
Resolving for y=1127
start of clauseDistribution function in cuddObj.c
Resolving for y=1124
start of clauseDistribution function in cuddObj.c
Resolving for y=1120
start of clauseDistribution function in cuddObj.c
Resolving for y=1117
start of clauseDistribution function in cuddObj.c
Resolving for y=1113
start of clauseDistribution function in cuddObj.c
Resolving for y=1110
start of clauseDistribution function in cuddObj.c
Resolving for y=1107
start of clauseDistribution function in cuddObj.c
Resolving for y=1104
start of clauseDistribution function in cuddObj.c
Resolving for y=1100
start of clauseDistribution function in cuddObj.c
Resolving for y=1097
start of clauseDistribution function in cuddObj.c
Resolving for y=1093
start of clauseDistribution function in cuddObj.c
Resolving for y=1090
start of clauseDistribution function in cuddObj.c
Resolving for y=1086
start of clauseDistribution function in cuddObj.c
Resolving for y=1083
start of clauseDistribution function in cuddObj.c
Resolving for y=1079
start of clauseDistribution function in cuddObj.c
Resolving for y=1076
start of clauseDistribution function in cuddObj.c
Resolving for y=5
start of clauseDistribution function in cuddObj.c
Resolving for y=551
start of clauseDistribution function in cuddObj.c
Resolving for y=556
start of clauseDistribution function in cuddObj.c
Resolving for y=559
start of clauseDistribution function in cuddObj.c
Resolving for y=560
start of clauseDistribution function in cuddObj.c
Resolving for y=563
start of clauseDistribution function in cuddObj.c
Resolving for y=567
start of clauseDistribution function in cuddObj.c
Resolving for y=570
start of clauseDistribution function in cuddObj.c
Resolving for y=574
start of clauseDistribution function in cuddObj.c
Resolving for y=577
start of clauseDistribution function in cuddObj.c
Resolving for y=580
start of clauseDistribution function in cuddObj.c
Resolving for y=583
start of clauseDistribution function in cuddObj.c
Resolving for y=587
start of clauseDistribution function in cuddObj.c
Resolving for y=590
start of clauseDistribution function in cuddObj.c
Resolving for y=594
start of clauseDistribution function in cuddObj.c
Resolving for y=597
start of clauseDistribution function in cuddObj.c
Resolving for y=600
start of clauseDistribution function in cuddObj.c
Resolving for y=603
start of clauseDistribution function in cuddObj.c
Resolving for y=607
start of clauseDistribution function in cuddObj.c
Resolving for y=610
start of clauseDistribution function in cuddObj.c
Resolving for y=614
start of clauseDistribution function in cuddObj.c
Resolving for y=617
start of clauseDistribution function in cuddObj.c
Resolving for y=621
start of clauseDistribution function in cuddObj.c
Resolving for y=624
start of clauseDistribution function in cuddObj.c
Resolving for y=628
start of clauseDistribution function in cuddObj.c
Resolving for y=631
start of clauseDistribution function in cuddObj.c
Resolving for y=633
start of clauseDistribution function in cuddObj.c
Resolving for y=651
start of clauseDistribution function in cuddObj.c
Resolving for y=652
start of clauseDistribution function in cuddObj.c
Resolving for y=655
start of clauseDistribution function in cuddObj.c
Resolving for y=659
start of clauseDistribution function in cuddObj.c
Resolving for y=662
start of clauseDistribution function in cuddObj.c
Resolving for y=666
start of clauseDistribution function in cuddObj.c
Resolving for y=669
start of clauseDistribution function in cuddObj.c
Resolving for y=673
start of clauseDistribution function in cuddObj.c
Resolving for y=676
start of clauseDistribution function in cuddObj.c
Resolving for y=680
start of clauseDistribution function in cuddObj.c
Resolving for y=683
start of clauseDistribution function in cuddObj.c
Resolving for y=686
start of clauseDistribution function in cuddObj.c
Resolving for y=689
start of clauseDistribution function in cuddObj.c
Resolving for y=693
start of clauseDistribution function in cuddObj.c
Resolving for y=696
start of clauseDistribution function in cuddObj.c
Resolving for y=700
start of clauseDistribution function in cuddObj.c
Resolving for y=703
start of clauseDistribution function in cuddObj.c
Resolving for y=706
start of clauseDistribution function in cuddObj.c
Resolving for y=709
start of clauseDistribution function in cuddObj.c
Resolving for y=713
start of clauseDistribution function in cuddObj.c
Resolving for y=716
start of clauseDistribution function in cuddObj.c
Resolving for y=720
start of clauseDistribution function in cuddObj.c
Resolving for y=723
start of clauseDistribution function in cuddObj.c
Resolving for y=727
start of clauseDistribution function in cuddObj.c
Resolving for y=730
start of clauseDistribution function in cuddObj.c
Resolving for y=734
start of clauseDistribution function in cuddObj.c
Resolving for y=737
start of clauseDistribution function in cuddObj.c
Resolving for y=739
start of clauseDistribution function in cuddObj.c
Resolving for y=757
start of clauseDistribution function in cuddObj.c
Resolving for y=758
start of clauseDistribution function in cuddObj.c
Resolving for y=761
start of clauseDistribution function in cuddObj.c
Resolving for y=765
start of clauseDistribution function in cuddObj.c
Resolving for y=768
start of clauseDistribution function in cuddObj.c
Resolving for y=772
start of clauseDistribution function in cuddObj.c
Resolving for y=775
start of clauseDistribution function in cuddObj.c
Resolving for y=779
start of clauseDistribution function in cuddObj.c
Resolving for y=782
start of clauseDistribution function in cuddObj.c
Resolving for y=786
start of clauseDistribution function in cuddObj.c
Resolving for y=789
start of clauseDistribution function in cuddObj.c
Resolving for y=792
start of clauseDistribution function in cuddObj.c
Resolving for y=795
start of clauseDistribution function in cuddObj.c
Resolving for y=799
start of clauseDistribution function in cuddObj.c
Resolving for y=802
start of clauseDistribution function in cuddObj.c
Resolving for y=806
start of clauseDistribution function in cuddObj.c
Resolving for y=809
start of clauseDistribution function in cuddObj.c
Resolving for y=812
start of clauseDistribution function in cuddObj.c
Resolving for y=815
start of clauseDistribution function in cuddObj.c
Resolving for y=819
start of clauseDistribution function in cuddObj.c
Resolving for y=822
start of clauseDistribution function in cuddObj.c
Resolving for y=826
start of clauseDistribution function in cuddObj.c
Resolving for y=829
start of clauseDistribution function in cuddObj.c
Resolving for y=833
start of clauseDistribution function in cuddObj.c
Resolving for y=836
start of clauseDistribution function in cuddObj.c
Resolving for y=840
start of clauseDistribution function in cuddObj.c
Resolving for y=843
start of clauseDistribution function in cuddObj.c
Resolving for y=845
start of clauseDistribution function in cuddObj.c
Resolving for y=863
start of clauseDistribution function in cuddObj.c
Resolving for y=864
start of clauseDistribution function in cuddObj.c
Resolving for y=867
start of clauseDistribution function in cuddObj.c
Resolving for y=871
start of clauseDistribution function in cuddObj.c
Resolving for y=874
start of clauseDistribution function in cuddObj.c
Resolving for y=878
start of clauseDistribution function in cuddObj.c
Resolving for y=881
start of clauseDistribution function in cuddObj.c
Resolving for y=885
start of clauseDistribution function in cuddObj.c
Resolving for y=888
start of clauseDistribution function in cuddObj.c
Resolving for y=892
start of clauseDistribution function in cuddObj.c
Resolving for y=895
start of clauseDistribution function in cuddObj.c
Resolving for y=898
start of clauseDistribution function in cuddObj.c
Resolving for y=901
start of clauseDistribution function in cuddObj.c
Resolving for y=905
start of clauseDistribution function in cuddObj.c
Resolving for y=908
start of clauseDistribution function in cuddObj.c
Resolving for y=912
start of clauseDistribution function in cuddObj.c
Resolving for y=915
start of clauseDistribution function in cuddObj.c
Resolving for y=918
start of clauseDistribution function in cuddObj.c
Resolving for y=921
start of clauseDistribution function in cuddObj.c
Resolving for y=925
start of clauseDistribution function in cuddObj.c
Resolving for y=928
start of clauseDistribution function in cuddObj.c
Resolving for y=932
start of clauseDistribution function in cuddObj.c
Resolving for y=935
start of clauseDistribution function in cuddObj.c
Resolving for y=939
start of clauseDistribution function in cuddObj.c
Resolving for y=942
start of clauseDistribution function in cuddObj.c
Resolving for y=946
start of clauseDistribution function in cuddObj.c
Resolving for y=949
start of clauseDistribution function in cuddObj.c
Resolving for y=951
start of clauseDistribution function in cuddObj.c
Resolving for y=969
start of clauseDistribution function in cuddObj.c
Resolving for y=970
start of clauseDistribution function in cuddObj.c
Resolving for y=973
start of clauseDistribution function in cuddObj.c
Resolving for y=977
start of clauseDistribution function in cuddObj.c
Resolving for y=980
start of clauseDistribution function in cuddObj.c
Resolving for y=984
start of clauseDistribution function in cuddObj.c
Resolving for y=987
start of clauseDistribution function in cuddObj.c
Resolving for y=991
start of clauseDistribution function in cuddObj.c
Resolving for y=994
start of clauseDistribution function in cuddObj.c
Resolving for y=998
start of clauseDistribution function in cuddObj.c
Resolving for y=1001
start of clauseDistribution function in cuddObj.c
Resolving for y=1004
start of clauseDistribution function in cuddObj.c
Resolving for y=1007
start of clauseDistribution function in cuddObj.c
Resolving for y=1011
start of clauseDistribution function in cuddObj.c
Resolving for y=1014
start of clauseDistribution function in cuddObj.c
Resolving for y=1018
start of clauseDistribution function in cuddObj.c
Resolving for y=1021
start of clauseDistribution function in cuddObj.c
Resolving for y=1024
start of clauseDistribution function in cuddObj.c
Resolving for y=1027
start of clauseDistribution function in cuddObj.c
Resolving for y=1031
start of clauseDistribution function in cuddObj.c
Resolving for y=1034
start of clauseDistribution function in cuddObj.c
Resolving for y=1038
start of clauseDistribution function in cuddObj.c
Resolving for y=1041
start of clauseDistribution function in cuddObj.c
Resolving for y=1045
start of clauseDistribution function in cuddObj.c
Resolving for y=1048
start of clauseDistribution function in cuddObj.c
Resolving for y=1052
start of clauseDistribution function in cuddObj.c
Resolving for y=1055
start of clauseDistribution function in cuddObj.c
Resolving for y=1057
start of clauseDistribution function in cuddObj.c
Resolving for y=1075
start of clauseDistribution function in cuddObj.c
Resolving for y=1520
start of clauseDistribution function in cuddObj.c
Resolving for y=1519
start of clauseDistribution function in cuddObj.c
Resolving for y=1518
start of clauseDistribution function in cuddObj.c
Resolving for y=1517
start of clauseDistribution function in cuddObj.c
Resolving for y=1516
start of clauseDistribution function in cuddObj.c
Resolving for y=1515
start of clauseDistribution function in cuddObj.c
Resolving for y=1514
start of clauseDistribution function in cuddObj.c
Resolving for y=1513
start of clauseDistribution function in cuddObj.c
Resolving for y=1512
start of clauseDistribution function in cuddObj.c
Resolving for y=1511
start of clauseDistribution function in cuddObj.c
Resolving for y=1510
start of clauseDistribution function in cuddObj.c
