MCS ordering: 955 951 959 947 963 943 967 939 971 931 935 975 927 979 923 983 919 987 915 991 911 995 907 999 903 1003 1007 1011 1015 1051 1055 1099 1103 1059 1107 1047 1111 1063 1115 1039 1067 1035 1027 1139 1119 1031 1143 1043 1091 1095 1135 1079 1023 1075 1071 1131 1127 1123 1087 1083 1019 899 1147 897 1149 937 933 941 929 945 949 925 953 957 921 961 965 917 969 973 913 977 981 909 985 989 905 993 997 901 1001 1005 1009 1013 1045 1041 1033 1037 1029 1057 1053 1049 1081 1077 1073 1069 1065 1061 1025 1021 1017 1085 1089 1093 1097 1101 1105 1109 1113 1117 1121 1125 1129 1133 1137 1141 1145 387 388 1155 390 135 139 143 147 932 936 151 940 928 944 155 948 924 952 159 133 956 920 137 960 163 141 964 916 145 968 167 149 972 912 153 976 171 157 980 908 161 984 175 165 988 904 169 992 179 173 996 900 177 1000 183 181 1004 185 1008 187 189 1012 191 193 1016 1100 231 1096 1104 235 1108 1092 239 1116 243 221 1044 219 1040 217 1036 213 209 1032 1028 205 1144 215 207 1136 1140 211 1120 247 225 1048 223 1112 227 251 229 1052 1124 1024 201 203 1132 237 1060 255 233 1056 1128 1088 1084 1080 1076 253 1072 249 1068 245 1064 241 1020 197 199 195 454 510 1275 452 508 1273 450 506 1271 448 504 1269 446 502 1267 444 500 1265 442 498 1263 440 496 1261 438 494 1259 436 492 1257 434 490 1255 432 488 1253 430 486 1251 428 484 1249 426 482 1247 424 480 1245 422 478 1243 420 476 1241 418 474 1239 416 472 1237 414 470 1235 412 468 1233 410 466 1231 408 464 1229 406 462 1227 404 460 1225 402 458 1223 400 456 1221 398 1219 396 1217 394 1215 392 1213 1211 1209 1207 1205 1157 1203 1159 1201 1161 1199 1163 1197 1165 1195 1167 1193 1169 1191 1171 1189 1173 1187 1175 1185 1177 1183 1179 1181 895 1148 1278 1277 893 891 889 888 886 885 883 882 880 879 877 876 874 873 871 870 868 867 865 864 862 861 859 858 856 855 853 852 850 849 847 846 844 843 841 840 838 837 835 834 832 831 829 828 826 825 823 822 820 819 817 816 814 813 811 810 808 807 805 804 802 801 799 798 796 795 793 792 790 789 787 786 784 783 781 780 778 777 775 774 772 771 769 768 766 765 763 762 760 759 757 756 754 753 751 750 748 747 745 744 742 741 739 738 736 735 733 732 730 729 727 726 724 723 721 720 718 717 715 714 712 711 709 708 706 705 702 700 699 698 696 695 693 692 690 689 687 686 684 683 681 680 678 677 675 674 672 671 669 668 666 665 663 662 660 659 657 656 654 653 651 650 648 647 645 644 642 641 639 638 636 635 633 632 630 629 627 626 624 623 621 620 618 617 615 614 612 611 609 608 606 605 603 602 600 599 597 596 594 593 591 590 588 587 585 584 582 581 579 578 576 575 573 572 570 569 567 566 564 563 561 560 558 557 555 554 552 551 549 548 546 545 543 542 540 539 537 536 534 533 531 530 528 527 525 524 522 521 519 518 516 515 1152 1153 385 384 131 127 123 115 119 111 109 113 107 117 105 121 103 125 101 129 97 95 99 93 91 89 87 85 83 81 79 77 75 73 71 35 29 33 31 276 280 37 27 284 25 39 288 41 23 292 43 45 19 316 11 296 47 324 9 320 15 268 703 272 513 7 312 21 57 5 6 259 53 17 13 49 59 308 55 304 51 300 264 261 69 65 61 63 67 262 266 270 274 278 282 286 290 294 298 302 306 310 314 318 322 1150 326 328 330 332 382 334 380 336 378 338 376 340 374 342 372 344 370 346 368 348 366 350 364 352 362 354 360 356 358 898 894 892 890 887 884 881 878 875 872 869 866 863 860 857 854 851 848 845 842 839 836 833 830 827 824 821 818 815 812 809 806 803 800 797 794 791 788 785 782 779 776 773 770 767 764 761 758 755 752 749 746 743 740 737 734 731 728 725 722 719 716 713 710 707 704 701 697 694 691 688 685 682 679 676 673 670 667 664 661 658 655 652 649 646 643 640 637 634 631 628 625 622 619 616 613 610 607 604 601 598 595 592 589 586 583 580 577 574 571 568 565 562 559 556 553 550 547 544 541 538 535 532 529 526 523 520 517 514 1276 1274 1272 1270 1268 1266 1264 1262 1260 1258 1256 1254 1252 1250 1248 1246 1244 1242 1240 1238 1236 1234 1232 1230 1228 1226 1224 1222 1220 1218 1216 1214 1212 1210 1208 1206 1204 1202 1200 1198 1196 1194 1192 1190 1188 1186 1184 1182 1180 1178 1176 1174 1172 1170 1168 1166 1164 1162 1160 1158 1156 1154 386 389 132 954 958 128 136 950 962 124 140 946 966 938 120 144 114 942 970 934 116 148 110 108 118 974 930 112 152 106 122 104 126 978 926 156 102 130 100 134 982 160 98 138 96 142 986 918 164 94 922 146 92 150 990 914 168 90 154 88 158 994 910 172 86 162 84 166 998 906 176 82 170 80 174 1002 902 180 78 178 76 182 1006 184 74 186 72 1010 188 190 1014 192 70 30 228 34 232 277 32 1054 273 281 236 1058 36 285 38 26 269 224 1062 40 240 42 22 293 1066 44 216 20 1042 244 222 218 54 18 212 10 204 46 210 208 321 16 1038 325 8 1030 313 214 317 12 1034 297 1070 48 220 24 1046 289 28 1050 1074 52 301 206 256 234 4 1026 58 200 309 1082 60 252 230 248 226 14 50 1078 56 305 265 260 257 258 254 250 68 246 64 242 238 202 62 196 1022 198 66 1018 194 1086 263 1090 267 1094 271 1098 275 1102 279 1106 283 1110 287 1114 291 1118 295 1122 299 1126 303 1130 307 1134 311 1138 315 1142 319 1146 323 327 455 512 511 509 507 505 503 501 499 497 495 493 491 489 487 485 483 481 479 477 475 473 471 469 467 465 463 461 459 457 453 451 449 447 445 329 443 331 441 333 439 335 437 337 435 339 433 341 431 343 429 345 427 347 425 349 423 351 421 353 419 355 417 357 415 359 413 361 411 363 409 365 407 367 405 369 403 371 401 373 399 375 397 377 395 379 393 381 391 383 1151 896 3 2 1279 
RESOLVING Scope: 895 897 899 901 903 905 907 909 911 913 915 917 919 921 923 925 927 929 931 933 935 937 939 941 943 945 947 949 951 953 955 957 959 961 963 965 967 969 971 973 975 977 979 981 983 985 987 989 991 993 995 997 999 1001 1003 1005 1007 1009 1011 1013 1015 1017 1019 1021 1023 1025 1027 1029 1031 1033 1035 1037 1039 1041 1043 1045 1047 1049 1051 1053 1055 1057 1059 1061 1063 1065 1067 1069 1071 1073 1075 1077 1079 1081 1083 1085 1087 1089 1091 1093 1095 1097 1099 1101 1103 1105 1107 1109 1111 1113 1115 1117 1119 1121 1123 1125 1127 1129 1131 1133 1135 1137 1139 1141 1143 1145 1147 1149 2 3 4 5 6 7 8 9 10 11 12 13 14 15 16 17 18 19 20 21 22 23 24 25 26 27 28 29 30 31 32 33 34 35 36 37 38 39 40 41 42 43 44 45 46 47 48 49 50 51 52 53 54 55 56 57 58 59 60 61 62 63 64 65 66 67 68 69 70 71 72 73 74 75 76 77 78 79 80 81 82 83 84 85 86 87 88 89 90 91 92 93 94 95 96 97 98 99 100 101 102 103 104 105 106 107 108 109 110 111 112 113 114 115 116 117 118 119 120 121 122 123 124 125 126 127 128 129 130 131 132 133 134 135 136 137 138 139 140 141 142 143 144 145 146 147 148 149 150 151 152 153 154 155 156 157 158 159 160 161 162 163 164 165 166 167 168 169 170 171 172 173 174 175 176 177 178 179 180 181 182 183 184 185 186 187 188 189 190 191 192 193 194 195 196 197 198 199 200 201 202 203 204 205 206 207 208 209 210 211 212 213 214 215 216 217 218 219 220 221 222 223 224 225 226 227 228 229 230 231 232 233 234 235 236 237 238 239 240 241 242 243 244 245 246 247 248 249 250 251 252 253 254 255 256 257 258 259 260 261 262 263 264 265 266 267 268 269 270 271 272 273 274 275 276 277 278 279 280 281 282 283 284 285 286 287 288 289 290 291 292 293 294 295 296 297 298 299 300 301 302 303 304 305 306 307 308 309 310 311 312 313 314 315 316 317 318 319 320 321 322 323 324 325 326 327 328 329 330 331 332 333 334 335 336 337 338 339 340 341 342 343 344 345 346 347 348 349 350 351 352 353 354 355 356 357 358 359 360 361 362 363 364 365 366 367 368 369 370 371 372 373 374 375 376 377 378 379 380 381 382 383 384 385 386 387 388 389 390 391 392 393 394 395 396 397 398 399 400 401 402 403 404 405 406 407 408 409 410 411 412 413 414 415 416 417 418 419 420 421 422 423 424 425 426 427 428 429 430 431 432 433 434 435 436 437 438 439 440 441 442 443 444 445 446 447 448 449 450 451 452 453 454 455 456 457 458 459 460 461 462 463 464 465 466 467 468 469 470 471 472 473 474 475 476 477 478 479 480 481 482 483 484 485 486 487 488 489 490 491 492 493 494 495 496 497 498 499 500 501 502 503 504 505 506 507 508 509 510 511 512 513 514 515 516 517 518 519 520 521 522 523 524 525 526 527 528 529 530 531 532 533 534 535 536 537 538 539 540 541 542 543 544 545 546 547 548 549 550 551 552 553 554 555 556 557 558 559 560 561 562 563 564 565 566 567 568 569 570 571 572 573 574 575 576 577 578 579 580 581 582 583 584 585 586 587 588 589 590 591 592 593 594 595 596 597 598 599 600 601 602 603 604 605 606 607 608 609 610 611 612 613 614 615 616 617 618 619 620 621 622 623 624 625 626 627 628 629 630 631 632 633 634 635 636 637 638 639 640 641 642 643 644 645 646 647 648 649 650 651 652 653 654 655 656 657 658 659 660 661 662 663 664 665 666 667 668 669 670 671 672 673 674 675 676 677 678 679 680 681 682 683 684 685 686 687 688 689 690 691 692 693 694 695 696 697 698 699 700 701 702 703 704 705 706 707 708 709 710 711 712 713 714 715 716 717 718 719 720 721 722 723 724 725 726 727 728 729 730 731 732 733 734 735 736 737 738 739 740 741 742 743 744 745 746 747 748 749 750 751 752 753 754 755 756 757 758 759 760 761 762 763 764 765 766 767 768 769 770 771 772 773 774 775 776 777 778 779 780 781 782 783 784 785 786 787 788 789 790 791 792 793 794 795 796 797 798 799 800 801 802 803 804 805 806 807 808 809 810 811 812 813 814 815 816 817 818 819 820 821 822 823 824 825 826 827 828 829 830 831 832 833 834 835 836 837 838 839 840 841 842 843 844 845 846 847 848 849 850 851 852 853 854 855 856 857 858 859 860 861 862 863 864 865 866 867 868 869 870 871 872 873 874 875 876 877 878 879 880 881 882 883 884 885 886 887 888 889 890 891 892 893 894 1279 
Resolving for y=955
start of clauseDistribution function in cuddObj.c
Resolving for y=951
start of clauseDistribution function in cuddObj.c
Resolving for y=959
start of clauseDistribution function in cuddObj.c
Resolving for y=947
start of clauseDistribution function in cuddObj.c
Resolving for y=963
start of clauseDistribution function in cuddObj.c
Resolving for y=943
start of clauseDistribution function in cuddObj.c
Resolving for y=967
start of clauseDistribution function in cuddObj.c
Resolving for y=939
start of clauseDistribution function in cuddObj.c
Resolving for y=971
start of clauseDistribution function in cuddObj.c
Resolving for y=931
start of clauseDistribution function in cuddObj.c
Resolving for y=935
start of clauseDistribution function in cuddObj.c
Resolving for y=975
start of clauseDistribution function in cuddObj.c
Resolving for y=927
start of clauseDistribution function in cuddObj.c
Resolving for y=979
start of clauseDistribution function in cuddObj.c
Resolving for y=923
start of clauseDistribution function in cuddObj.c
Resolving for y=983
start of clauseDistribution function in cuddObj.c
Resolving for y=919
start of clauseDistribution function in cuddObj.c
Resolving for y=987
start of clauseDistribution function in cuddObj.c
Resolving for y=915
start of clauseDistribution function in cuddObj.c
Resolving for y=991
start of clauseDistribution function in cuddObj.c
Resolving for y=911
start of clauseDistribution function in cuddObj.c
Resolving for y=995
start of clauseDistribution function in cuddObj.c
Resolving for y=907
start of clauseDistribution function in cuddObj.c
Resolving for y=999
start of clauseDistribution function in cuddObj.c
Resolving for y=903
start of clauseDistribution function in cuddObj.c
Resolving for y=1003
start of clauseDistribution function in cuddObj.c
Resolving for y=1007
start of clauseDistribution function in cuddObj.c
Resolving for y=1011
start of clauseDistribution function in cuddObj.c
Resolving for y=1015
start of clauseDistribution function in cuddObj.c
Resolving for y=1051
start of clauseDistribution function in cuddObj.c
Resolving for y=1055
start of clauseDistribution function in cuddObj.c
Resolving for y=1099
start of clauseDistribution function in cuddObj.c
Resolving for y=1103
start of clauseDistribution function in cuddObj.c
Resolving for y=1059
start of clauseDistribution function in cuddObj.c
Resolving for y=1107
start of clauseDistribution function in cuddObj.c
Resolving for y=1047
start of clauseDistribution function in cuddObj.c
Resolving for y=1111
start of clauseDistribution function in cuddObj.c
Resolving for y=1063
start of clauseDistribution function in cuddObj.c
Resolving for y=1115
start of clauseDistribution function in cuddObj.c
Resolving for y=1039
start of clauseDistribution function in cuddObj.c
Resolving for y=1067
start of clauseDistribution function in cuddObj.c
Resolving for y=1035
start of clauseDistribution function in cuddObj.c
Resolving for y=1027
start of clauseDistribution function in cuddObj.c
Resolving for y=1139
start of clauseDistribution function in cuddObj.c
Resolving for y=1119
start of clauseDistribution function in cuddObj.c
Resolving for y=1031
start of clauseDistribution function in cuddObj.c
Resolving for y=1143
start of clauseDistribution function in cuddObj.c
Resolving for y=1043
start of clauseDistribution function in cuddObj.c
Resolving for y=1091
start of clauseDistribution function in cuddObj.c
Resolving for y=1095
start of clauseDistribution function in cuddObj.c
Resolving for y=1135
start of clauseDistribution function in cuddObj.c
Resolving for y=1079
start of clauseDistribution function in cuddObj.c
Resolving for y=1023
start of clauseDistribution function in cuddObj.c
Resolving for y=1075
start of clauseDistribution function in cuddObj.c
Resolving for y=1071
start of clauseDistribution function in cuddObj.c
Resolving for y=1131
start of clauseDistribution function in cuddObj.c
Resolving for y=1127
start of clauseDistribution function in cuddObj.c
Resolving for y=1123
start of clauseDistribution function in cuddObj.c
Resolving for y=1087
start of clauseDistribution function in cuddObj.c
Resolving for y=1083
start of clauseDistribution function in cuddObj.c
Resolving for y=1019
start of clauseDistribution function in cuddObj.c
Resolving for y=899
start of clauseDistribution function in cuddObj.c
Resolving for y=1147
start of clauseDistribution function in cuddObj.c
Resolving for y=897
start of clauseDistribution function in cuddObj.c
Resolving for y=1149
start of clauseDistribution function in cuddObj.c
Resolving for y=937
start of clauseDistribution function in cuddObj.c
Resolving for y=933
start of clauseDistribution function in cuddObj.c
Resolving for y=941
start of clauseDistribution function in cuddObj.c
Resolving for y=929
start of clauseDistribution function in cuddObj.c
Resolving for y=945
start of clauseDistribution function in cuddObj.c
Resolving for y=949
start of clauseDistribution function in cuddObj.c
Resolving for y=925
start of clauseDistribution function in cuddObj.c
Resolving for y=953
start of clauseDistribution function in cuddObj.c
Resolving for y=957
start of clauseDistribution function in cuddObj.c
Resolving for y=921
start of clauseDistribution function in cuddObj.c
Resolving for y=961
start of clauseDistribution function in cuddObj.c
Resolving for y=965
start of clauseDistribution function in cuddObj.c
Resolving for y=917
start of clauseDistribution function in cuddObj.c
Resolving for y=969
start of clauseDistribution function in cuddObj.c
Resolving for y=973
start of clauseDistribution function in cuddObj.c
Resolving for y=913
start of clauseDistribution function in cuddObj.c
Resolving for y=977
start of clauseDistribution function in cuddObj.c
Resolving for y=981
start of clauseDistribution function in cuddObj.c
Resolving for y=909
start of clauseDistribution function in cuddObj.c
Resolving for y=985
start of clauseDistribution function in cuddObj.c
Resolving for y=989
start of clauseDistribution function in cuddObj.c
Resolving for y=905
start of clauseDistribution function in cuddObj.c
Resolving for y=993
start of clauseDistribution function in cuddObj.c
Resolving for y=997
start of clauseDistribution function in cuddObj.c
Resolving for y=901
start of clauseDistribution function in cuddObj.c
Resolving for y=1001
start of clauseDistribution function in cuddObj.c
Resolving for y=1005
start of clauseDistribution function in cuddObj.c
Resolving for y=1009
start of clauseDistribution function in cuddObj.c
Resolving for y=1013
start of clauseDistribution function in cuddObj.c
Resolving for y=1045
start of clauseDistribution function in cuddObj.c
Resolving for y=1041
start of clauseDistribution function in cuddObj.c
Resolving for y=1033
start of clauseDistribution function in cuddObj.c
Resolving for y=1037
start of clauseDistribution function in cuddObj.c
Resolving for y=1029
start of clauseDistribution function in cuddObj.c
Resolving for y=1057
start of clauseDistribution function in cuddObj.c
Resolving for y=1053
start of clauseDistribution function in cuddObj.c
Resolving for y=1049
start of clauseDistribution function in cuddObj.c
Resolving for y=1081
start of clauseDistribution function in cuddObj.c
Resolving for y=1077
start of clauseDistribution function in cuddObj.c
Resolving for y=1073
start of clauseDistribution function in cuddObj.c
Resolving for y=1069
start of clauseDistribution function in cuddObj.c
Resolving for y=1065
start of clauseDistribution function in cuddObj.c
Resolving for y=1061
start of clauseDistribution function in cuddObj.c
Resolving for y=1025
start of clauseDistribution function in cuddObj.c
Resolving for y=1021
start of clauseDistribution function in cuddObj.c
Resolving for y=1017
start of clauseDistribution function in cuddObj.c
Resolving for y=1085
start of clauseDistribution function in cuddObj.c
Resolving for y=1089
start of clauseDistribution function in cuddObj.c
Resolving for y=1093
start of clauseDistribution function in cuddObj.c
Resolving for y=1097
start of clauseDistribution function in cuddObj.c
Resolving for y=1101
start of clauseDistribution function in cuddObj.c
Resolving for y=1105
start of clauseDistribution function in cuddObj.c
Resolving for y=1109
start of clauseDistribution function in cuddObj.c
Resolving for y=1113
start of clauseDistribution function in cuddObj.c
Resolving for y=1117
start of clauseDistribution function in cuddObj.c
Resolving for y=1121
start of clauseDistribution function in cuddObj.c
Resolving for y=1125
start of clauseDistribution function in cuddObj.c
Resolving for y=1129
start of clauseDistribution function in cuddObj.c
Resolving for y=1133
start of clauseDistribution function in cuddObj.c
Resolving for y=1137
start of clauseDistribution function in cuddObj.c
Resolving for y=1141
start of clauseDistribution function in cuddObj.c
Resolving for y=1145
start of clauseDistribution function in cuddObj.c
Resolving for y=387
start of clauseDistribution function in cuddObj.c
Resolving for y=388
start of clauseDistribution function in cuddObj.c
Resolving for y=390
start of clauseDistribution function in cuddObj.c
Resolving for y=135
start of clauseDistribution function in cuddObj.c
Resolving for y=139
start of clauseDistribution function in cuddObj.c
Resolving for y=143
start of clauseDistribution function in cuddObj.c
Resolving for y=147
start of clauseDistribution function in cuddObj.c
Resolving for y=151
start of clauseDistribution function in cuddObj.c
Resolving for y=155
start of clauseDistribution function in cuddObj.c
Resolving for y=159
start of clauseDistribution function in cuddObj.c
Resolving for y=133
start of clauseDistribution function in cuddObj.c
Resolving for y=137
start of clauseDistribution function in cuddObj.c
Resolving for y=163
start of clauseDistribution function in cuddObj.c
Resolving for y=141
start of clauseDistribution function in cuddObj.c
Resolving for y=145
start of clauseDistribution function in cuddObj.c
Resolving for y=167
start of clauseDistribution function in cuddObj.c
Resolving for y=149
start of clauseDistribution function in cuddObj.c
Resolving for y=153
start of clauseDistribution function in cuddObj.c
Resolving for y=171
start of clauseDistribution function in cuddObj.c
Resolving for y=157
start of clauseDistribution function in cuddObj.c
Resolving for y=161
start of clauseDistribution function in cuddObj.c
Resolving for y=175
start of clauseDistribution function in cuddObj.c
Resolving for y=165
start of clauseDistribution function in cuddObj.c
Resolving for y=169
start of clauseDistribution function in cuddObj.c
Resolving for y=179
start of clauseDistribution function in cuddObj.c
Resolving for y=173
start of clauseDistribution function in cuddObj.c
Resolving for y=177
start of clauseDistribution function in cuddObj.c
Resolving for y=183
start of clauseDistribution function in cuddObj.c
Resolving for y=181
start of clauseDistribution function in cuddObj.c
Resolving for y=185
start of clauseDistribution function in cuddObj.c
Resolving for y=187
start of clauseDistribution function in cuddObj.c
Resolving for y=189
start of clauseDistribution function in cuddObj.c
Resolving for y=191
start of clauseDistribution function in cuddObj.c
Resolving for y=193
start of clauseDistribution function in cuddObj.c
Resolving for y=231
start of clauseDistribution function in cuddObj.c
Resolving for y=235
start of clauseDistribution function in cuddObj.c
Resolving for y=239
start of clauseDistribution function in cuddObj.c
Resolving for y=243
start of clauseDistribution function in cuddObj.c
Resolving for y=221
start of clauseDistribution function in cuddObj.c
Resolving for y=219
start of clauseDistribution function in cuddObj.c
Resolving for y=217
start of clauseDistribution function in cuddObj.c
Resolving for y=213
start of clauseDistribution function in cuddObj.c
Resolving for y=209
start of clauseDistribution function in cuddObj.c
Resolving for y=205
start of clauseDistribution function in cuddObj.c
Resolving for y=215
start of clauseDistribution function in cuddObj.c
Resolving for y=207
start of clauseDistribution function in cuddObj.c
Resolving for y=211
start of clauseDistribution function in cuddObj.c
Resolving for y=247
start of clauseDistribution function in cuddObj.c
Resolving for y=225
start of clauseDistribution function in cuddObj.c
Resolving for y=223
start of clauseDistribution function in cuddObj.c
Resolving for y=227
start of clauseDistribution function in cuddObj.c
Resolving for y=251
start of clauseDistribution function in cuddObj.c
Resolving for y=229
start of clauseDistribution function in cuddObj.c
Resolving for y=201
start of clauseDistribution function in cuddObj.c
Resolving for y=203
start of clauseDistribution function in cuddObj.c
Resolving for y=237
start of clauseDistribution function in cuddObj.c
Resolving for y=255
start of clauseDistribution function in cuddObj.c
Resolving for y=233
start of clauseDistribution function in cuddObj.c
Resolving for y=253
start of clauseDistribution function in cuddObj.c
Resolving for y=249
start of clauseDistribution function in cuddObj.c
Resolving for y=245
start of clauseDistribution function in cuddObj.c
Resolving for y=241
start of clauseDistribution function in cuddObj.c
Resolving for y=197
start of clauseDistribution function in cuddObj.c
Resolving for y=199
start of clauseDistribution function in cuddObj.c
Resolving for y=195
start of clauseDistribution function in cuddObj.c
Resolving for y=454
start of clauseDistribution function in cuddObj.c
Resolving for y=510
start of clauseDistribution function in cuddObj.c
Resolving for y=452
start of clauseDistribution function in cuddObj.c
Resolving for y=508
start of clauseDistribution function in cuddObj.c
Resolving for y=450
start of clauseDistribution function in cuddObj.c
Resolving for y=506
start of clauseDistribution function in cuddObj.c
Resolving for y=448
start of clauseDistribution function in cuddObj.c
Resolving for y=504
start of clauseDistribution function in cuddObj.c
Resolving for y=446
start of clauseDistribution function in cuddObj.c
Resolving for y=502
start of clauseDistribution function in cuddObj.c
Resolving for y=444
start of clauseDistribution function in cuddObj.c
Resolving for y=500
start of clauseDistribution function in cuddObj.c
Resolving for y=442
start of clauseDistribution function in cuddObj.c
Resolving for y=498
start of clauseDistribution function in cuddObj.c
Resolving for y=440
start of clauseDistribution function in cuddObj.c
Resolving for y=496
start of clauseDistribution function in cuddObj.c
Resolving for y=438
start of clauseDistribution function in cuddObj.c
Resolving for y=494
start of clauseDistribution function in cuddObj.c
Resolving for y=436
start of clauseDistribution function in cuddObj.c
Resolving for y=492
start of clauseDistribution function in cuddObj.c
Resolving for y=434
start of clauseDistribution function in cuddObj.c
Resolving for y=490
start of clauseDistribution function in cuddObj.c
Resolving for y=432
start of clauseDistribution function in cuddObj.c
Resolving for y=488
start of clauseDistribution function in cuddObj.c
Resolving for y=430
start of clauseDistribution function in cuddObj.c
Resolving for y=486
start of clauseDistribution function in cuddObj.c
Resolving for y=428
start of clauseDistribution function in cuddObj.c
Resolving for y=484
start of clauseDistribution function in cuddObj.c
Resolving for y=426
start of clauseDistribution function in cuddObj.c
Resolving for y=482
start of clauseDistribution function in cuddObj.c
Resolving for y=424
start of clauseDistribution function in cuddObj.c
Resolving for y=480
start of clauseDistribution function in cuddObj.c
Resolving for y=422
start of clauseDistribution function in cuddObj.c
Resolving for y=478
start of clauseDistribution function in cuddObj.c
Resolving for y=420
start of clauseDistribution function in cuddObj.c
Resolving for y=476
start of clauseDistribution function in cuddObj.c
Resolving for y=418
start of clauseDistribution function in cuddObj.c
Resolving for y=474
start of clauseDistribution function in cuddObj.c
Resolving for y=416
start of clauseDistribution function in cuddObj.c
Resolving for y=472
start of clauseDistribution function in cuddObj.c
Resolving for y=414
start of clauseDistribution function in cuddObj.c
Resolving for y=470
start of clauseDistribution function in cuddObj.c
Resolving for y=412
start of clauseDistribution function in cuddObj.c
Resolving for y=468
start of clauseDistribution function in cuddObj.c
Resolving for y=410
start of clauseDistribution function in cuddObj.c
Resolving for y=466
start of clauseDistribution function in cuddObj.c
Resolving for y=408
start of clauseDistribution function in cuddObj.c
Resolving for y=464
start of clauseDistribution function in cuddObj.c
Resolving for y=406
start of clauseDistribution function in cuddObj.c
Resolving for y=462
start of clauseDistribution function in cuddObj.c
Resolving for y=404
start of clauseDistribution function in cuddObj.c
Resolving for y=460
start of clauseDistribution function in cuddObj.c
Resolving for y=402
start of clauseDistribution function in cuddObj.c
Resolving for y=458
start of clauseDistribution function in cuddObj.c
Resolving for y=400
start of clauseDistribution function in cuddObj.c
Resolving for y=456
start of clauseDistribution function in cuddObj.c
Resolving for y=398
start of clauseDistribution function in cuddObj.c
Resolving for y=396
start of clauseDistribution function in cuddObj.c
Resolving for y=394
start of clauseDistribution function in cuddObj.c
Resolving for y=392
start of clauseDistribution function in cuddObj.c
Resolving for y=895
start of clauseDistribution function in cuddObj.c
Resolving for y=893
start of clauseDistribution function in cuddObj.c
Resolving for y=891
start of clauseDistribution function in cuddObj.c
